<?xml version="1.0" encoding="UTF-8"?>
<robot generator="Robot 3.2.1 (Python 3.6.10 on linux)" generated="20200602 12:46:28.354" rpa="false">
<suite id="s1" name="MSO-LO-NFVO-Workflow" source="/home/thewall/Coding/5G-EVE/mso-lo/adaptation_layer/robotframework/MSO-LO-NFVO-Workflow.robot">
<test id="s1-t1" name="GET NFVO List">
<kw name="GET NFVO List" library="NFVOOperationKeywords">
<kw name="Log" library="BuiltIn">
<doc>Logs the given message with the given level.</doc>
<arguments>
<arg>Retrive NFVO list</arg>
</arguments>
<msg timestamp="20200602 12:46:31.306" level="INFO">Retrive NFVO list</msg>
<status status="PASS" starttime="20200602 12:46:31.306" endtime="20200602 12:46:31.306"></status>
</kw>
<kw name="Set Headers" library="REST">
<tags>
<tag>settings</tag>
</tags>
<doc>*Sets new request headers or updates the existing.*</doc>
<arguments>
<arg>{"Accept":"${ACCEPT}"}</arg>
</arguments>
<status status="PASS" starttime="20200602 12:46:31.307" endtime="20200602 12:46:31.307"></status>
</kw>
<kw name="Set Headers" library="REST">
<tags>
<tag>settings</tag>
</tags>
<doc>*Sets new request headers or updates the existing.*</doc>
<arguments>
<arg>{"Content-Type": "${CONTENT_TYPE}"}</arg>
</arguments>
<status status="PASS" starttime="20200602 12:46:31.307" endtime="20200602 12:46:31.307"></status>
</kw>
<kw name="Run Keyword If" library="BuiltIn">
<doc>Runs the given keyword with the given arguments, if ``condition`` is true.</doc>
<arguments>
<arg>${AUTH_USAGE} == 1</arg>
<arg>Set Headers</arg>
<arg>{"Authorization":"${AUTHORIZATION}"}</arg>
</arguments>
<kw name="Set Headers" library="REST">
<tags>
<tag>settings</tag>
</tags>
<doc>*Sets new request headers or updates the existing.*</doc>
<arguments>
<arg>{"Authorization":"${AUTHORIZATION}"}</arg>
</arguments>
<status status="PASS" starttime="20200602 12:46:31.308" endtime="20200602 12:46:31.308"></status>
</kw>
<status status="PASS" starttime="20200602 12:46:31.308" endtime="20200602 12:46:31.308"></status>
</kw>
<kw name="Get" library="REST">
<tags>
<tag>http</tag>
</tags>
<doc>*Sends a GET request to the endpoint.*</doc>
<arguments>
<arg>${apiRoot}</arg>
</arguments>
<status status="PASS" starttime="20200602 12:46:31.308" endtime="20200602 12:46:31.388"></status>
</kw>
<kw name="Output" library="REST">
<tags>
<tag>I/O</tag>
</tags>
<doc>*Outputs JSON to terminal or a file.*</doc>
<arguments>
<arg>response</arg>
</arguments>
<assign>
<var>${outputResponse}</var>
</assign>
<msg timestamp="20200602 12:46:31.388" level="INFO">
{
    "seconds": 0.057207,
    "status": 200,
    "body": [
        {
            "id": 2,
            "name": "onap-nice",
            "site": "FRANCE_NICE",
            "type": "ONAP"
        },
        {
            "id": 3,
            "name": "onap-paris",
            "site": "FRANCE_PARIS",
            "type": "ONAP"
        },
        {
            "id": 4,
            "name": "onap-rennes",
            "site": "FRANCE_RENNES",
            "type": "ONAP"
        },
        {
            "id": 5,
            "name": "osm-madrid",
            "site": "SPAIN_5TONIC",
            "type": "OSM"
        },
        {
            "id": 6,
            "name": "osm-athens-wings",
            "site": "GREECE_ATHENS",
            "type": "OSM"
        },
        {
            "id": 1,
            "name": "osm-turin-cnit",
            "site": "ITALY_TURIN",
            "type": "OSM"
        }
    ],
    "headers": {
        "Server": "nginx/1.17.10",
        "Date": "Tue, 02 Jun 2020 10:46:31 GMT",
        "Content-Type": "application/json",
        "Content-Length": "399",
        "Connection": "keep-alive"
    }
}</msg>
<msg timestamp="20200602 12:46:31.399" level="INFO">${outputResponse} = {'seconds': 0.057207, 'status': 200, 'body': [{'id': 2, 'name': 'onap-nice', 'site': 'FRANCE_NICE', 'type': 'ONAP'}, {'id': 3, 'name': 'onap-paris', 'site': 'FRANCE_PARIS', 'type': 'ONAP'}, {'id': 4, ...</msg>
<status status="PASS" starttime="20200602 12:46:31.388" endtime="20200602 12:46:31.399"></status>
</kw>
<kw name="Set Global Variable" library="BuiltIn">
<doc>Makes a variable available globally in all tests and suites.</doc>
<arguments>
<arg>@{response}</arg>
<arg>${outputResponse}</arg>
</arguments>
<msg timestamp="20200602 12:46:31.400" level="INFO">@{response} = [ {'seconds': 0.057207, 'status': 200, 'body': [{'id': 2, 'name': 'onap-nice', 'site': 'FRANCE_NICE', 'type': 'ONAP'}, {'id': 3, 'name': 'onap-paris', 'site': 'FRANCE_PARIS', 'type': 'ONAP'}, {'id': 4...</msg>
<status status="PASS" starttime="20200602 12:46:31.399" endtime="20200602 12:46:31.400"></status>
</kw>
<status status="PASS" starttime="20200602 12:46:31.306" endtime="20200602 12:46:31.401"></status>
</kw>
<kw name="Check HTTP Response Status Code Is" library="NSLCMOperationKeywords">
<arguments>
<arg>200</arg>
</arguments>
<kw name="Log" library="BuiltIn">
<doc>Logs the given message with the given level.</doc>
<arguments>
<arg>Validate Status code</arg>
</arguments>
<msg timestamp="20200602 12:46:31.402" level="INFO">Validate Status code</msg>
<status status="PASS" starttime="20200602 12:46:31.401" endtime="20200602 12:46:31.402"></status>
</kw>
<kw name="Should Be Equal As Strings" library="BuiltIn">
<doc>Fails if objects are unequal after converting them to strings.</doc>
<arguments>
<arg>${response[0]['status']}</arg>
<arg>${expected_status}</arg>
</arguments>
<msg timestamp="20200602 12:46:31.402" level="INFO">Argument types are:
&lt;class 'int'&gt;
&lt;type 'unicode'&gt;</msg>
<status status="PASS" starttime="20200602 12:46:31.402" endtime="20200602 12:46:31.403"></status>
</kw>
<kw name="Log" library="BuiltIn">
<doc>Logs the given message with the given level.</doc>
<arguments>
<arg>Status code validated</arg>
</arguments>
<msg timestamp="20200602 12:46:31.403" level="INFO">Status code validated</msg>
<status status="PASS" starttime="20200602 12:46:31.403" endtime="20200602 12:46:31.403"></status>
</kw>
<status status="PASS" starttime="20200602 12:46:31.401" endtime="20200602 12:46:31.403"></status>
</kw>
<kw name="Check HTTP Response Body Json Schema Is" library="NSLCMOperationKeywords">
<arguments>
<arg>${nfvo_list_schema}</arg>
</arguments>
<kw name="Validate" library="jsonschema">
<doc>Validate an instance under the given schema.</doc>
<arguments>
<arg>instance=${response[0]['body']}</arg>
<arg>schema=${input_schema}</arg>
</arguments>
<status status="PASS" starttime="20200602 12:46:31.404" endtime="20200602 12:46:31.407"></status>
</kw>
<kw name="Log" library="BuiltIn">
<doc>Logs the given message with the given level.</doc>
<arguments>
<arg>${response[0]['body']}</arg>
</arguments>
<msg timestamp="20200602 12:46:31.408" level="INFO">[{'id': 2, 'name': 'onap-nice', 'site': 'FRANCE_NICE', 'type': 'ONAP'}, {'id': 3, 'name': 'onap-paris', 'site': 'FRANCE_PARIS', 'type': 'ONAP'}, {'id': 4, 'name': 'onap-rennes', 'site': 'FRANCE_RENNES', 'type': 'ONAP'}, {'id': 5, 'name': 'osm-madrid', 'site': 'SPAIN_5TONIC', 'type': 'OSM'}, {'id': 6, 'name': 'osm-athens-wings', 'site': 'GREECE_ATHENS', 'type': 'OSM'}, {'id': 1, 'name': 'osm-turin-cnit', 'site': 'ITALY_TURIN', 'type': 'OSM'}]</msg>
<status status="PASS" starttime="20200602 12:46:31.408" endtime="20200602 12:46:31.408"></status>
</kw>
<kw name="Log" library="BuiltIn">
<doc>Logs the given message with the given level.</doc>
<arguments>
<arg>Json Schema Validation OK</arg>
</arguments>
<msg timestamp="20200602 12:46:31.409" level="INFO">Json Schema Validation OK</msg>
<status status="PASS" starttime="20200602 12:46:31.408" endtime="20200602 12:46:31.409"></status>
</kw>
<status status="PASS" starttime="20200602 12:46:31.403" endtime="20200602 12:46:31.409"></status>
</kw>
<doc>Test ID: mso-lo-test-
Test title: GET NFVO List
Test objective: The objective is to test the workflow for retriving the NFVO list
Pre-conditions: none
Post-Conditions: none</doc>
<status status="PASS" starttime="20200602 12:46:31.304" endtime="20200602 12:46:31.409" critical="yes"></status>
</test>
<test id="s1-t2" name="GET Individual NFVO informations">
<kw name="GET IndividualNFVO" library="NFVOOperationKeywords">
<kw name="Log" library="BuiltIn">
<doc>Logs the given message with the given level.</doc>
<arguments>
<arg>Retrive NFVO</arg>
</arguments>
<msg timestamp="20200602 12:46:31.412" level="INFO">Retrive NFVO</msg>
<status status="PASS" starttime="20200602 12:46:31.412" endtime="20200602 12:46:31.412"></status>
</kw>
<kw name="Set Headers" library="REST">
<tags>
<tag>settings</tag>
</tags>
<doc>*Sets new request headers or updates the existing.*</doc>
<arguments>
<arg>{"Accept":"${ACCEPT}"}</arg>
</arguments>
<status status="PASS" starttime="20200602 12:46:31.412" endtime="20200602 12:46:31.413"></status>
</kw>
<kw name="Set Headers" library="REST">
<tags>
<tag>settings</tag>
</tags>
<doc>*Sets new request headers or updates the existing.*</doc>
<arguments>
<arg>{"Content-Type": "${CONTENT_TYPE}"}</arg>
</arguments>
<status status="PASS" starttime="20200602 12:46:31.413" endtime="20200602 12:46:31.413"></status>
</kw>
<kw name="Run Keyword If" library="BuiltIn">
<doc>Runs the given keyword with the given arguments, if ``condition`` is true.</doc>
<arguments>
<arg>${AUTH_USAGE} == 1</arg>
<arg>Set Headers</arg>
<arg>{"Authorization":"${AUTHORIZATION}"}</arg>
</arguments>
<kw name="Set Headers" library="REST">
<tags>
<tag>settings</tag>
</tags>
<doc>*Sets new request headers or updates the existing.*</doc>
<arguments>
<arg>{"Authorization":"${AUTHORIZATION}"}</arg>
</arguments>
<status status="PASS" starttime="20200602 12:46:31.414" endtime="20200602 12:46:31.414"></status>
</kw>
<status status="PASS" starttime="20200602 12:46:31.413" endtime="20200602 12:46:31.414"></status>
</kw>
<kw name="Get" library="REST">
<tags>
<tag>http</tag>
</tags>
<doc>*Sends a GET request to the endpoint.*</doc>
<arguments>
<arg>${apiRoot}/${nfvoId}</arg>
</arguments>
<status status="PASS" starttime="20200602 12:46:31.415" endtime="20200602 12:46:31.435"></status>
</kw>
<kw name="Output" library="REST">
<tags>
<tag>I/O</tag>
</tags>
<doc>*Outputs JSON to terminal or a file.*</doc>
<arguments>
<arg>response</arg>
</arguments>
<assign>
<var>${outputResponse}</var>
</assign>
<msg timestamp="20200602 12:46:31.436" level="INFO">
{
    "seconds": 0.017358000000000002,
    "status": 200,
    "body": {
        "id": 1,
        "name": "osm-turin-cnit",
        "site": "ITALY_TURIN",
        "type": "OSM"
    },
    "headers": {
        "Server": "nginx/1.17.10",
        "Date": "Tue, 02 Jun 2020 10:46:31 GMT",
        "Content-Type": "application/json",
        "Content-Length": "67",
        "Connection": "keep-alive"
    }
}</msg>
<msg timestamp="20200602 12:46:31.437" level="INFO">${outputResponse} = {'seconds': 0.017358000000000002, 'status': 200, 'body': {'id': 1, 'name': 'osm-turin-cnit', 'site': 'ITALY_TURIN', 'type': 'OSM'}, 'headers': {'Server': 'nginx/1.17.10', 'Date': 'Tue, 02 Jun 2020 10:...</msg>
<status status="PASS" starttime="20200602 12:46:31.436" endtime="20200602 12:46:31.437"></status>
</kw>
<kw name="Set Global Variable" library="BuiltIn">
<doc>Makes a variable available globally in all tests and suites.</doc>
<arguments>
<arg>@{response}</arg>
<arg>${outputResponse}</arg>
</arguments>
<msg timestamp="20200602 12:46:31.438" level="INFO">@{response} = [ {'seconds': 0.017358000000000002, 'status': 200, 'body': {'id': 1, 'name': 'osm-turin-cnit', 'site': 'ITALY_TURIN', 'type': 'OSM'}, 'headers': {'Server': 'nginx/1.17.10', 'Date': 'Tue, 02 Jun 2020 1...</msg>
<status status="PASS" starttime="20200602 12:46:31.437" endtime="20200602 12:46:31.438"></status>
</kw>
<status status="PASS" starttime="20200602 12:46:31.411" endtime="20200602 12:46:31.439"></status>
</kw>
<kw name="Check HTTP Response Status Code Is" library="NSLCMOperationKeywords">
<arguments>
<arg>200</arg>
</arguments>
<kw name="Log" library="BuiltIn">
<doc>Logs the given message with the given level.</doc>
<arguments>
<arg>Validate Status code</arg>
</arguments>
<msg timestamp="20200602 12:46:31.440" level="INFO">Validate Status code</msg>
<status status="PASS" starttime="20200602 12:46:31.439" endtime="20200602 12:46:31.440"></status>
</kw>
<kw name="Should Be Equal As Strings" library="BuiltIn">
<doc>Fails if objects are unequal after converting them to strings.</doc>
<arguments>
<arg>${response[0]['status']}</arg>
<arg>${expected_status}</arg>
</arguments>
<msg timestamp="20200602 12:46:31.440" level="INFO">Argument types are:
&lt;class 'int'&gt;
&lt;type 'unicode'&gt;</msg>
<status status="PASS" starttime="20200602 12:46:31.440" endtime="20200602 12:46:31.441"></status>
</kw>
<kw name="Log" library="BuiltIn">
<doc>Logs the given message with the given level.</doc>
<arguments>
<arg>Status code validated</arg>
</arguments>
<msg timestamp="20200602 12:46:31.441" level="INFO">Status code validated</msg>
<status status="PASS" starttime="20200602 12:46:31.441" endtime="20200602 12:46:31.441"></status>
</kw>
<status status="PASS" starttime="20200602 12:46:31.439" endtime="20200602 12:46:31.441"></status>
</kw>
<kw name="Check HTTP Response Body Json Schema Is" library="NSLCMOperationKeywords">
<arguments>
<arg>${nfvo_schema}</arg>
</arguments>
<kw name="Validate" library="jsonschema">
<doc>Validate an instance under the given schema.</doc>
<arguments>
<arg>instance=${response[0]['body']}</arg>
<arg>schema=${input_schema}</arg>
</arguments>
<status status="PASS" starttime="20200602 12:46:31.442" endtime="20200602 12:46:31.444"></status>
</kw>
<kw name="Log" library="BuiltIn">
<doc>Logs the given message with the given level.</doc>
<arguments>
<arg>${response[0]['body']}</arg>
</arguments>
<msg timestamp="20200602 12:46:31.445" level="INFO">{'id': 1, 'name': 'osm-turin-cnit', 'site': 'ITALY_TURIN', 'type': 'OSM'}</msg>
<status status="PASS" starttime="20200602 12:46:31.444" endtime="20200602 12:46:31.445"></status>
</kw>
<kw name="Log" library="BuiltIn">
<doc>Logs the given message with the given level.</doc>
<arguments>
<arg>Json Schema Validation OK</arg>
</arguments>
<msg timestamp="20200602 12:46:31.445" level="INFO">Json Schema Validation OK</msg>
<status status="PASS" starttime="20200602 12:46:31.445" endtime="20200602 12:46:31.445"></status>
</kw>
<status status="PASS" starttime="20200602 12:46:31.442" endtime="20200602 12:46:31.445"></status>
</kw>
<doc>Test ID: mso-lo-test-
Test title: GET Individual NFVO informations
Test objective: The objective is to test the workflow for retriving the NFVO informations
Pre-conditions: none
Post-Conditions: none</doc>
<status status="PASS" starttime="20200602 12:46:31.410" endtime="20200602 12:46:31.446" critical="yes"></status>
</test>
<test id="s1-t3" name="GET Individual NFVO informations inexistent">
<kw name="GET IndividualNFVO inexistent" library="NFVOOperationKeywords">
<kw name="Log" library="BuiltIn">
<doc>Logs the given message with the given level.</doc>
<arguments>
<arg>Retrive NFVO</arg>
</arguments>
<msg timestamp="20200602 12:46:31.449" level="INFO">Retrive NFVO</msg>
<status status="PASS" starttime="20200602 12:46:31.449" endtime="20200602 12:46:31.449"></status>
</kw>
<kw name="Set Headers" library="REST">
<tags>
<tag>settings</tag>
</tags>
<doc>*Sets new request headers or updates the existing.*</doc>
<arguments>
<arg>{"Accept":"${ACCEPT}"}</arg>
</arguments>
<status status="PASS" starttime="20200602 12:46:31.450" endtime="20200602 12:46:31.450"></status>
</kw>
<kw name="Set Headers" library="REST">
<tags>
<tag>settings</tag>
</tags>
<doc>*Sets new request headers or updates the existing.*</doc>
<arguments>
<arg>{"Content-Type": "${CONTENT_TYPE}"}</arg>
</arguments>
<status status="PASS" starttime="20200602 12:46:31.450" endtime="20200602 12:46:31.451"></status>
</kw>
<kw name="Run Keyword If" library="BuiltIn">
<doc>Runs the given keyword with the given arguments, if ``condition`` is true.</doc>
<arguments>
<arg>${AUTH_USAGE} == 1</arg>
<arg>Set Headers</arg>
<arg>{"Authorization":"${AUTHORIZATION}"}</arg>
</arguments>
<kw name="Set Headers" library="REST">
<tags>
<tag>settings</tag>
</tags>
<doc>*Sets new request headers or updates the existing.*</doc>
<arguments>
<arg>{"Authorization":"${AUTHORIZATION}"}</arg>
</arguments>
<status status="PASS" starttime="20200602 12:46:31.452" endtime="20200602 12:46:31.452"></status>
</kw>
<status status="PASS" starttime="20200602 12:46:31.451" endtime="20200602 12:46:31.452"></status>
</kw>
<kw name="Get" library="REST">
<tags>
<tag>http</tag>
</tags>
<doc>*Sends a GET request to the endpoint.*</doc>
<arguments>
<arg>${apiRoot}/${nfvoIdinexistent}</arg>
</arguments>
<status status="PASS" starttime="20200602 12:46:31.453" endtime="20200602 12:46:31.470"></status>
</kw>
<kw name="Output" library="REST">
<tags>
<tag>I/O</tag>
</tags>
<doc>*Outputs JSON to terminal or a file.*</doc>
<arguments>
<arg>response</arg>
</arguments>
<assign>
<var>${outputResponse}</var>
</assign>
<msg timestamp="20200602 12:46:31.471" level="INFO">
{
    "seconds": 0.014,
    "status": 404,
    "body": {
        "error": "NFVO 80 not found."
    },
    "headers": {
        "Server": "nginx/1.17.10",
        "Date": "Tue, 02 Jun 2020 10:46:31 GMT",
        "Content-Type": "application/json",
        "Content-Length": "31",
        "Connection": "keep-alive"
    }
}</msg>
<msg timestamp="20200602 12:46:31.472" level="INFO">${outputResponse} = {'seconds': 0.014, 'status': 404, 'body': {'error': 'NFVO 80 not found.'}, 'headers': {'Server': 'nginx/1.17.10', 'Date': 'Tue, 02 Jun 2020 10:46:31 GMT', 'Content-Type': 'application/json', 'Content-...</msg>
<status status="PASS" starttime="20200602 12:46:31.471" endtime="20200602 12:46:31.472"></status>
</kw>
<kw name="Set Global Variable" library="BuiltIn">
<doc>Makes a variable available globally in all tests and suites.</doc>
<arguments>
<arg>@{response}</arg>
<arg>${outputResponse}</arg>
</arguments>
<msg timestamp="20200602 12:46:31.473" level="INFO">@{response} = [ {'seconds': 0.014, 'status': 404, 'body': {'error': 'NFVO 80 not found.'}, 'headers': {'Server': 'nginx/1.17.10', 'Date': 'Tue, 02 Jun 2020 10:46:31 GMT', 'Content-Type': 'application/json', 'Conten...</msg>
<status status="PASS" starttime="20200602 12:46:31.472" endtime="20200602 12:46:31.473"></status>
</kw>
<status status="PASS" starttime="20200602 12:46:31.448" endtime="20200602 12:46:31.474"></status>
</kw>
<kw name="Check HTTP Response Status Code Is" library="NSLCMOperationKeywords">
<arguments>
<arg>404</arg>
</arguments>
<kw name="Log" library="BuiltIn">
<doc>Logs the given message with the given level.</doc>
<arguments>
<arg>Validate Status code</arg>
</arguments>
<msg timestamp="20200602 12:46:31.475" level="INFO">Validate Status code</msg>
<status status="PASS" starttime="20200602 12:46:31.475" endtime="20200602 12:46:31.475"></status>
</kw>
<kw name="Should Be Equal As Strings" library="BuiltIn">
<doc>Fails if objects are unequal after converting them to strings.</doc>
<arguments>
<arg>${response[0]['status']}</arg>
<arg>${expected_status}</arg>
</arguments>
<msg timestamp="20200602 12:46:31.476" level="INFO">Argument types are:
&lt;class 'int'&gt;
&lt;type 'unicode'&gt;</msg>
<status status="PASS" starttime="20200602 12:46:31.475" endtime="20200602 12:46:31.476"></status>
</kw>
<kw name="Log" library="BuiltIn">
<doc>Logs the given message with the given level.</doc>
<arguments>
<arg>Status code validated</arg>
</arguments>
<msg timestamp="20200602 12:46:31.476" level="INFO">Status code validated</msg>
<status status="PASS" starttime="20200602 12:46:31.476" endtime="20200602 12:46:31.476"></status>
</kw>
<status status="PASS" starttime="20200602 12:46:31.474" endtime="20200602 12:46:31.477"></status>
</kw>
<doc>Test ID: mso-lo-test-
Test title: GET Individual NFVO informations inexistent
Test objective: The objective is to test the workflow for retriving the NFVO informations
Pre-conditions: none
Post-Conditions: none</doc>
<status status="PASS" starttime="20200602 12:46:31.446" endtime="20200602 12:46:31.477" critical="yes"></status>
</test>
<status status="PASS" starttime="20200602 12:46:28.356" endtime="20200602 12:46:31.478"></status>
</suite>
<statistics>
<total>
<stat pass="3" fail="0">Critical Tests</stat>
<stat pass="3" fail="0">All Tests</stat>
</total>
<tag>
</tag>
<suite>
<stat pass="3" fail="0" id="s1" name="MSO-LO-NFVO-Workflow">MSO-LO-NFVO-Workflow</stat>
</suite>
</statistics>
<errors>
</errors>
</robot>
