<?xml version="1.0" encoding="UTF-8"?>
<robot generator="Robot 3.2.1 (Python 3.6.9 on linux)" generated="20200610 11:45:31.268" rpa="false">
<suite id="s1" name="MSO-LO-LCM-Workflow &amp; MSO-LO-NFVO-Workflow">
<suite id="s1-s1" name="MSO-LO-LCM-Workflow" source="/home/ubuntu/mso-lo/adaptation_layer/robotframework/MSO-LO-LCM-Workflow.robot">
<test id="s1-s1-t1" name="POST NS Instance Creation">
<kw name="POST New nsInstance" library="NSLCMOperationKeywords">
<kw name="Log" library="BuiltIn">
<doc>Logs the given message with the given level.</doc>
<arguments>
<arg>Create NS instance by POST to ${apiRoot}/${nfvoId}/ns_instances</arg>
</arguments>
<msg timestamp="20200610 11:45:32.780" level="INFO">Create NS instance by POST to nfvo/2/ns_instances</msg>
<status status="PASS" starttime="20200610 11:45:32.780" endtime="20200610 11:45:32.780"></status>
</kw>
<kw name="Set Headers" library="REST">
<tags>
<tag>settings</tag>
</tags>
<doc>*Sets new request headers or updates the existing.*</doc>
<arguments>
<arg>{"Accept":"${ACCEPT}"}</arg>
</arguments>
<status status="PASS" starttime="20200610 11:45:32.780" endtime="20200610 11:45:32.780"></status>
</kw>
<kw name="Set Headers" library="REST">
<tags>
<tag>settings</tag>
</tags>
<doc>*Sets new request headers or updates the existing.*</doc>
<arguments>
<arg>{"Content-Type": "${CONTENT_TYPE}"}</arg>
</arguments>
<status status="PASS" starttime="20200610 11:45:32.780" endtime="20200610 11:45:32.780"></status>
</kw>
<kw name="Run Keyword If" library="BuiltIn">
<doc>Runs the given keyword with the given arguments, if ``condition`` is true.</doc>
<arguments>
<arg>${AUTH_USAGE} == 1</arg>
<arg>Set Headers</arg>
<arg>{"Authorization":"${AUTHORIZATION}"}</arg>
</arguments>
<status status="PASS" starttime="20200610 11:45:32.781" endtime="20200610 11:45:32.781"></status>
</kw>
<kw name="Load JSON From File" library="JSONLibrary">
<doc>Load JSON from file.</doc>
<arguments>
<arg>jsons/CreateNsRequest.json</arg>
</arguments>
<assign>
<var>${body}</var>
</assign>
<msg timestamp="20200610 11:45:32.800" level="INFO">${body} = {'nsdId': '', 'nsName': 'robot_ns_test', 'nsDescription': 'Ns robotframework test'}</msg>
<status status="PASS" starttime="20200610 11:45:32.781" endtime="20200610 11:45:32.800"></status>
</kw>
<kw name="Update Value To Json" library="JSONLibrary">
<doc>Update value to JSON using JSONPath</doc>
<arguments>
<arg>${body}</arg>
<arg>$.nsdId</arg>
<arg>${nsdId}</arg>
</arguments>
<assign>
<var>${body}</var>
</assign>
<msg timestamp="20200610 11:45:32.818" level="INFO">${body} = {'nsdId': '19065f88-108f-4a15-902d-0c120c4f1e75', 'nsName': 'robot_ns_test', 'nsDescription': 'Ns robotframework test'}</msg>
<status status="PASS" starttime="20200610 11:45:32.800" endtime="20200610 11:45:32.818"></status>
</kw>
<kw name="Post" library="REST">
<tags>
<tag>http</tag>
</tags>
<doc>*Sends a POST request to the endpoint.*</doc>
<arguments>
<arg>${apiRoot}/${nfvoId}/ns_instances</arg>
<arg>${body}</arg>
</arguments>
<status status="PASS" starttime="20200610 11:45:32.819" endtime="20200610 11:45:36.098"></status>
</kw>
<kw name="Output" library="REST">
<tags>
<tag>I/O</tag>
</tags>
<doc>*Outputs JSON to terminal or a file.*</doc>
<arguments>
<arg>response</arg>
</arguments>
<assign>
<var>${outputResponse}</var>
</assign>
<msg timestamp="20200610 11:45:36.099" level="INFO">
{
    "seconds": 0.268867,
    "status": 201,
    "body": {
        "id": "d4fac550-c84d-446e-9f1f-abfc7f19c00f",
        "nsInstanceDescription": "Ns robotframework test",
        "nsInstanceName": "robot_ns_test",
        "nsState": "NOT_INSTANTIATED",
        "nsdId": "19065f88-108f-4a15-902d-0c120c4f1e75",
        "vnfInstance": [
            {
                "id": "null",
                "instantiationState": "NOT_INSTANTIATED",
                "vimId": "1f6284684eb44ae79a0a5677e12da7eb",
                "vnfProductName": "wefcp_VF",
                "vnfdId": "140e8e4b-eaca-40f5-b9bd-ee84cd61ad76"
            }
        ]
    },
    "headers": {
        "Server": "nginx/1.17.10",
        "Date": "Wed, 10 Jun 2020 11:45:36 GMT",
        "Content-Type": "application/json",
        "Content-Length": "393",
        "Connection": "keep-alive",
        "Location": "http://10.192.133.39/nfvo/2/ns_instances/d4fac550-c84d-446e-9f1f-abfc7f19c00f"
    }
}</msg>
<msg timestamp="20200610 11:45:36.106" level="INFO">${outputResponse} = {'seconds': 0.268867, 'status': 201, 'body': {'id': 'd4fac550-c84d-446e-9f1f-abfc7f19c00f', 'nsInstanceDescription': 'Ns robotframework test', 'nsInstanceName': 'robot_ns_test', 'nsState': 'NOT_INSTAN...</msg>
<status status="PASS" starttime="20200610 11:45:36.099" endtime="20200610 11:45:36.106"></status>
</kw>
<kw name="Set Global Variable" library="BuiltIn">
<doc>Makes a variable available globally in all tests and suites.</doc>
<arguments>
<arg>@{response}</arg>
<arg>${outputResponse}</arg>
</arguments>
<msg timestamp="20200610 11:45:36.107" level="INFO">@{response} = [ {'seconds': 0.268867, 'status': 201, 'body': {'id': 'd4fac550-c84d-446e-9f1f-abfc7f19c00f', 'nsInstanceDescription': 'Ns robotframework test', 'nsInstanceName': 'robot_ns_test', 'nsState': 'NOT_INST...</msg>
<status status="PASS" starttime="20200610 11:45:36.106" endtime="20200610 11:45:36.107"></status>
</kw>
<status status="PASS" starttime="20200610 11:45:32.779" endtime="20200610 11:45:36.107"></status>
</kw>
<kw name="Check HTTP Response Status Code Is" library="NSLCMOperationKeywords">
<arguments>
<arg>201</arg>
</arguments>
<kw name="Log" library="BuiltIn">
<doc>Logs the given message with the given level.</doc>
<arguments>
<arg>Validate Status code</arg>
</arguments>
<msg timestamp="20200610 11:45:36.108" level="INFO">Validate Status code</msg>
<status status="PASS" starttime="20200610 11:45:36.107" endtime="20200610 11:45:36.108"></status>
</kw>
<kw name="Should Be Equal As Strings" library="BuiltIn">
<doc>Fails if objects are unequal after converting them to strings.</doc>
<arguments>
<arg>${response[0]['status']}</arg>
<arg>${expected_status}</arg>
</arguments>
<msg timestamp="20200610 11:45:36.108" level="INFO">Argument types are:
&lt;class 'int'&gt;
&lt;type 'unicode'&gt;</msg>
<status status="PASS" starttime="20200610 11:45:36.108" endtime="20200610 11:45:36.108"></status>
</kw>
<kw name="Log" library="BuiltIn">
<doc>Logs the given message with the given level.</doc>
<arguments>
<arg>Status code validated</arg>
</arguments>
<msg timestamp="20200610 11:45:36.108" level="INFO">Status code validated</msg>
<status status="PASS" starttime="20200610 11:45:36.108" endtime="20200610 11:45:36.108"></status>
</kw>
<status status="PASS" starttime="20200610 11:45:36.107" endtime="20200610 11:45:36.108"></status>
</kw>
<kw name="Check HTTP Response Header Contains" library="NSLCMOperationKeywords">
<arguments>
<arg>Location</arg>
</arguments>
<kw name="Should Contain" library="BuiltIn">
<doc>Fails if ``container`` does not contain ``item`` one or more times.</doc>
<arguments>
<arg>${response[0]['headers']}</arg>
<arg>${HEADER_TOCHECK}</arg>
</arguments>
<status status="PASS" starttime="20200610 11:45:36.109" endtime="20200610 11:45:36.109"></status>
</kw>
<kw name="Log" library="BuiltIn">
<doc>Logs the given message with the given level.</doc>
<arguments>
<arg>Header is present</arg>
</arguments>
<msg timestamp="20200610 11:45:36.109" level="INFO">Header is present</msg>
<status status="PASS" starttime="20200610 11:45:36.109" endtime="20200610 11:45:36.109"></status>
</kw>
<status status="PASS" starttime="20200610 11:45:36.109" endtime="20200610 11:45:36.109"></status>
</kw>
<kw name="Check HTTP Response Body Json Schema Is" library="NSLCMOperationKeywords">
<arguments>
<arg>${ns_schema}</arg>
</arguments>
<kw name="Validate" library="jsonschema">
<doc>Validate an instance under the given schema.</doc>
<arguments>
<arg>instance=${response[0]['body']}</arg>
<arg>schema=${input_schema}</arg>
</arguments>
<status status="PASS" starttime="20200610 11:45:36.110" endtime="20200610 11:45:36.112"></status>
</kw>
<kw name="Log" library="BuiltIn">
<doc>Logs the given message with the given level.</doc>
<arguments>
<arg>${response[0]['body']}</arg>
</arguments>
<msg timestamp="20200610 11:45:36.113" level="INFO">{'id': 'd4fac550-c84d-446e-9f1f-abfc7f19c00f', 'nsInstanceDescription': 'Ns robotframework test', 'nsInstanceName': 'robot_ns_test', 'nsState': 'NOT_INSTANTIATED', 'nsdId': '19065f88-108f-4a15-902d-0c120c4f1e75', 'vnfInstance': [{'id': 'null', 'instantiationState': 'NOT_INSTANTIATED', 'vimId': '1f6284684eb44ae79a0a5677e12da7eb', 'vnfProductName': 'wefcp_VF', 'vnfdId': '140e8e4b-eaca-40f5-b9bd-ee84cd61ad76'}]}</msg>
<status status="PASS" starttime="20200610 11:45:36.112" endtime="20200610 11:45:36.113"></status>
</kw>
<kw name="Log" library="BuiltIn">
<doc>Logs the given message with the given level.</doc>
<arguments>
<arg>Json Schema Validation OK</arg>
</arguments>
<msg timestamp="20200610 11:45:36.113" level="INFO">Json Schema Validation OK</msg>
<status status="PASS" starttime="20200610 11:45:36.113" endtime="20200610 11:45:36.113"></status>
</kw>
<status status="PASS" starttime="20200610 11:45:36.110" endtime="20200610 11:45:36.113"></status>
</kw>
<kw name="Check NS Id" library="NSLCMOperationKeywords">
<kw name="Set Global Variable" library="BuiltIn">
<doc>Makes a variable available globally in all tests and suites.</doc>
<arguments>
<arg>${nsInstanceId}</arg>
<arg>${response[0]['body']['id']}</arg>
</arguments>
<msg timestamp="20200610 11:45:36.114" level="INFO">${nsInstanceId} = d4fac550-c84d-446e-9f1f-abfc7f19c00f</msg>
<status status="PASS" starttime="20200610 11:45:36.113" endtime="20200610 11:45:36.114"></status>
</kw>
<kw name="Should Not Be Empty" library="BuiltIn">
<doc>Verifies that the given item is not empty.</doc>
<arguments>
<arg>${nsInstanceId}</arg>
</arguments>
<msg timestamp="20200610 11:45:36.114" level="INFO">Length is 36</msg>
<status status="PASS" starttime="20200610 11:45:36.114" endtime="20200610 11:45:36.114"></status>
</kw>
<status status="PASS" starttime="20200610 11:45:36.113" endtime="20200610 11:45:36.114"></status>
</kw>
<kw name="Check VNF Ids" library="NSLCMOperationKeywords">
<kw name="Set Variable" library="BuiltIn">
<doc>Returns the given values which can then be assigned to a variables.</doc>
<arguments>
<arg>${response[0]['body']['vnfInstance']}</arg>
</arguments>
<assign>
<var>${vnfInstances}</var>
</assign>
<msg timestamp="20200610 11:45:36.115" level="INFO">${vnfInstances} = [{'id': 'null', 'instantiationState': 'NOT_INSTANTIATED', 'vimId': '1f6284684eb44ae79a0a5677e12da7eb', 'vnfProductName': 'wefcp_VF', 'vnfdId': '140e8e4b-eaca-40f5-b9bd-ee84cd61ad76'}]</msg>
<status status="PASS" starttime="20200610 11:45:36.115" endtime="20200610 11:45:36.115"></status>
</kw>
<kw name="Evaluate" library="BuiltIn">
<doc>Evaluates the given expression in Python and returns the result.</doc>
<arguments>
<arg>[v['id'] for v in ${vnfInstances}]</arg>
</arguments>
<assign>
<var>${vnfInstances}</var>
</assign>
<msg timestamp="20200610 11:45:36.115" level="INFO">${vnfInstances} = ['null']</msg>
<status status="PASS" starttime="20200610 11:45:36.115" endtime="20200610 11:45:36.115"></status>
</kw>
<kw name="Set Global Variable" library="BuiltIn">
<doc>Makes a variable available globally in all tests and suites.</doc>
<arguments>
<arg>${vnfInstanceIds}</arg>
<arg>${vnfInstances}</arg>
</arguments>
<msg timestamp="20200610 11:45:36.116" level="INFO">${vnfInstanceIds} = ['null']</msg>
<status status="PASS" starttime="20200610 11:45:36.115" endtime="20200610 11:45:36.116"></status>
</kw>
<kw name="Log" library="BuiltIn">
<doc>Logs the given message with the given level.</doc>
<arguments>
<arg>${vnfInstances}</arg>
</arguments>
<msg timestamp="20200610 11:45:36.116" level="INFO">['null']</msg>
<status status="PASS" starttime="20200610 11:45:36.116" endtime="20200610 11:45:36.116"></status>
</kw>
<kw name="Should Not Be Empty" library="BuiltIn">
<doc>Verifies that the given item is not empty.</doc>
<arguments>
<arg>${vnfInstanceIds}</arg>
</arguments>
<msg timestamp="20200610 11:45:36.116" level="INFO">Length is 1</msg>
<status status="PASS" starttime="20200610 11:45:36.116" endtime="20200610 11:45:36.116"></status>
</kw>
<status status="PASS" starttime="20200610 11:45:36.114" endtime="20200610 11:45:36.116"></status>
</kw>
<kw name="Check resource not_instantiated" library="NSLCMOperationKeywords">
<kw name="Set Headers" library="REST">
<tags>
<tag>settings</tag>
</tags>
<doc>*Sets new request headers or updates the existing.*</doc>
<arguments>
<arg>{"Accept":"${ACCEPT}"}</arg>
</arguments>
<status status="PASS" starttime="20200610 11:45:36.117" endtime="20200610 11:45:36.117"></status>
</kw>
<kw name="Set Headers" library="REST">
<tags>
<tag>settings</tag>
</tags>
<doc>*Sets new request headers or updates the existing.*</doc>
<arguments>
<arg>{"Content-Type": "${CONTENT_TYPE}"}</arg>
</arguments>
<status status="PASS" starttime="20200610 11:45:36.117" endtime="20200610 11:45:36.117"></status>
</kw>
<kw name="Run Keyword If" library="BuiltIn">
<doc>Runs the given keyword with the given arguments, if ``condition`` is true.</doc>
<arguments>
<arg>${AUTH_USAGE} == 1</arg>
<arg>Set Headers</arg>
<arg>{"Authorization":"${AUTHORIZATION}"}</arg>
</arguments>
<status status="PASS" starttime="20200610 11:45:36.117" endtime="20200610 11:45:36.118"></status>
</kw>
<kw name="Get" library="REST">
<tags>
<tag>http</tag>
</tags>
<doc>*Sends a GET request to the endpoint.*</doc>
<arguments>
<arg>${apiRoot}/${nfvoId}/ns_instances/${nsInstanceId}</arg>
</arguments>
<status status="PASS" starttime="20200610 11:45:36.118" endtime="20200610 11:45:36.138"></status>
</kw>
<kw name="String" library="REST">
<tags>
<tag>assertions</tag>
</tags>
<doc>*Asserts the field as JSON string.*</doc>
<arguments>
<arg>response body nsState</arg>
<arg>NOT_INSTANTIATED</arg>
</arguments>
<status status="PASS" starttime="20200610 11:45:36.138" endtime="20200610 11:45:36.138"></status>
</kw>
<status status="PASS" starttime="20200610 11:45:36.117" endtime="20200610 11:45:36.139"></status>
</kw>
<kw name="POST New Subscription Good" library="NSLCMOperationKeywords">
<kw name="Log" library="BuiltIn">
<doc>Logs the given message with the given level.</doc>
<arguments>
<arg>Create subscription instance by POST to ${apiRoot}/${nfvoId}/subscriptions</arg>
</arguments>
<msg timestamp="20200610 11:45:36.139" level="INFO">Create subscription instance by POST to nfvo/2/subscriptions</msg>
<status status="PASS" starttime="20200610 11:45:36.139" endtime="20200610 11:45:36.139"></status>
</kw>
<kw name="Set Headers" library="REST">
<tags>
<tag>settings</tag>
</tags>
<doc>*Sets new request headers or updates the existing.*</doc>
<arguments>
<arg>{"Accept":"${ACCEPT}"}</arg>
</arguments>
<status status="PASS" starttime="20200610 11:45:36.139" endtime="20200610 11:45:36.140"></status>
</kw>
<kw name="Set Headers" library="REST">
<tags>
<tag>settings</tag>
</tags>
<doc>*Sets new request headers or updates the existing.*</doc>
<arguments>
<arg>{"Content-Type": "${CONTENT_TYPE}"}</arg>
</arguments>
<status status="PASS" starttime="20200610 11:45:36.140" endtime="20200610 11:45:36.140"></status>
</kw>
<kw name="Run Keyword If" library="BuiltIn">
<doc>Runs the given keyword with the given arguments, if ``condition`` is true.</doc>
<arguments>
<arg>${AUTH_USAGE} == 1</arg>
<arg>Set Headers</arg>
<arg>{"Authorization":"${AUTHORIZATION}"}</arg>
</arguments>
<status status="PASS" starttime="20200610 11:45:36.140" endtime="20200610 11:45:36.140"></status>
</kw>
<kw name="Load JSON From File" library="JSONLibrary">
<doc>Load JSON from file.</doc>
<arguments>
<arg>jsons/LccnSubscriptionRequest.json</arg>
</arguments>
<assign>
<var>${body}</var>
</assign>
<msg timestamp="20200610 11:45:36.140" level="INFO">${body} = {'callbackUri': 'http://localhost:9097/', 'nsInstanceId': '45f95003-4dd1-4e20-87cf-4373c9f4e946', 'notificationTypes': ['NsLcmOperationOccurrenceNotification', 'NsIdentifierDeletionNotification', 'NsI...</msg>
<status status="PASS" starttime="20200610 11:45:36.140" endtime="20200610 11:45:36.140"></status>
</kw>
<kw name="Update Value To Json" library="JSONLibrary">
<doc>Update value to JSON using JSONPath</doc>
<arguments>
<arg>${body}</arg>
<arg>$.nsInstanceId</arg>
<arg>${nsInstanceId}</arg>
</arguments>
<assign>
<var>${body}</var>
</assign>
<msg timestamp="20200610 11:45:36.157" level="INFO">${body} = {'callbackUri': 'http://localhost:9097/', 'nsInstanceId': 'd4fac550-c84d-446e-9f1f-abfc7f19c00f', 'notificationTypes': ['NsLcmOperationOccurrenceNotification', 'NsIdentifierDeletionNotification', 'NsI...</msg>
<status status="PASS" starttime="20200610 11:45:36.141" endtime="20200610 11:45:36.157"></status>
</kw>
<kw name="Update Value To Json" library="JSONLibrary">
<doc>Update value to JSON using JSONPath</doc>
<arguments>
<arg>${body}</arg>
<arg>$.callbackUri</arg>
<arg>${notificationUri}</arg>
</arguments>
<assign>
<var>${body}</var>
</assign>
<msg timestamp="20200610 11:45:36.172" level="INFO">${body} = {'callbackUri': 'http://10.192.133.39:8081/', 'nsInstanceId': 'd4fac550-c84d-446e-9f1f-abfc7f19c00f', 'notificationTypes': ['NsLcmOperationOccurrenceNotification', 'NsIdentifierDeletionNotification', ...</msg>
<status status="PASS" starttime="20200610 11:45:36.157" endtime="20200610 11:45:36.172"></status>
</kw>
<kw name="Post" library="REST">
<tags>
<tag>http</tag>
</tags>
<doc>*Sends a POST request to the endpoint.*</doc>
<arguments>
<arg>${apiRoot}/${nfvoId}/subscriptions</arg>
<arg>${body}</arg>
</arguments>
<status status="PASS" starttime="20200610 11:45:36.172" endtime="20200610 11:45:36.203"></status>
</kw>
<kw name="Output" library="REST">
<tags>
<tag>I/O</tag>
</tags>
<doc>*Outputs JSON to terminal or a file.*</doc>
<arguments>
<arg>response</arg>
</arguments>
<assign>
<var>${outputResponse}</var>
</assign>
<msg timestamp="20200610 11:45:36.203" level="INFO">
{
    "seconds": 0.029157,
    "status": 201,
    "body": {
        "_links": {
            "lccnSubscription": {
                "href": "http://10.192.133.39:8087/subscriptions/2"
            },
            "nfvOrchestrators": {
                "href": "http://10.192.133.39:8087/subscriptions/2/nfvOrchestrators"
            },
            "self": {
                "href": "http://10.192.133.39:8087/subscriptions/2"
            }
        },
        "callbackUri": "http://10.192.133.39:8081/",
        "id": 2,
        "notificationTypes": [
            "NsLcmOperationOccurrenceNotification",
            "NsIdentifierDeletionNotification",
            "NsIdentifierCreationNotification"
        ],
        "nsInstanceId": "d4fac550-c84d-446e-9f1f-abfc7f19c00f"
    },
    "headers": {
        "Server": "nginx/1.17.10",
        "Date": "Wed, 10 Jun 2020 11:45:36 GMT",
        "Content-Type": "application/json",
        "Content-Length": "469",
        "Connection": "keep-alive"
    }
}</msg>
<msg timestamp="20200610 11:45:36.211" level="INFO">${outputResponse} = {'seconds': 0.029157, 'status': 201, 'body': {'_links': {'lccnSubscription': {'href': 'http://10.192.133.39:8087/subscriptions/2'}, 'nfvOrchestrators': {'href': 'http://10.192.133.39:8087/subscription...</msg>
<status status="PASS" starttime="20200610 11:45:36.203" endtime="20200610 11:45:36.211"></status>
</kw>
<kw name="Set Global Variable" library="BuiltIn">
<doc>Makes a variable available globally in all tests and suites.</doc>
<arguments>
<arg>@{response}</arg>
<arg>${outputResponse}</arg>
</arguments>
<msg timestamp="20200610 11:45:36.212" level="INFO">@{response} = [ {'seconds': 0.029157, 'status': 201, 'body': {'_links': {'lccnSubscription': {'href': 'http://10.192.133.39:8087/subscriptions/2'}, 'nfvOrchestrators': {'href': 'http://10.192.133.39:8087/subscripti...</msg>
<status status="PASS" starttime="20200610 11:45:36.211" endtime="20200610 11:45:36.212"></status>
</kw>
<status status="PASS" starttime="20200610 11:45:36.139" endtime="20200610 11:45:36.212"></status>
</kw>
<kw name="Check Sub Id" library="NSLCMOperationKeywords">
<kw name="Set Global Variable" library="BuiltIn">
<doc>Makes a variable available globally in all tests and suites.</doc>
<arguments>
<arg>${subscriptionId}</arg>
<arg>${response[0]['body']['id']}</arg>
</arguments>
<msg timestamp="20200610 11:45:36.213" level="INFO">${subscriptionId} = 2</msg>
<status status="PASS" starttime="20200610 11:45:36.212" endtime="20200610 11:45:36.213"></status>
</kw>
<status status="PASS" starttime="20200610 11:45:36.212" endtime="20200610 11:45:36.213"></status>
</kw>
<doc>Test ID: mso-lo-test-3.2
Test title: POST NS Instance Creation
Test objective: The objective is to test the workflow for Creating a NS instance
Pre-conditions: none
Post-Conditions: The NS lifecycle management operation occurrence is in NOT_ISTANTIATED state</doc>
<tags>
<tag>instantiate-terminate-workflow</tag>
</tags>
<status status="PASS" starttime="20200610 11:45:32.778" endtime="20200610 11:45:36.215" critical="yes"></status>
</test>
<test id="s1-s1-t2" name="GET NS Instance List">
<kw name="GET NsInstances" library="NSLCMOperationKeywords">
<kw name="Log" library="BuiltIn">
<doc>Logs the given message with the given level.</doc>
<arguments>
<arg>Query NS The GET method queries information about multiple NS instances.</arg>
</arguments>
<msg timestamp="20200610 11:45:36.216" level="INFO">Query NS The GET method queries information about multiple NS instances.</msg>
<status status="PASS" starttime="20200610 11:45:36.216" endtime="20200610 11:45:36.216"></status>
</kw>
<kw name="Set Headers" library="REST">
<tags>
<tag>settings</tag>
</tags>
<doc>*Sets new request headers or updates the existing.*</doc>
<arguments>
<arg>{"Accept":"${ACCEPT}"}</arg>
</arguments>
<status status="PASS" starttime="20200610 11:45:36.216" endtime="20200610 11:45:36.217"></status>
</kw>
<kw name="Set Headers" library="REST">
<tags>
<tag>settings</tag>
</tags>
<doc>*Sets new request headers or updates the existing.*</doc>
<arguments>
<arg>{"Content-Type": "${CONTENT_TYPE}"}</arg>
</arguments>
<status status="PASS" starttime="20200610 11:45:36.217" endtime="20200610 11:45:36.217"></status>
</kw>
<kw name="Run Keyword If" library="BuiltIn">
<doc>Runs the given keyword with the given arguments, if ``condition`` is true.</doc>
<arguments>
<arg>${AUTH_USAGE} == 1</arg>
<arg>Set Headers</arg>
<arg>{"Authorization":"${AUTHORIZATION}"}</arg>
</arguments>
<status status="PASS" starttime="20200610 11:45:36.217" endtime="20200610 11:45:36.217"></status>
</kw>
<kw name="Get" library="REST">
<tags>
<tag>http</tag>
</tags>
<doc>*Sends a GET request to the endpoint.*</doc>
<arguments>
<arg>${apiRoot}/${nfvoId}/ns_instances</arg>
</arguments>
<status status="PASS" starttime="20200610 11:45:36.217" endtime="20200610 11:45:36.235"></status>
</kw>
<kw name="Output" library="REST">
<tags>
<tag>I/O</tag>
</tags>
<doc>*Outputs JSON to terminal or a file.*</doc>
<arguments>
<arg>response</arg>
</arguments>
<assign>
<var>${outputResponse}</var>
</assign>
<msg timestamp="20200610 11:45:36.236" level="INFO">
{
    "seconds": 0.016885999999999998,
    "status": 200,
    "body": [
        {
            "id": "d4fac550-c84d-446e-9f1f-abfc7f19c00f",
            "nsInstanceDescription": "Ns robotframework test",
            "nsInstanceName": "robot_ns_test",
            "nsState": "NOT_INSTANTIATED",
            "nsdId": "19065f88-108f-4a15-902d-0c120c4f1e75",
            "vnfInstance": [
                {
                    "id": "null",
                    "instantiationState": "NOT_INSTANTIATED",
                    "vimId": "1f6284684eb44ae79a0a5677e12da7eb",
                    "vnfProductName": "wefcp_VF",
                    "vnfdId": "140e8e4b-eaca-40f5-b9bd-ee84cd61ad76"
                }
            ]
        }
    ],
    "headers": {
        "Server": "nginx/1.17.10",
        "Date": "Wed, 10 Jun 2020 11:45:36 GMT",
        "Content-Type": "application/json",
        "Content-Length": "395",
        "Connection": "keep-alive"
    }
}</msg>
<msg timestamp="20200610 11:45:36.240" level="INFO">${outputResponse} = {'seconds': 0.016885999999999998, 'status': 200, 'body': [{'id': 'd4fac550-c84d-446e-9f1f-abfc7f19c00f', 'nsInstanceDescription': 'Ns robotframework test', 'nsInstanceName': 'robot_ns_test', 'nsState'...</msg>
<status status="PASS" starttime="20200610 11:45:36.236" endtime="20200610 11:45:36.240"></status>
</kw>
<kw name="Set Global Variable" library="BuiltIn">
<doc>Makes a variable available globally in all tests and suites.</doc>
<arguments>
<arg>@{response}</arg>
<arg>${outputResponse}</arg>
</arguments>
<msg timestamp="20200610 11:45:36.241" level="INFO">@{response} = [ {'seconds': 0.016885999999999998, 'status': 200, 'body': [{'id': 'd4fac550-c84d-446e-9f1f-abfc7f19c00f', 'nsInstanceDescription': 'Ns robotframework test', 'nsInstanceName': 'robot_ns_test', 'nsStat...</msg>
<status status="PASS" starttime="20200610 11:45:36.240" endtime="20200610 11:45:36.241"></status>
</kw>
<status status="PASS" starttime="20200610 11:45:36.216" endtime="20200610 11:45:36.241"></status>
</kw>
<kw name="Check HTTP Response Status Code Is" library="NSLCMOperationKeywords">
<arguments>
<arg>200</arg>
</arguments>
<kw name="Log" library="BuiltIn">
<doc>Logs the given message with the given level.</doc>
<arguments>
<arg>Validate Status code</arg>
</arguments>
<msg timestamp="20200610 11:45:36.243" level="INFO">Validate Status code</msg>
<status status="PASS" starttime="20200610 11:45:36.243" endtime="20200610 11:45:36.243"></status>
</kw>
<kw name="Should Be Equal As Strings" library="BuiltIn">
<doc>Fails if objects are unequal after converting them to strings.</doc>
<arguments>
<arg>${response[0]['status']}</arg>
<arg>${expected_status}</arg>
</arguments>
<msg timestamp="20200610 11:45:36.243" level="INFO">Argument types are:
&lt;class 'int'&gt;
&lt;type 'unicode'&gt;</msg>
<status status="PASS" starttime="20200610 11:45:36.243" endtime="20200610 11:45:36.243"></status>
</kw>
<kw name="Log" library="BuiltIn">
<doc>Logs the given message with the given level.</doc>
<arguments>
<arg>Status code validated</arg>
</arguments>
<msg timestamp="20200610 11:45:36.243" level="INFO">Status code validated</msg>
<status status="PASS" starttime="20200610 11:45:36.243" endtime="20200610 11:45:36.243"></status>
</kw>
<status status="PASS" starttime="20200610 11:45:36.242" endtime="20200610 11:45:36.244"></status>
</kw>
<kw name="Check HTTP Response Body Json Schema Is" library="NSLCMOperationKeywords">
<arguments>
<arg>${ns_list_schema}</arg>
</arguments>
<kw name="Validate" library="jsonschema">
<doc>Validate an instance under the given schema.</doc>
<arguments>
<arg>instance=${response[0]['body']}</arg>
<arg>schema=${input_schema}</arg>
</arguments>
<status status="PASS" starttime="20200610 11:45:36.244" endtime="20200610 11:45:36.246"></status>
</kw>
<kw name="Log" library="BuiltIn">
<doc>Logs the given message with the given level.</doc>
<arguments>
<arg>${response[0]['body']}</arg>
</arguments>
<msg timestamp="20200610 11:45:36.247" level="INFO">[{'id': 'd4fac550-c84d-446e-9f1f-abfc7f19c00f', 'nsInstanceDescription': 'Ns robotframework test', 'nsInstanceName': 'robot_ns_test', 'nsState': 'NOT_INSTANTIATED', 'nsdId': '19065f88-108f-4a15-902d-0c120c4f1e75', 'vnfInstance': [{'id': 'null', 'instantiationState': 'NOT_INSTANTIATED', 'vimId': '1f6284684eb44ae79a0a5677e12da7eb', 'vnfProductName': 'wefcp_VF', 'vnfdId': '140e8e4b-eaca-40f5-b9bd-ee84cd61ad76'}]}]</msg>
<status status="PASS" starttime="20200610 11:45:36.246" endtime="20200610 11:45:36.247"></status>
</kw>
<kw name="Log" library="BuiltIn">
<doc>Logs the given message with the given level.</doc>
<arguments>
<arg>Json Schema Validation OK</arg>
</arguments>
<msg timestamp="20200610 11:45:36.247" level="INFO">Json Schema Validation OK</msg>
<status status="PASS" starttime="20200610 11:45:36.247" endtime="20200610 11:45:36.247"></status>
</kw>
<status status="PASS" starttime="20200610 11:45:36.244" endtime="20200610 11:45:36.247"></status>
</kw>
<doc>Test ID: mso-lo-test-3.1
Test title: GET NS Instance List
Test objective: The objective is to test the workflow for retriving the NS instance list
Pre-conditions: none
Post-Conditions: none</doc>
<tags>
<tag>instantiate-terminate-workflow</tag>
</tags>
<status status="PASS" starttime="20200610 11:45:36.215" endtime="20200610 11:45:36.247" critical="yes"></status>
</test>
<test id="s1-s1-t3" name="GET Information about an individual NS Instance">
<kw name="GET IndividualNSInstance" library="NSLCMOperationKeywords">
<kw name="Log" library="BuiltIn">
<doc>Logs the given message with the given level.</doc>
<arguments>
<arg>Trying to get information about an individual NS instance</arg>
</arguments>
<msg timestamp="20200610 11:45:36.249" level="INFO">Trying to get information about an individual NS instance</msg>
<status status="PASS" starttime="20200610 11:45:36.249" endtime="20200610 11:45:36.249"></status>
</kw>
<kw name="Set Headers" library="REST">
<tags>
<tag>settings</tag>
</tags>
<doc>*Sets new request headers or updates the existing.*</doc>
<arguments>
<arg>{"Accept":"${ACCEPT}"}</arg>
</arguments>
<status status="PASS" starttime="20200610 11:45:36.249" endtime="20200610 11:45:36.249"></status>
</kw>
<kw name="Set Headers" library="REST">
<tags>
<tag>settings</tag>
</tags>
<doc>*Sets new request headers or updates the existing.*</doc>
<arguments>
<arg>{"Content-Type": "${CONTENT_TYPE}"}</arg>
</arguments>
<status status="PASS" starttime="20200610 11:45:36.249" endtime="20200610 11:45:36.250"></status>
</kw>
<kw name="Run Keyword If" library="BuiltIn">
<doc>Runs the given keyword with the given arguments, if ``condition`` is true.</doc>
<arguments>
<arg>${AUTH_USAGE} == 1</arg>
<arg>Set Headers</arg>
<arg>{"Authorization":"${AUTHORIZATION}"}</arg>
</arguments>
<status status="PASS" starttime="20200610 11:45:36.250" endtime="20200610 11:45:36.250"></status>
</kw>
<kw name="Get" library="REST">
<tags>
<tag>http</tag>
</tags>
<doc>*Sends a GET request to the endpoint.*</doc>
<arguments>
<arg>${apiRoot}/${nfvoId}/ns_instances/${nsInstanceId}</arg>
</arguments>
<status status="PASS" starttime="20200610 11:45:36.250" endtime="20200610 11:45:36.266"></status>
</kw>
<kw name="Output" library="REST">
<tags>
<tag>I/O</tag>
</tags>
<doc>*Outputs JSON to terminal or a file.*</doc>
<arguments>
<arg>response</arg>
</arguments>
<assign>
<var>${outputResponse}</var>
</assign>
<msg timestamp="20200610 11:45:36.266" level="INFO">
{
    "seconds": 0.014635,
    "status": 200,
    "body": {
        "id": "d4fac550-c84d-446e-9f1f-abfc7f19c00f",
        "nsInstanceDescription": "Ns robotframework test",
        "nsInstanceName": "robot_ns_test",
        "nsState": "NOT_INSTANTIATED",
        "nsdId": "19065f88-108f-4a15-902d-0c120c4f1e75",
        "vnfInstance": [
            {
                "id": "null",
                "instantiationState": "NOT_INSTANTIATED",
                "vimId": "1f6284684eb44ae79a0a5677e12da7eb",
                "vnfProductName": "wefcp_VF",
                "vnfdId": "140e8e4b-eaca-40f5-b9bd-ee84cd61ad76"
            }
        ]
    },
    "headers": {
        "Server": "nginx/1.17.10",
        "Date": "Wed, 10 Jun 2020 11:45:36 GMT",
        "Content-Type": "application/json",
        "Content-Length": "393",
        "Connection": "keep-alive"
    }
}</msg>
<msg timestamp="20200610 11:45:36.269" level="INFO">${outputResponse} = {'seconds': 0.014635, 'status': 200, 'body': {'id': 'd4fac550-c84d-446e-9f1f-abfc7f19c00f', 'nsInstanceDescription': 'Ns robotframework test', 'nsInstanceName': 'robot_ns_test', 'nsState': 'NOT_INSTAN...</msg>
<status status="PASS" starttime="20200610 11:45:36.266" endtime="20200610 11:45:36.269"></status>
</kw>
<kw name="Set Global Variable" library="BuiltIn">
<doc>Makes a variable available globally in all tests and suites.</doc>
<arguments>
<arg>@{response}</arg>
<arg>${outputResponse}</arg>
</arguments>
<msg timestamp="20200610 11:45:36.270" level="INFO">@{response} = [ {'seconds': 0.014635, 'status': 200, 'body': {'id': 'd4fac550-c84d-446e-9f1f-abfc7f19c00f', 'nsInstanceDescription': 'Ns robotframework test', 'nsInstanceName': 'robot_ns_test', 'nsState': 'NOT_INST...</msg>
<status status="PASS" starttime="20200610 11:45:36.270" endtime="20200610 11:45:36.270"></status>
</kw>
<status status="PASS" starttime="20200610 11:45:36.249" endtime="20200610 11:45:36.270"></status>
</kw>
<kw name="Check HTTP Response Status Code Is" library="NSLCMOperationKeywords">
<arguments>
<arg>200</arg>
</arguments>
<kw name="Log" library="BuiltIn">
<doc>Logs the given message with the given level.</doc>
<arguments>
<arg>Validate Status code</arg>
</arguments>
<msg timestamp="20200610 11:45:36.271" level="INFO">Validate Status code</msg>
<status status="PASS" starttime="20200610 11:45:36.271" endtime="20200610 11:45:36.271"></status>
</kw>
<kw name="Should Be Equal As Strings" library="BuiltIn">
<doc>Fails if objects are unequal after converting them to strings.</doc>
<arguments>
<arg>${response[0]['status']}</arg>
<arg>${expected_status}</arg>
</arguments>
<msg timestamp="20200610 11:45:36.271" level="INFO">Argument types are:
&lt;class 'int'&gt;
&lt;type 'unicode'&gt;</msg>
<status status="PASS" starttime="20200610 11:45:36.271" endtime="20200610 11:45:36.271"></status>
</kw>
<kw name="Log" library="BuiltIn">
<doc>Logs the given message with the given level.</doc>
<arguments>
<arg>Status code validated</arg>
</arguments>
<msg timestamp="20200610 11:45:36.271" level="INFO">Status code validated</msg>
<status status="PASS" starttime="20200610 11:45:36.271" endtime="20200610 11:45:36.271"></status>
</kw>
<status status="PASS" starttime="20200610 11:45:36.270" endtime="20200610 11:45:36.271"></status>
</kw>
<kw name="Check HTTP Response Body Json Schema Is" library="NSLCMOperationKeywords">
<arguments>
<arg>${ns_schema}</arg>
</arguments>
<kw name="Validate" library="jsonschema">
<doc>Validate an instance under the given schema.</doc>
<arguments>
<arg>instance=${response[0]['body']}</arg>
<arg>schema=${input_schema}</arg>
</arguments>
<status status="PASS" starttime="20200610 11:45:36.272" endtime="20200610 11:45:36.274"></status>
</kw>
<kw name="Log" library="BuiltIn">
<doc>Logs the given message with the given level.</doc>
<arguments>
<arg>${response[0]['body']}</arg>
</arguments>
<msg timestamp="20200610 11:45:36.274" level="INFO">{'id': 'd4fac550-c84d-446e-9f1f-abfc7f19c00f', 'nsInstanceDescription': 'Ns robotframework test', 'nsInstanceName': 'robot_ns_test', 'nsState': 'NOT_INSTANTIATED', 'nsdId': '19065f88-108f-4a15-902d-0c120c4f1e75', 'vnfInstance': [{'id': 'null', 'instantiationState': 'NOT_INSTANTIATED', 'vimId': '1f6284684eb44ae79a0a5677e12da7eb', 'vnfProductName': 'wefcp_VF', 'vnfdId': '140e8e4b-eaca-40f5-b9bd-ee84cd61ad76'}]}</msg>
<status status="PASS" starttime="20200610 11:45:36.274" endtime="20200610 11:45:36.275"></status>
</kw>
<kw name="Log" library="BuiltIn">
<doc>Logs the given message with the given level.</doc>
<arguments>
<arg>Json Schema Validation OK</arg>
</arguments>
<msg timestamp="20200610 11:45:36.275" level="INFO">Json Schema Validation OK</msg>
<status status="PASS" starttime="20200610 11:45:36.275" endtime="20200610 11:45:36.275"></status>
</kw>
<status status="PASS" starttime="20200610 11:45:36.272" endtime="20200610 11:45:36.275"></status>
</kw>
<doc>Test ID: mso-lo-test-3.3
Test title: GET Information about an individual NS Instance
Test objective: The objective is to test that GET method returns an individual NS instance
Pre-conditions: none
Post-Conditions: none</doc>
<tags>
<tag>instantiate-terminate-workflow</tag>
</tags>
<status status="PASS" starttime="20200610 11:45:36.248" endtime="20200610 11:45:36.275" critical="yes"></status>
</test>
<test id="s1-s1-t4" name="POST NS Instance Instantiate">
<kw name="Check resource existence" library="NSLCMOperationKeywords">
<kw name="Set Headers" library="REST">
<tags>
<tag>settings</tag>
</tags>
<doc>*Sets new request headers or updates the existing.*</doc>
<arguments>
<arg>{"Accept":"${ACCEPT}"}</arg>
</arguments>
<status status="PASS" starttime="20200610 11:45:36.277" endtime="20200610 11:45:36.277"></status>
</kw>
<kw name="Set Headers" library="REST">
<tags>
<tag>settings</tag>
</tags>
<doc>*Sets new request headers or updates the existing.*</doc>
<arguments>
<arg>{"Content-Type": "${CONTENT_TYPE}"}</arg>
</arguments>
<status status="PASS" starttime="20200610 11:45:36.277" endtime="20200610 11:45:36.277"></status>
</kw>
<kw name="Run Keyword If" library="BuiltIn">
<doc>Runs the given keyword with the given arguments, if ``condition`` is true.</doc>
<arguments>
<arg>${AUTH_USAGE} == 1</arg>
<arg>Set Headers</arg>
<arg>{"Authorization":"${AUTHORIZATION}"}</arg>
</arguments>
<status status="PASS" starttime="20200610 11:45:36.277" endtime="20200610 11:45:36.277"></status>
</kw>
<kw name="Get" library="REST">
<tags>
<tag>http</tag>
</tags>
<doc>*Sends a GET request to the endpoint.*</doc>
<arguments>
<arg>${apiRoot}/${nfvoId}/ns_instances/${nsInstanceId}</arg>
</arguments>
<status status="PASS" starttime="20200610 11:45:36.277" endtime="20200610 11:45:36.295"></status>
</kw>
<kw name="Integer" library="REST">
<tags>
<tag>assertions</tag>
</tags>
<doc>*Asserts the field as JSON integer.*</doc>
<arguments>
<arg>response status</arg>
<arg>200</arg>
</arguments>
<status status="PASS" starttime="20200610 11:45:36.295" endtime="20200610 11:45:36.296"></status>
</kw>
<status status="PASS" starttime="20200610 11:45:36.276" endtime="20200610 11:45:36.296"></status>
</kw>
<kw name="Check resource not_instantiated" library="NSLCMOperationKeywords">
<kw name="Set Headers" library="REST">
<tags>
<tag>settings</tag>
</tags>
<doc>*Sets new request headers or updates the existing.*</doc>
<arguments>
<arg>{"Accept":"${ACCEPT}"}</arg>
</arguments>
<status status="PASS" starttime="20200610 11:45:36.296" endtime="20200610 11:45:36.296"></status>
</kw>
<kw name="Set Headers" library="REST">
<tags>
<tag>settings</tag>
</tags>
<doc>*Sets new request headers or updates the existing.*</doc>
<arguments>
<arg>{"Content-Type": "${CONTENT_TYPE}"}</arg>
</arguments>
<status status="PASS" starttime="20200610 11:45:36.297" endtime="20200610 11:45:36.297"></status>
</kw>
<kw name="Run Keyword If" library="BuiltIn">
<doc>Runs the given keyword with the given arguments, if ``condition`` is true.</doc>
<arguments>
<arg>${AUTH_USAGE} == 1</arg>
<arg>Set Headers</arg>
<arg>{"Authorization":"${AUTHORIZATION}"}</arg>
</arguments>
<status status="PASS" starttime="20200610 11:45:36.297" endtime="20200610 11:45:36.297"></status>
</kw>
<kw name="Get" library="REST">
<tags>
<tag>http</tag>
</tags>
<doc>*Sends a GET request to the endpoint.*</doc>
<arguments>
<arg>${apiRoot}/${nfvoId}/ns_instances/${nsInstanceId}</arg>
</arguments>
<status status="PASS" starttime="20200610 11:45:36.297" endtime="20200610 11:45:36.316"></status>
</kw>
<kw name="String" library="REST">
<tags>
<tag>assertions</tag>
</tags>
<doc>*Asserts the field as JSON string.*</doc>
<arguments>
<arg>response body nsState</arg>
<arg>NOT_INSTANTIATED</arg>
</arguments>
<status status="PASS" starttime="20200610 11:45:36.316" endtime="20200610 11:45:36.316"></status>
</kw>
<status status="PASS" starttime="20200610 11:45:36.296" endtime="20200610 11:45:36.316"></status>
</kw>
<kw name="POST Instantiate nsInstance with vnf in additionalParamsForNs" library="NSLCMOperationKeywords">
<kw name="Log" library="BuiltIn">
<doc>Logs the given message with the given level.</doc>
<arguments>
<arg>Trying to Instantiate a ns Instance</arg>
</arguments>
<msg timestamp="20200610 11:45:36.317" level="INFO">Trying to Instantiate a ns Instance</msg>
<status status="PASS" starttime="20200610 11:45:36.317" endtime="20200610 11:45:36.317"></status>
</kw>
<kw name="Set Headers" library="REST">
<tags>
<tag>settings</tag>
</tags>
<doc>*Sets new request headers or updates the existing.*</doc>
<arguments>
<arg>{"Accept":"${ACCEPT}"}</arg>
</arguments>
<status status="PASS" starttime="20200610 11:45:36.317" endtime="20200610 11:45:36.317"></status>
</kw>
<kw name="Set Headers" library="REST">
<tags>
<tag>settings</tag>
</tags>
<doc>*Sets new request headers or updates the existing.*</doc>
<arguments>
<arg>{"Content-Type": "${CONTENT_TYPE}"}</arg>
</arguments>
<status status="PASS" starttime="20200610 11:45:36.317" endtime="20200610 11:45:36.318"></status>
</kw>
<kw name="Run Keyword If" library="BuiltIn">
<doc>Runs the given keyword with the given arguments, if ``condition`` is true.</doc>
<arguments>
<arg>${AUTH_USAGE} == 1</arg>
<arg>Set Headers</arg>
<arg>{"Authorization":"${AUTHORIZATION}"}</arg>
</arguments>
<status status="PASS" starttime="20200610 11:45:36.318" endtime="20200610 11:45:36.318"></status>
</kw>
<kw name="Load JSON From File" library="JSONLibrary">
<doc>Load JSON from file.</doc>
<arguments>
<arg>jsons/InstantiateNsRequest.json</arg>
</arguments>
<assign>
<var>${body}</var>
</assign>
<msg timestamp="20200610 11:45:36.319" level="INFO">${body} = {'additionalParamsForNs': {'vnf': []}}</msg>
<status status="PASS" starttime="20200610 11:45:36.318" endtime="20200610 11:45:36.319"></status>
</kw>
<kw name="Set Variable" library="BuiltIn">
<doc>Returns the given values which can then be assigned to a variables.</doc>
<arguments>
<arg>[]</arg>
</arguments>
<assign>
<var>${vnf}</var>
</assign>
<msg timestamp="20200610 11:45:36.319" level="INFO">${vnf} = []</msg>
<status status="PASS" starttime="20200610 11:45:36.319" endtime="20200610 11:45:36.319"></status>
</kw>
<kw name="Evaluate" library="BuiltIn">
<doc>Evaluates the given expression in Python and returns the result.</doc>
<arguments>
<arg>[{"vnfInstanceId": vnfId,"vimAccountId": random.choice(${vimAccountIds})} for vnfId in ${vnfInstanceIds}]</arg>
<arg>random</arg>
</arguments>
<assign>
<var>${vnf}</var>
</assign>
<msg timestamp="20200610 11:45:36.319" level="INFO">${vnf} = [{'vnfInstanceId': 'null', 'vimAccountId': '77c531ef-ff08-42a3-aeb9-3b8eae19a32f'}]</msg>
<status status="PASS" starttime="20200610 11:45:36.319" endtime="20200610 11:45:36.320"></status>
</kw>
<kw name="Log" library="BuiltIn">
<doc>Logs the given message with the given level.</doc>
<arguments>
<arg>${vnf}</arg>
</arguments>
<msg timestamp="20200610 11:45:36.320" level="INFO">[{'vnfInstanceId': 'null', 'vimAccountId': '77c531ef-ff08-42a3-aeb9-3b8eae19a32f'}]</msg>
<status status="PASS" starttime="20200610 11:45:36.320" endtime="20200610 11:45:36.320"></status>
</kw>
<kw name="Update Value To Json" library="JSONLibrary">
<doc>Update value to JSON using JSONPath</doc>
<arguments>
<arg>${body}</arg>
<arg>$.additionalParamsForNs.vnf</arg>
<arg>${vnf}</arg>
</arguments>
<assign>
<var>${body}</var>
</assign>
<msg timestamp="20200610 11:45:36.336" level="INFO">${body} = {'additionalParamsForNs': {'vnf': [{'vnfInstanceId': 'null', 'vimAccountId': '77c531ef-ff08-42a3-aeb9-3b8eae19a32f'}]}}</msg>
<status status="PASS" starttime="20200610 11:45:36.320" endtime="20200610 11:45:36.336"></status>
</kw>
<kw name="Log" library="BuiltIn">
<doc>Logs the given message with the given level.</doc>
<arguments>
<arg>${body}</arg>
</arguments>
<msg timestamp="20200610 11:45:36.336" level="INFO">{'additionalParamsForNs': {'vnf': [{'vnfInstanceId': 'null', 'vimAccountId': '77c531ef-ff08-42a3-aeb9-3b8eae19a32f'}]}}</msg>
<status status="PASS" starttime="20200610 11:45:36.336" endtime="20200610 11:45:36.336"></status>
</kw>
<kw name="Post" library="REST">
<tags>
<tag>http</tag>
</tags>
<doc>*Sends a POST request to the endpoint.*</doc>
<arguments>
<arg>${apiRoot}/${nfvoId}/ns_instances/${nsInstanceId}/instantiate</arg>
<arg>${body}</arg>
</arguments>
<status status="PASS" starttime="20200610 11:45:36.336" endtime="20200610 11:45:36.378"></status>
</kw>
<kw name="Output" library="REST">
<tags>
<tag>I/O</tag>
</tags>
<doc>*Outputs JSON to terminal or a file.*</doc>
<arguments>
<arg>response</arg>
</arguments>
<assign>
<var>${outputResponse}</var>
</assign>
<msg timestamp="20200610 11:45:36.379" level="INFO">
{
    "seconds": 0.040494,
    "status": 202,
    "body": "",
    "headers": {
        "Server": "nginx/1.17.10",
        "Date": "Wed, 10 Jun 2020 11:45:36 GMT",
        "Content-Type": "text/html; charset=utf-8",
        "Content-Length": "0",
        "Connection": "keep-alive",
        "Location": "http://10.192.133.39/nfvo/2/ns_lcm_op_occs/45782f63-a407-4cf1-943f-da3064d4e0a9"
    }
}</msg>
<msg timestamp="20200610 11:45:36.384" level="INFO">${outputResponse} = {'seconds': 0.040494, 'status': 202, 'body': '', 'headers': {'Server': 'nginx/1.17.10', 'Date': 'Wed, 10 Jun 2020 11:45:36 GMT', 'Content-Type': 'text/html; charset=utf-8', 'Content-Length': '0', 'Con...</msg>
<status status="PASS" starttime="20200610 11:45:36.379" endtime="20200610 11:45:36.384"></status>
</kw>
<kw name="Set Global Variable" library="BuiltIn">
<doc>Makes a variable available globally in all tests and suites.</doc>
<arguments>
<arg>@{response}</arg>
<arg>${outputResponse}</arg>
</arguments>
<msg timestamp="20200610 11:45:36.385" level="INFO">@{response} = [ {'seconds': 0.040494, 'status': 202, 'body': '', 'headers': {'Server': 'nginx/1.17.10', 'Date': 'Wed, 10 Jun 2020 11:45:36 GMT', 'Content-Type': 'text/html; charset=utf-8', 'Content-Length': '0', 'C...</msg>
<status status="PASS" starttime="20200610 11:45:36.384" endtime="20200610 11:45:36.385"></status>
</kw>
<status status="PASS" starttime="20200610 11:45:36.317" endtime="20200610 11:45:36.385"></status>
</kw>
<kw name="Check HTTP Response Status Code Is" library="NSLCMOperationKeywords">
<arguments>
<arg>202</arg>
</arguments>
<kw name="Log" library="BuiltIn">
<doc>Logs the given message with the given level.</doc>
<arguments>
<arg>Validate Status code</arg>
</arguments>
<msg timestamp="20200610 11:45:36.387" level="INFO">Validate Status code</msg>
<status status="PASS" starttime="20200610 11:45:36.387" endtime="20200610 11:45:36.387"></status>
</kw>
<kw name="Should Be Equal As Strings" library="BuiltIn">
<doc>Fails if objects are unequal after converting them to strings.</doc>
<arguments>
<arg>${response[0]['status']}</arg>
<arg>${expected_status}</arg>
</arguments>
<msg timestamp="20200610 11:45:36.388" level="INFO">Argument types are:
&lt;class 'int'&gt;
&lt;type 'unicode'&gt;</msg>
<status status="PASS" starttime="20200610 11:45:36.388" endtime="20200610 11:45:36.388"></status>
</kw>
<kw name="Log" library="BuiltIn">
<doc>Logs the given message with the given level.</doc>
<arguments>
<arg>Status code validated</arg>
</arguments>
<msg timestamp="20200610 11:45:36.388" level="INFO">Status code validated</msg>
<status status="PASS" starttime="20200610 11:45:36.388" endtime="20200610 11:45:36.388"></status>
</kw>
<status status="PASS" starttime="20200610 11:45:36.387" endtime="20200610 11:45:36.388"></status>
</kw>
<kw name="Check HTTP Response Header Contains" library="NSLCMOperationKeywords">
<arguments>
<arg>Location</arg>
</arguments>
<kw name="Should Contain" library="BuiltIn">
<doc>Fails if ``container`` does not contain ``item`` one or more times.</doc>
<arguments>
<arg>${response[0]['headers']}</arg>
<arg>${HEADER_TOCHECK}</arg>
</arguments>
<status status="PASS" starttime="20200610 11:45:36.389" endtime="20200610 11:45:36.389"></status>
</kw>
<kw name="Log" library="BuiltIn">
<doc>Logs the given message with the given level.</doc>
<arguments>
<arg>Header is present</arg>
</arguments>
<msg timestamp="20200610 11:45:36.389" level="INFO">Header is present</msg>
<status status="PASS" starttime="20200610 11:45:36.389" endtime="20200610 11:45:36.389"></status>
</kw>
<status status="PASS" starttime="20200610 11:45:36.388" endtime="20200610 11:45:36.389"></status>
</kw>
<kw name="Check Operation Occurrence Id" library="NSLCMOperationKeywords">
<kw name="Set Variable" library="BuiltIn">
<doc>Returns the given values which can then be assigned to a variables.</doc>
<arguments>
<arg>${response[0]['headers']['Location']}</arg>
</arguments>
<assign>
<var>${nsLcmOpOcc}</var>
</assign>
<msg timestamp="20200610 11:45:36.390" level="INFO">${nsLcmOpOcc} = http://10.192.133.39/nfvo/2/ns_lcm_op_occs/45782f63-a407-4cf1-943f-da3064d4e0a9</msg>
<status status="PASS" starttime="20200610 11:45:36.390" endtime="20200610 11:45:36.390"></status>
</kw>
<kw name="Evaluate" library="BuiltIn">
<doc>Evaluates the given expression in Python and returns the result.</doc>
<arguments>
<arg>re.search(r'(/nfvo/.*/ns_lcm_op_occs/(.*))', '''${nsLcmOpOcc}''').group(2)</arg>
<arg>re</arg>
</arguments>
<assign>
<var>${nsLcmOpOcc}</var>
</assign>
<msg timestamp="20200610 11:45:36.391" level="INFO">${nsLcmOpOcc} = 45782f63-a407-4cf1-943f-da3064d4e0a9</msg>
<status status="PASS" starttime="20200610 11:45:36.390" endtime="20200610 11:45:36.391"></status>
</kw>
<kw name="Set Global Variable" library="BuiltIn">
<doc>Makes a variable available globally in all tests and suites.</doc>
<arguments>
<arg>${nsLcmOpOccId}</arg>
<arg>${nsLcmOpOcc}</arg>
</arguments>
<msg timestamp="20200610 11:45:36.391" level="INFO">${nsLcmOpOccId} = 45782f63-a407-4cf1-943f-da3064d4e0a9</msg>
<status status="PASS" starttime="20200610 11:45:36.391" endtime="20200610 11:45:36.391"></status>
</kw>
<kw name="Should Not Be Empty" library="BuiltIn">
<doc>Verifies that the given item is not empty.</doc>
<arguments>
<arg>${nsLcmOpOccId}</arg>
</arguments>
<msg timestamp="20200610 11:45:36.391" level="INFO">Length is 36</msg>
<status status="PASS" starttime="20200610 11:45:36.391" endtime="20200610 11:45:36.391"></status>
</kw>
<kw name="Log" library="BuiltIn">
<doc>Logs the given message with the given level.</doc>
<arguments>
<arg>${nsLcmOpOccId}</arg>
</arguments>
<msg timestamp="20200610 11:45:36.392" level="INFO">45782f63-a407-4cf1-943f-da3064d4e0a9</msg>
<status status="PASS" starttime="20200610 11:45:36.391" endtime="20200610 11:45:36.392"></status>
</kw>
<status status="PASS" starttime="20200610 11:45:36.390" endtime="20200610 11:45:36.392"></status>
</kw>
<doc>Test ID: mso-lo-test-3.4
Test title: POST NS Instance Instantiate
Test objective: The objective is to test the workflow for Instantiate a NS instance
Pre-conditions: the resource is in NOT_INSTANTIATED state
Post-Conditions: status code 202</doc>
<tags>
<tag>instantiate-terminate-workflow</tag>
</tags>
<status status="PASS" starttime="20200610 11:45:36.276" endtime="20200610 11:45:36.392" critical="yes"></status>
</test>
<test id="s1-s1-t5" name="GET NS LCM OP Occurrence Instantiate PROCESSING">
<kw name="GET Individual NS LCM OP Occurrence" library="NSLCMOperationKeywords">
<kw name="Log" library="BuiltIn">
<doc>Logs the given message with the given level.</doc>
<arguments>
<arg>Query status information about individual NS lifecycle management operation occurrence.</arg>
</arguments>
<msg timestamp="20200610 11:45:36.394" level="INFO">Query status information about individual NS lifecycle management operation occurrence.</msg>
<status status="PASS" starttime="20200610 11:45:36.393" endtime="20200610 11:45:36.394"></status>
</kw>
<kw name="Set Headers" library="REST">
<tags>
<tag>settings</tag>
</tags>
<doc>*Sets new request headers or updates the existing.*</doc>
<arguments>
<arg>{"Accept":"${ACCEPT}"}</arg>
</arguments>
<status status="PASS" starttime="20200610 11:45:36.394" endtime="20200610 11:45:36.394"></status>
</kw>
<kw name="Run Keyword If" library="BuiltIn">
<doc>Runs the given keyword with the given arguments, if ``condition`` is true.</doc>
<arguments>
<arg>${AUTH_USAGE} == 1</arg>
<arg>Set Headers</arg>
<arg>{"Authorization":"${AUTHORIZATION}"}</arg>
</arguments>
<status status="PASS" starttime="20200610 11:45:36.394" endtime="20200610 11:45:36.394"></status>
</kw>
<kw name="Log" library="BuiltIn">
<doc>Logs the given message with the given level.</doc>
<arguments>
<arg>Execute Query and validate response</arg>
</arguments>
<msg timestamp="20200610 11:45:36.394" level="INFO">Execute Query and validate response</msg>
<status status="PASS" starttime="20200610 11:45:36.394" endtime="20200610 11:45:36.394"></status>
</kw>
<kw name="Get" library="REST">
<tags>
<tag>http</tag>
</tags>
<doc>*Sends a GET request to the endpoint.*</doc>
<arguments>
<arg>${apiRoot}/${nfvoId}/ns_lcm_op_occs/${nsLcmOpOccId}</arg>
</arguments>
<status status="PASS" starttime="20200610 11:45:36.395" endtime="20200610 11:45:36.412"></status>
</kw>
<kw name="Output" library="REST">
<tags>
<tag>I/O</tag>
</tags>
<doc>*Outputs JSON to terminal or a file.*</doc>
<arguments>
<arg>response</arg>
</arguments>
<assign>
<var>${outputResponse}</var>
</assign>
<msg timestamp="20200610 11:45:36.413" level="INFO">
{
    "seconds": 0.016394,
    "status": 200,
    "body": {
        "id": "45782f63-a407-4cf1-943f-da3064d4e0a9",
        "lcmOperationType": "INSTANTIATE",
        "nsInstanceId": "d4fac550-c84d-446e-9f1f-abfc7f19c00f",
        "operationState": "PROCESSING",
        "startTime": "2020-06-10T11:45:36.293Z",
        "stateEnteredTime": "2020-06-10T11:45:36.293Z"
    },
    "headers": {
        "Server": "nginx/1.17.10",
        "Date": "Wed, 10 Jun 2020 11:45:36 GMT",
        "Content-Type": "application/json",
        "Content-Length": "248",
        "Connection": "keep-alive"
    }
}</msg>
<msg timestamp="20200610 11:45:36.415" level="INFO">${outputResponse} = {'seconds': 0.016394, 'status': 200, 'body': {'id': '45782f63-a407-4cf1-943f-da3064d4e0a9', 'lcmOperationType': 'INSTANTIATE', 'nsInstanceId': 'd4fac550-c84d-446e-9f1f-abfc7f19c00f', 'operationState':...</msg>
<status status="PASS" starttime="20200610 11:45:36.412" endtime="20200610 11:45:36.415"></status>
</kw>
<kw name="Set Global Variable" library="BuiltIn">
<doc>Makes a variable available globally in all tests and suites.</doc>
<arguments>
<arg>@{response}</arg>
<arg>${outputResponse}</arg>
</arguments>
<msg timestamp="20200610 11:45:36.416" level="INFO">@{response} = [ {'seconds': 0.016394, 'status': 200, 'body': {'id': '45782f63-a407-4cf1-943f-da3064d4e0a9', 'lcmOperationType': 'INSTANTIATE', 'nsInstanceId': 'd4fac550-c84d-446e-9f1f-abfc7f19c00f', 'operationState...</msg>
<status status="PASS" starttime="20200610 11:45:36.415" endtime="20200610 11:45:36.416"></status>
</kw>
<status status="PASS" starttime="20200610 11:45:36.393" endtime="20200610 11:45:36.416"></status>
</kw>
<kw name="Check HTTP Response Status Code Is" library="NSLCMOperationKeywords">
<arguments>
<arg>200</arg>
</arguments>
<kw name="Log" library="BuiltIn">
<doc>Logs the given message with the given level.</doc>
<arguments>
<arg>Validate Status code</arg>
</arguments>
<msg timestamp="20200610 11:45:36.416" level="INFO">Validate Status code</msg>
<status status="PASS" starttime="20200610 11:45:36.416" endtime="20200610 11:45:36.416"></status>
</kw>
<kw name="Should Be Equal As Strings" library="BuiltIn">
<doc>Fails if objects are unequal after converting them to strings.</doc>
<arguments>
<arg>${response[0]['status']}</arg>
<arg>${expected_status}</arg>
</arguments>
<msg timestamp="20200610 11:45:36.433" level="INFO">Argument types are:
&lt;class 'int'&gt;
&lt;type 'unicode'&gt;</msg>
<status status="PASS" starttime="20200610 11:45:36.417" endtime="20200610 11:45:36.433"></status>
</kw>
<kw name="Log" library="BuiltIn">
<doc>Logs the given message with the given level.</doc>
<arguments>
<arg>Status code validated</arg>
</arguments>
<msg timestamp="20200610 11:45:36.433" level="INFO">Status code validated</msg>
<status status="PASS" starttime="20200610 11:45:36.433" endtime="20200610 11:45:36.433"></status>
</kw>
<status status="PASS" starttime="20200610 11:45:36.416" endtime="20200610 11:45:36.433"></status>
</kw>
<kw name="Check HTTP Response Body Json Schema Is" library="NSLCMOperationKeywords">
<arguments>
<arg>${ns_lcm_op_occ_schema}</arg>
</arguments>
<kw name="Validate" library="jsonschema">
<doc>Validate an instance under the given schema.</doc>
<arguments>
<arg>instance=${response[0]['body']}</arg>
<arg>schema=${input_schema}</arg>
</arguments>
<status status="PASS" starttime="20200610 11:45:36.434" endtime="20200610 11:45:36.435"></status>
</kw>
<kw name="Log" library="BuiltIn">
<doc>Logs the given message with the given level.</doc>
<arguments>
<arg>${response[0]['body']}</arg>
</arguments>
<msg timestamp="20200610 11:45:36.435" level="INFO">{'id': '45782f63-a407-4cf1-943f-da3064d4e0a9', 'lcmOperationType': 'INSTANTIATE', 'nsInstanceId': 'd4fac550-c84d-446e-9f1f-abfc7f19c00f', 'operationState': 'PROCESSING', 'startTime': '2020-06-10T11:45:36.293Z', 'stateEnteredTime': '2020-06-10T11:45:36.293Z'}</msg>
<status status="PASS" starttime="20200610 11:45:36.435" endtime="20200610 11:45:36.435"></status>
</kw>
<kw name="Log" library="BuiltIn">
<doc>Logs the given message with the given level.</doc>
<arguments>
<arg>Json Schema Validation OK</arg>
</arguments>
<msg timestamp="20200610 11:45:36.436" level="INFO">Json Schema Validation OK</msg>
<status status="PASS" starttime="20200610 11:45:36.435" endtime="20200610 11:45:36.436"></status>
</kw>
<status status="PASS" starttime="20200610 11:45:36.434" endtime="20200610 11:45:36.436"></status>
</kw>
<kw name="Check resource lcmOperationType is" library="NSLCMOperationKeywords">
<arguments>
<arg>INSTANTIATE</arg>
</arguments>
<kw name="Should Be Equal As Strings" library="BuiltIn">
<doc>Fails if objects are unequal after converting them to strings.</doc>
<arguments>
<arg>${response[0]['body']['lcmOperationType']}</arg>
<arg>${type}</arg>
</arguments>
<status status="PASS" starttime="20200610 11:45:36.436" endtime="20200610 11:45:36.437"></status>
</kw>
<kw name="Log" library="BuiltIn">
<doc>Logs the given message with the given level.</doc>
<arguments>
<arg>Type is ${type}</arg>
</arguments>
<msg timestamp="20200610 11:45:36.437" level="INFO">Type is INSTANTIATE</msg>
<status status="PASS" starttime="20200610 11:45:36.437" endtime="20200610 11:45:36.437"></status>
</kw>
<status status="PASS" starttime="20200610 11:45:36.436" endtime="20200610 11:45:36.437"></status>
</kw>
<kw name="Check resource operationState is" library="NSLCMOperationKeywords">
<arguments>
<arg>PROCESSING</arg>
</arguments>
<kw name="Should Be Equal As Strings" library="BuiltIn">
<doc>Fails if objects are unequal after converting them to strings.</doc>
<arguments>
<arg>${response[0]['body']['operationState']}</arg>
<arg>${state}</arg>
</arguments>
<status status="PASS" starttime="20200610 11:45:36.437" endtime="20200610 11:45:36.438"></status>
</kw>
<kw name="Log" library="BuiltIn">
<doc>Logs the given message with the given level.</doc>
<arguments>
<arg>State is ${state}</arg>
</arguments>
<msg timestamp="20200610 11:45:36.438" level="INFO">State is PROCESSING</msg>
<status status="PASS" starttime="20200610 11:45:36.438" endtime="20200610 11:45:36.438"></status>
</kw>
<status status="PASS" starttime="20200610 11:45:36.437" endtime="20200610 11:45:36.438"></status>
</kw>
<doc>Test ID: mso-lo-test-3.5
Test title: GET NS LCM OP Occurrence Instantiate PROCESSING
Test objective: The objective is to test the workflow for retrive NS LCM OP Occurrence
Pre-conditions: none
Post-Conditions: status code 200</doc>
<tags>
<tag>instantiate-terminate-workflow</tag>
</tags>
<status status="PASS" starttime="20200610 11:45:36.392" endtime="20200610 11:45:36.438" critical="yes"></status>
</test>
<test id="s1-s1-t6" name="GET NS LCM OP Occurrence Instantiate COMPLETED">
<kw name="Wait Until Keyword Succeeds" library="BuiltIn">
<doc>Runs the specified keyword and retries if it fails.</doc>
<arguments>
<arg>${MAX_WAIT}</arg>
<arg>${INTERVAL_WAIT}</arg>
<arg>Run Keywords</arg>
<arg>GET Individual NS LCM OP Occurrence</arg>
<arg>AND</arg>
<arg>Check resource operationState is</arg>
<arg>COMPLETED</arg>
</arguments>
<kw name="Run Keywords" library="BuiltIn">
<doc>Executes all the given keywords in a sequence.</doc>
<arguments>
<arg>GET Individual NS LCM OP Occurrence</arg>
<arg>AND</arg>
<arg>Check resource operationState is</arg>
<arg>COMPLETED</arg>
</arguments>
<kw name="GET Individual NS LCM OP Occurrence" library="NSLCMOperationKeywords">
<kw name="Log" library="BuiltIn">
<doc>Logs the given message with the given level.</doc>
<arguments>
<arg>Query status information about individual NS lifecycle management operation occurrence.</arg>
</arguments>
<msg timestamp="20200610 11:45:36.440" level="INFO">Query status information about individual NS lifecycle management operation occurrence.</msg>
<status status="PASS" starttime="20200610 11:45:36.440" endtime="20200610 11:45:36.441"></status>
</kw>
<kw name="Set Headers" library="REST">
<tags>
<tag>settings</tag>
</tags>
<doc>*Sets new request headers or updates the existing.*</doc>
<arguments>
<arg>{"Accept":"${ACCEPT}"}</arg>
</arguments>
<status status="PASS" starttime="20200610 11:45:36.441" endtime="20200610 11:45:36.441"></status>
</kw>
<kw name="Run Keyword If" library="BuiltIn">
<doc>Runs the given keyword with the given arguments, if ``condition`` is true.</doc>
<arguments>
<arg>${AUTH_USAGE} == 1</arg>
<arg>Set Headers</arg>
<arg>{"Authorization":"${AUTHORIZATION}"}</arg>
</arguments>
<status status="PASS" starttime="20200610 11:45:36.441" endtime="20200610 11:45:36.441"></status>
</kw>
<kw name="Log" library="BuiltIn">
<doc>Logs the given message with the given level.</doc>
<arguments>
<arg>Execute Query and validate response</arg>
</arguments>
<msg timestamp="20200610 11:45:36.441" level="INFO">Execute Query and validate response</msg>
<status status="PASS" starttime="20200610 11:45:36.441" endtime="20200610 11:45:36.441"></status>
</kw>
<kw name="Get" library="REST">
<tags>
<tag>http</tag>
</tags>
<doc>*Sends a GET request to the endpoint.*</doc>
<arguments>
<arg>${apiRoot}/${nfvoId}/ns_lcm_op_occs/${nsLcmOpOccId}</arg>
</arguments>
<status status="PASS" starttime="20200610 11:45:36.441" endtime="20200610 11:45:36.459"></status>
</kw>
<kw name="Output" library="REST">
<tags>
<tag>I/O</tag>
</tags>
<doc>*Outputs JSON to terminal or a file.*</doc>
<arguments>
<arg>response</arg>
</arguments>
<assign>
<var>${outputResponse}</var>
</assign>
<msg timestamp="20200610 11:45:36.459" level="INFO">
{
    "seconds": 0.015701,
    "status": 200,
    "body": {
        "id": "45782f63-a407-4cf1-943f-da3064d4e0a9",
        "lcmOperationType": "INSTANTIATE",
        "nsInstanceId": "d4fac550-c84d-446e-9f1f-abfc7f19c00f",
        "operationState": "PROCESSING",
        "startTime": "2020-06-10T11:45:36.293Z",
        "stateEnteredTime": "2020-06-10T11:45:36.293Z"
    },
    "headers": {
        "Server": "nginx/1.17.10",
        "Date": "Wed, 10 Jun 2020 11:45:36 GMT",
        "Content-Type": "application/json",
        "Content-Length": "248",
        "Connection": "keep-alive"
    }
}</msg>
<msg timestamp="20200610 11:45:36.461" level="INFO">${outputResponse} = {'seconds': 0.015701, 'status': 200, 'body': {'id': '45782f63-a407-4cf1-943f-da3064d4e0a9', 'lcmOperationType': 'INSTANTIATE', 'nsInstanceId': 'd4fac550-c84d-446e-9f1f-abfc7f19c00f', 'operationState':...</msg>
<status status="PASS" starttime="20200610 11:45:36.459" endtime="20200610 11:45:36.461"></status>
</kw>
<kw name="Set Global Variable" library="BuiltIn">
<doc>Makes a variable available globally in all tests and suites.</doc>
<arguments>
<arg>@{response}</arg>
<arg>${outputResponse}</arg>
</arguments>
<msg timestamp="20200610 11:45:36.462" level="INFO">@{response} = [ {'seconds': 0.015701, 'status': 200, 'body': {'id': '45782f63-a407-4cf1-943f-da3064d4e0a9', 'lcmOperationType': 'INSTANTIATE', 'nsInstanceId': 'd4fac550-c84d-446e-9f1f-abfc7f19c00f', 'operationState...</msg>
<status status="PASS" starttime="20200610 11:45:36.461" endtime="20200610 11:45:36.462"></status>
</kw>
<status status="PASS" starttime="20200610 11:45:36.440" endtime="20200610 11:45:36.462"></status>
</kw>
<kw name="Check resource operationState is" library="NSLCMOperationKeywords">
<arguments>
<arg>COMPLETED</arg>
</arguments>
<kw name="Should Be Equal As Strings" library="BuiltIn">
<doc>Fails if objects are unequal after converting them to strings.</doc>
<arguments>
<arg>${response[0]['body']['operationState']}</arg>
<arg>${state}</arg>
</arguments>
<msg timestamp="20200610 11:45:36.463" level="FAIL">PROCESSING != COMPLETED</msg>
<status status="FAIL" starttime="20200610 11:45:36.462" endtime="20200610 11:45:36.463"></status>
</kw>
<status status="FAIL" starttime="20200610 11:45:36.462" endtime="20200610 11:45:36.463"></status>
</kw>
<status status="FAIL" starttime="20200610 11:45:36.440" endtime="20200610 11:45:36.463"></status>
</kw>
<kw name="Run Keywords" library="BuiltIn">
<doc>Executes all the given keywords in a sequence.</doc>
<arguments>
<arg>GET Individual NS LCM OP Occurrence</arg>
<arg>AND</arg>
<arg>Check resource operationState is</arg>
<arg>COMPLETED</arg>
</arguments>
<kw name="GET Individual NS LCM OP Occurrence" library="NSLCMOperationKeywords">
<kw name="Log" library="BuiltIn">
<doc>Logs the given message with the given level.</doc>
<arguments>
<arg>Query status information about individual NS lifecycle management operation occurrence.</arg>
</arguments>
<msg timestamp="20200610 11:45:38.464" level="INFO">Query status information about individual NS lifecycle management operation occurrence.</msg>
<status status="PASS" starttime="20200610 11:45:38.464" endtime="20200610 11:45:38.464"></status>
</kw>
<kw name="Set Headers" library="REST">
<tags>
<tag>settings</tag>
</tags>
<doc>*Sets new request headers or updates the existing.*</doc>
<arguments>
<arg>{"Accept":"${ACCEPT}"}</arg>
</arguments>
<status status="PASS" starttime="20200610 11:45:38.464" endtime="20200610 11:45:38.464"></status>
</kw>
<kw name="Run Keyword If" library="BuiltIn">
<doc>Runs the given keyword with the given arguments, if ``condition`` is true.</doc>
<arguments>
<arg>${AUTH_USAGE} == 1</arg>
<arg>Set Headers</arg>
<arg>{"Authorization":"${AUTHORIZATION}"}</arg>
</arguments>
<status status="PASS" starttime="20200610 11:45:38.465" endtime="20200610 11:45:38.465"></status>
</kw>
<kw name="Log" library="BuiltIn">
<doc>Logs the given message with the given level.</doc>
<arguments>
<arg>Execute Query and validate response</arg>
</arguments>
<msg timestamp="20200610 11:45:38.465" level="INFO">Execute Query and validate response</msg>
<status status="PASS" starttime="20200610 11:45:38.465" endtime="20200610 11:45:38.465"></status>
</kw>
<kw name="Get" library="REST">
<tags>
<tag>http</tag>
</tags>
<doc>*Sends a GET request to the endpoint.*</doc>
<arguments>
<arg>${apiRoot}/${nfvoId}/ns_lcm_op_occs/${nsLcmOpOccId}</arg>
</arguments>
<status status="PASS" starttime="20200610 11:45:38.465" endtime="20200610 11:45:38.484"></status>
</kw>
<kw name="Output" library="REST">
<tags>
<tag>I/O</tag>
</tags>
<doc>*Outputs JSON to terminal or a file.*</doc>
<arguments>
<arg>response</arg>
</arguments>
<assign>
<var>${outputResponse}</var>
</assign>
<msg timestamp="20200610 11:45:38.485" level="INFO">
{
    "seconds": 0.0177,
    "status": 200,
    "body": {
        "id": "45782f63-a407-4cf1-943f-da3064d4e0a9",
        "lcmOperationType": "INSTANTIATE",
        "nsInstanceId": "d4fac550-c84d-446e-9f1f-abfc7f19c00f",
        "operationState": "PROCESSING",
        "startTime": "2020-06-10T11:45:36.293Z",
        "stateEnteredTime": "2020-06-10T11:45:36.293Z"
    },
    "headers": {
        "Server": "nginx/1.17.10",
        "Date": "Wed, 10 Jun 2020 11:45:38 GMT",
        "Content-Type": "application/json",
        "Content-Length": "248",
        "Connection": "keep-alive"
    }
}</msg>
<msg timestamp="20200610 11:45:38.487" level="INFO">${outputResponse} = {'seconds': 0.0177, 'status': 200, 'body': {'id': '45782f63-a407-4cf1-943f-da3064d4e0a9', 'lcmOperationType': 'INSTANTIATE', 'nsInstanceId': 'd4fac550-c84d-446e-9f1f-abfc7f19c00f', 'operationState': '...</msg>
<status status="PASS" starttime="20200610 11:45:38.484" endtime="20200610 11:45:38.487"></status>
</kw>
<kw name="Set Global Variable" library="BuiltIn">
<doc>Makes a variable available globally in all tests and suites.</doc>
<arguments>
<arg>@{response}</arg>
<arg>${outputResponse}</arg>
</arguments>
<msg timestamp="20200610 11:45:38.488" level="INFO">@{response} = [ {'seconds': 0.0177, 'status': 200, 'body': {'id': '45782f63-a407-4cf1-943f-da3064d4e0a9', 'lcmOperationType': 'INSTANTIATE', 'nsInstanceId': 'd4fac550-c84d-446e-9f1f-abfc7f19c00f', 'operationState':...</msg>
<status status="PASS" starttime="20200610 11:45:38.487" endtime="20200610 11:45:38.488"></status>
</kw>
<status status="PASS" starttime="20200610 11:45:38.464" endtime="20200610 11:45:38.488"></status>
</kw>
<kw name="Check resource operationState is" library="NSLCMOperationKeywords">
<arguments>
<arg>COMPLETED</arg>
</arguments>
<kw name="Should Be Equal As Strings" library="BuiltIn">
<doc>Fails if objects are unequal after converting them to strings.</doc>
<arguments>
<arg>${response[0]['body']['operationState']}</arg>
<arg>${state}</arg>
</arguments>
<msg timestamp="20200610 11:45:38.489" level="FAIL">PROCESSING != COMPLETED</msg>
<status status="FAIL" starttime="20200610 11:45:38.488" endtime="20200610 11:45:38.489"></status>
</kw>
<status status="FAIL" starttime="20200610 11:45:38.488" endtime="20200610 11:45:38.489"></status>
</kw>
<status status="FAIL" starttime="20200610 11:45:38.463" endtime="20200610 11:45:38.489"></status>
</kw>
<kw name="Run Keywords" library="BuiltIn">
<doc>Executes all the given keywords in a sequence.</doc>
<arguments>
<arg>GET Individual NS LCM OP Occurrence</arg>
<arg>AND</arg>
<arg>Check resource operationState is</arg>
<arg>COMPLETED</arg>
</arguments>
<kw name="GET Individual NS LCM OP Occurrence" library="NSLCMOperationKeywords">
<kw name="Log" library="BuiltIn">
<doc>Logs the given message with the given level.</doc>
<arguments>
<arg>Query status information about individual NS lifecycle management operation occurrence.</arg>
</arguments>
<msg timestamp="20200610 11:45:40.490" level="INFO">Query status information about individual NS lifecycle management operation occurrence.</msg>
<status status="PASS" starttime="20200610 11:45:40.490" endtime="20200610 11:45:40.490"></status>
</kw>
<kw name="Set Headers" library="REST">
<tags>
<tag>settings</tag>
</tags>
<doc>*Sets new request headers or updates the existing.*</doc>
<arguments>
<arg>{"Accept":"${ACCEPT}"}</arg>
</arguments>
<status status="PASS" starttime="20200610 11:45:40.490" endtime="20200610 11:45:40.491"></status>
</kw>
<kw name="Run Keyword If" library="BuiltIn">
<doc>Runs the given keyword with the given arguments, if ``condition`` is true.</doc>
<arguments>
<arg>${AUTH_USAGE} == 1</arg>
<arg>Set Headers</arg>
<arg>{"Authorization":"${AUTHORIZATION}"}</arg>
</arguments>
<status status="PASS" starttime="20200610 11:45:40.491" endtime="20200610 11:45:40.491"></status>
</kw>
<kw name="Log" library="BuiltIn">
<doc>Logs the given message with the given level.</doc>
<arguments>
<arg>Execute Query and validate response</arg>
</arguments>
<msg timestamp="20200610 11:45:40.491" level="INFO">Execute Query and validate response</msg>
<status status="PASS" starttime="20200610 11:45:40.491" endtime="20200610 11:45:40.491"></status>
</kw>
<kw name="Get" library="REST">
<tags>
<tag>http</tag>
</tags>
<doc>*Sends a GET request to the endpoint.*</doc>
<arguments>
<arg>${apiRoot}/${nfvoId}/ns_lcm_op_occs/${nsLcmOpOccId}</arg>
</arguments>
<status status="PASS" starttime="20200610 11:45:40.491" endtime="20200610 11:45:40.514"></status>
</kw>
<kw name="Output" library="REST">
<tags>
<tag>I/O</tag>
</tags>
<doc>*Outputs JSON to terminal or a file.*</doc>
<arguments>
<arg>response</arg>
</arguments>
<assign>
<var>${outputResponse}</var>
</assign>
<msg timestamp="20200610 11:45:40.515" level="INFO">
{
    "seconds": 0.021577000000000002,
    "status": 200,
    "body": {
        "id": "45782f63-a407-4cf1-943f-da3064d4e0a9",
        "lcmOperationType": "INSTANTIATE",
        "nsInstanceId": "d4fac550-c84d-446e-9f1f-abfc7f19c00f",
        "operationState": "PROCESSING",
        "startTime": "2020-06-10T11:45:36.293Z",
        "stateEnteredTime": "2020-06-10T11:45:36.293Z"
    },
    "headers": {
        "Server": "nginx/1.17.10",
        "Date": "Wed, 10 Jun 2020 11:45:40 GMT",
        "Content-Type": "application/json",
        "Content-Length": "248",
        "Connection": "keep-alive"
    }
}</msg>
<msg timestamp="20200610 11:45:40.517" level="INFO">${outputResponse} = {'seconds': 0.021577000000000002, 'status': 200, 'body': {'id': '45782f63-a407-4cf1-943f-da3064d4e0a9', 'lcmOperationType': 'INSTANTIATE', 'nsInstanceId': 'd4fac550-c84d-446e-9f1f-abfc7f19c00f', 'oper...</msg>
<status status="PASS" starttime="20200610 11:45:40.514" endtime="20200610 11:45:40.517"></status>
</kw>
<kw name="Set Global Variable" library="BuiltIn">
<doc>Makes a variable available globally in all tests and suites.</doc>
<arguments>
<arg>@{response}</arg>
<arg>${outputResponse}</arg>
</arguments>
<msg timestamp="20200610 11:45:40.518" level="INFO">@{response} = [ {'seconds': 0.021577000000000002, 'status': 200, 'body': {'id': '45782f63-a407-4cf1-943f-da3064d4e0a9', 'lcmOperationType': 'INSTANTIATE', 'nsInstanceId': 'd4fac550-c84d-446e-9f1f-abfc7f19c00f', 'op...</msg>
<status status="PASS" starttime="20200610 11:45:40.517" endtime="20200610 11:45:40.518"></status>
</kw>
<status status="PASS" starttime="20200610 11:45:40.490" endtime="20200610 11:45:40.518"></status>
</kw>
<kw name="Check resource operationState is" library="NSLCMOperationKeywords">
<arguments>
<arg>COMPLETED</arg>
</arguments>
<kw name="Should Be Equal As Strings" library="BuiltIn">
<doc>Fails if objects are unequal after converting them to strings.</doc>
<arguments>
<arg>${response[0]['body']['operationState']}</arg>
<arg>${state}</arg>
</arguments>
<msg timestamp="20200610 11:45:40.519" level="FAIL">PROCESSING != COMPLETED</msg>
<status status="FAIL" starttime="20200610 11:45:40.518" endtime="20200610 11:45:40.519"></status>
</kw>
<status status="FAIL" starttime="20200610 11:45:40.518" endtime="20200610 11:45:40.519"></status>
</kw>
<status status="FAIL" starttime="20200610 11:45:40.489" endtime="20200610 11:45:40.519"></status>
</kw>
<kw name="Run Keywords" library="BuiltIn">
<doc>Executes all the given keywords in a sequence.</doc>
<arguments>
<arg>GET Individual NS LCM OP Occurrence</arg>
<arg>AND</arg>
<arg>Check resource operationState is</arg>
<arg>COMPLETED</arg>
</arguments>
<kw name="GET Individual NS LCM OP Occurrence" library="NSLCMOperationKeywords">
<kw name="Log" library="BuiltIn">
<doc>Logs the given message with the given level.</doc>
<arguments>
<arg>Query status information about individual NS lifecycle management operation occurrence.</arg>
</arguments>
<msg timestamp="20200610 11:45:42.520" level="INFO">Query status information about individual NS lifecycle management operation occurrence.</msg>
<status status="PASS" starttime="20200610 11:45:42.520" endtime="20200610 11:45:42.520"></status>
</kw>
<kw name="Set Headers" library="REST">
<tags>
<tag>settings</tag>
</tags>
<doc>*Sets new request headers or updates the existing.*</doc>
<arguments>
<arg>{"Accept":"${ACCEPT}"}</arg>
</arguments>
<status status="PASS" starttime="20200610 11:45:42.520" endtime="20200610 11:45:42.520"></status>
</kw>
<kw name="Run Keyword If" library="BuiltIn">
<doc>Runs the given keyword with the given arguments, if ``condition`` is true.</doc>
<arguments>
<arg>${AUTH_USAGE} == 1</arg>
<arg>Set Headers</arg>
<arg>{"Authorization":"${AUTHORIZATION}"}</arg>
</arguments>
<status status="PASS" starttime="20200610 11:45:42.521" endtime="20200610 11:45:42.521"></status>
</kw>
<kw name="Log" library="BuiltIn">
<doc>Logs the given message with the given level.</doc>
<arguments>
<arg>Execute Query and validate response</arg>
</arguments>
<msg timestamp="20200610 11:45:42.521" level="INFO">Execute Query and validate response</msg>
<status status="PASS" starttime="20200610 11:45:42.521" endtime="20200610 11:45:42.521"></status>
</kw>
<kw name="Get" library="REST">
<tags>
<tag>http</tag>
</tags>
<doc>*Sends a GET request to the endpoint.*</doc>
<arguments>
<arg>${apiRoot}/${nfvoId}/ns_lcm_op_occs/${nsLcmOpOccId}</arg>
</arguments>
<status status="PASS" starttime="20200610 11:45:42.521" endtime="20200610 11:45:42.542"></status>
</kw>
<kw name="Output" library="REST">
<tags>
<tag>I/O</tag>
</tags>
<doc>*Outputs JSON to terminal or a file.*</doc>
<arguments>
<arg>response</arg>
</arguments>
<assign>
<var>${outputResponse}</var>
</assign>
<msg timestamp="20200610 11:45:42.542" level="INFO">
{
    "seconds": 0.019007000000000003,
    "status": 200,
    "body": {
        "id": "45782f63-a407-4cf1-943f-da3064d4e0a9",
        "lcmOperationType": "INSTANTIATE",
        "nsInstanceId": "d4fac550-c84d-446e-9f1f-abfc7f19c00f",
        "operationState": "PROCESSING",
        "startTime": "2020-06-10T11:45:36.293Z",
        "stateEnteredTime": "2020-06-10T11:45:36.293Z"
    },
    "headers": {
        "Server": "nginx/1.17.10",
        "Date": "Wed, 10 Jun 2020 11:45:42 GMT",
        "Content-Type": "application/json",
        "Content-Length": "248",
        "Connection": "keep-alive"
    }
}</msg>
<msg timestamp="20200610 11:45:42.548" level="INFO">${outputResponse} = {'seconds': 0.019007000000000003, 'status': 200, 'body': {'id': '45782f63-a407-4cf1-943f-da3064d4e0a9', 'lcmOperationType': 'INSTANTIATE', 'nsInstanceId': 'd4fac550-c84d-446e-9f1f-abfc7f19c00f', 'oper...</msg>
<status status="PASS" starttime="20200610 11:45:42.542" endtime="20200610 11:45:42.548"></status>
</kw>
<kw name="Set Global Variable" library="BuiltIn">
<doc>Makes a variable available globally in all tests and suites.</doc>
<arguments>
<arg>@{response}</arg>
<arg>${outputResponse}</arg>
</arguments>
<msg timestamp="20200610 11:45:42.548" level="INFO">@{response} = [ {'seconds': 0.019007000000000003, 'status': 200, 'body': {'id': '45782f63-a407-4cf1-943f-da3064d4e0a9', 'lcmOperationType': 'INSTANTIATE', 'nsInstanceId': 'd4fac550-c84d-446e-9f1f-abfc7f19c00f', 'op...</msg>
<status status="PASS" starttime="20200610 11:45:42.548" endtime="20200610 11:45:42.548"></status>
</kw>
<status status="PASS" starttime="20200610 11:45:42.520" endtime="20200610 11:45:42.548"></status>
</kw>
<kw name="Check resource operationState is" library="NSLCMOperationKeywords">
<arguments>
<arg>COMPLETED</arg>
</arguments>
<kw name="Should Be Equal As Strings" library="BuiltIn">
<doc>Fails if objects are unequal after converting them to strings.</doc>
<arguments>
<arg>${response[0]['body']['operationState']}</arg>
<arg>${state}</arg>
</arguments>
<msg timestamp="20200610 11:45:42.549" level="FAIL">PROCESSING != COMPLETED</msg>
<status status="FAIL" starttime="20200610 11:45:42.549" endtime="20200610 11:45:42.549"></status>
</kw>
<status status="FAIL" starttime="20200610 11:45:42.548" endtime="20200610 11:45:42.549"></status>
</kw>
<status status="FAIL" starttime="20200610 11:45:42.519" endtime="20200610 11:45:42.549"></status>
</kw>
<kw name="Run Keywords" library="BuiltIn">
<doc>Executes all the given keywords in a sequence.</doc>
<arguments>
<arg>GET Individual NS LCM OP Occurrence</arg>
<arg>AND</arg>
<arg>Check resource operationState is</arg>
<arg>COMPLETED</arg>
</arguments>
<kw name="GET Individual NS LCM OP Occurrence" library="NSLCMOperationKeywords">
<kw name="Log" library="BuiltIn">
<doc>Logs the given message with the given level.</doc>
<arguments>
<arg>Query status information about individual NS lifecycle management operation occurrence.</arg>
</arguments>
<msg timestamp="20200610 11:45:44.551" level="INFO">Query status information about individual NS lifecycle management operation occurrence.</msg>
<status status="PASS" starttime="20200610 11:45:44.551" endtime="20200610 11:45:44.551"></status>
</kw>
<kw name="Set Headers" library="REST">
<tags>
<tag>settings</tag>
</tags>
<doc>*Sets new request headers or updates the existing.*</doc>
<arguments>
<arg>{"Accept":"${ACCEPT}"}</arg>
</arguments>
[...]
</test>
<status status="PASS" starttime="20200610 11:45:31.285" endtime="20200610 11:48:23.830"></status>
</suite>
<suite id="s1-s2" name="MSO-LO-NFVO-Workflow" source="/home/ubuntu/mso-lo/adaptation_layer/robotframework/MSO-LO-NFVO-Workflow.robot">
<test id="s1-s2-t1" name="GET NFVO List">
<kw name="GET NFVO List" library="NFVOOperationKeywords">
<kw name="Log" library="BuiltIn">
<doc>Logs the given message with the given level.</doc>
<arguments>
<arg>Retrive NFVO list</arg>
</arguments>
<msg timestamp="20200610 11:48:23.843" level="INFO">Retrive NFVO list</msg>
<status status="PASS" starttime="20200610 11:48:23.843" endtime="20200610 11:48:23.843"></status>
</kw>
<kw name="Set Headers" library="REST">
<tags>
<tag>settings</tag>
</tags>
<doc>*Sets new request headers or updates the existing.*</doc>
<arguments>
<arg>{"Accept":"${ACCEPT}"}</arg>
</arguments>
<status status="PASS" starttime="20200610 11:48:23.843" endtime="20200610 11:48:23.843"></status>
</kw>
<kw name="Set Headers" library="REST">
<tags>
<tag>settings</tag>
</tags>
<doc>*Sets new request headers or updates the existing.*</doc>
<arguments>
<arg>{"Content-Type": "${CONTENT_TYPE}"}</arg>
</arguments>
<status status="PASS" starttime="20200610 11:48:23.844" endtime="20200610 11:48:23.844"></status>
</kw>
<kw name="Run Keyword If" library="BuiltIn">
<doc>Runs the given keyword with the given arguments, if ``condition`` is true.</doc>
<arguments>
<arg>${AUTH_USAGE} == 1</arg>
<arg>Set Headers</arg>
<arg>{"Authorization":"${AUTHORIZATION}"}</arg>
</arguments>
<status status="PASS" starttime="20200610 11:48:23.844" endtime="20200610 11:48:23.844"></status>
</kw>
<kw name="Get" library="REST">
<tags>
<tag>http</tag>
</tags>
<doc>*Sends a GET request to the endpoint.*</doc>
<arguments>
<arg>${apiRoot}</arg>
</arguments>
<status status="PASS" starttime="20200610 11:48:23.844" endtime="20200610 11:48:23.871"></status>
</kw>
<kw name="Output" library="REST">
<tags>
<tag>I/O</tag>
</tags>
<doc>*Outputs JSON to terminal or a file.*</doc>
<arguments>
<arg>response</arg>
</arguments>
<assign>
<var>${outputResponse}</var>
</assign>
<msg timestamp="20200610 11:48:23.872" level="INFO">
{
    "seconds": 0.026056,
    "status": 200,
    "body": [
        {
            "id": 1,
            "name": "osm-turin-cnit",
            "site": "ITALY_TURIN",
            "type": "OSM"
        },
        {
            "id": 4,
            "name": "onap-rennes",
            "site": "FRANCE_RENNES",
            "type": "ONAP"
        },
        {
            "id": 5,
            "name": "osm-madrid",
            "site": "SPAIN_5TONIC",
            "type": "OSM"
        },
        {
            "id": 6,
            "name": "osm-athens-wings",
            "site": "GREECE_ATHENS",
            "type": "OSM"
        },
        {
            "id": 3,
            "name": "onap-paris",
            "site": "FRANCE_PARIS",
            "type": "ONAP"
        },
        {
            "id": 2,
            "name": "onap-nice",
            "site": "FRANCE_NICE",
            "type": "ONAP"
        }
    ],
    "headers": {
        "Server": "nginx/1.17.10",
        "Date": "Wed, 10 Jun 2020 11:48:23 GMT",
        "Content-Type": "application/json",
        "Content-Length": "399",
        "Connection": "keep-alive"
    }
}</msg>
<msg timestamp="20200610 11:48:23.873" level="INFO">${outputResponse} = {'seconds': 0.026056, 'status': 200, 'body': [{'id': 1, 'name': 'osm-turin-cnit', 'site': 'ITALY_TURIN', 'type': 'OSM'}, {'id': 4, 'name': 'onap-rennes', 'site': 'FRANCE_RENNES', 'type': 'ONAP'}, {'id...</msg>
<status status="PASS" starttime="20200610 11:48:23.872" endtime="20200610 11:48:23.873"></status>
</kw>
<kw name="Set Global Variable" library="BuiltIn">
<doc>Makes a variable available globally in all tests and suites.</doc>
<arguments>
<arg>@{response}</arg>
<arg>${outputResponse}</arg>
</arguments>
<msg timestamp="20200610 11:48:23.873" level="INFO">@{response} = [ {'seconds': 0.026056, 'status': 200, 'body': [{'id': 1, 'name': 'osm-turin-cnit', 'site': 'ITALY_TURIN', 'type': 'OSM'}, {'id': 4, 'name': 'onap-rennes', 'site': 'FRANCE_RENNES', 'type': 'ONAP'}, {'...</msg>
<status status="PASS" starttime="20200610 11:48:23.873" endtime="20200610 11:48:23.873"></status>
</kw>
<status status="PASS" starttime="20200610 11:48:23.843" endtime="20200610 11:48:23.873"></status>
</kw>
<kw name="Check HTTP Response Status Code Is" library="NSLCMOperationKeywords">
<arguments>
<arg>200</arg>
</arguments>
<kw name="Log" library="BuiltIn">
<doc>Logs the given message with the given level.</doc>
<arguments>
<arg>Validate Status code</arg>
</arguments>
<msg timestamp="20200610 11:48:23.874" level="INFO">Validate Status code</msg>
<status status="PASS" starttime="20200610 11:48:23.874" endtime="20200610 11:48:23.874"></status>
</kw>
<kw name="Should Be Equal As Strings" library="BuiltIn">
<doc>Fails if objects are unequal after converting them to strings.</doc>
<arguments>
<arg>${response[0]['status']}</arg>
<arg>${expected_status}</arg>
</arguments>
<msg timestamp="20200610 11:48:23.874" level="INFO">Argument types are:
&lt;class 'int'&gt;
&lt;type 'unicode'&gt;</msg>
<status status="PASS" starttime="20200610 11:48:23.874" endtime="20200610 11:48:23.874"></status>
</kw>
<kw name="Log" library="BuiltIn">
<doc>Logs the given message with the given level.</doc>
<arguments>
<arg>Status code validated</arg>
</arguments>
<msg timestamp="20200610 11:48:23.874" level="INFO">Status code validated</msg>
<status status="PASS" starttime="20200610 11:48:23.874" endtime="20200610 11:48:23.874"></status>
</kw>
<status status="PASS" starttime="20200610 11:48:23.873" endtime="20200610 11:48:23.875"></status>
</kw>
<kw name="Check HTTP Response Body Json Schema Is" library="NSLCMOperationKeywords">
<arguments>
<arg>${nfvo_list_schema}</arg>
</arguments>
<kw name="Validate" library="jsonschema">
<doc>Validate an instance under the given schema.</doc>
<arguments>
<arg>instance=${response[0]['body']}</arg>
<arg>schema=${input_schema}</arg>
</arguments>
<status status="PASS" starttime="20200610 11:48:23.879" endtime="20200610 11:48:23.880"></status>
</kw>
<kw name="Log" library="BuiltIn">
<doc>Logs the given message with the given level.</doc>
<arguments>
<arg>${response[0]['body']}</arg>
</arguments>
<msg timestamp="20200610 11:48:23.880" level="INFO">[{'id': 1, 'name': 'osm-turin-cnit', 'site': 'ITALY_TURIN', 'type': 'OSM'}, {'id': 4, 'name': 'onap-rennes', 'site': 'FRANCE_RENNES', 'type': 'ONAP'}, {'id': 5, 'name': 'osm-madrid', 'site': 'SPAIN_5TONIC', 'type': 'OSM'}, {'id': 6, 'name': 'osm-athens-wings', 'site': 'GREECE_ATHENS', 'type': 'OSM'}, {'id': 3, 'name': 'onap-paris', 'site': 'FRANCE_PARIS', 'type': 'ONAP'}, {'id': 2, 'name': 'onap-nice', 'site': 'FRANCE_NICE', 'type': 'ONAP'}]</msg>
<status status="PASS" starttime="20200610 11:48:23.880" endtime="20200610 11:48:23.880"></status>
</kw>
<kw name="Log" library="BuiltIn">
<doc>Logs the given message with the given level.</doc>
<arguments>
<arg>Json Schema Validation OK</arg>
</arguments>
<msg timestamp="20200610 11:48:23.881" level="INFO">Json Schema Validation OK</msg>
<status status="PASS" starttime="20200610 11:48:23.880" endtime="20200610 11:48:23.881"></status>
</kw>
<status status="PASS" starttime="20200610 11:48:23.875" endtime="20200610 11:48:23.881"></status>
</kw>
<doc>Test ID: mso-lo-test-
Test title: GET NFVO List
Test objective: The objective is to test the workflow for retriving the NFVO list
Pre-conditions: none
Post-Conditions: none</doc>
<status status="PASS" starttime="20200610 11:48:23.842" endtime="20200610 11:48:23.881" critical="yes"></status>
</test>
<test id="s1-s2-t2" name="GET Individual NFVO informations">
<kw name="GET IndividualNFVO" library="NFVOOperationKeywords">
<kw name="Log" library="BuiltIn">
<doc>Logs the given message with the given level.</doc>
<arguments>
<arg>Retrive NFVO</arg>
</arguments>
<msg timestamp="20200610 11:48:23.883" level="INFO">Retrive NFVO</msg>
<status status="PASS" starttime="20200610 11:48:23.882" endtime="20200610 11:48:23.883"></status>
</kw>
<kw name="Set Headers" library="REST">
<tags>
<tag>settings</tag>
</tags>
<doc>*Sets new request headers or updates the existing.*</doc>
<arguments>
<arg>{"Accept":"${ACCEPT}"}</arg>
</arguments>
<status status="PASS" starttime="20200610 11:48:23.883" endtime="20200610 11:48:23.883"></status>
</kw>
<kw name="Set Headers" library="REST">
<tags>
<tag>settings</tag>
</tags>
<doc>*Sets new request headers or updates the existing.*</doc>
<arguments>
<arg>{"Content-Type": "${CONTENT_TYPE}"}</arg>
</arguments>
<status status="PASS" starttime="20200610 11:48:23.883" endtime="20200610 11:48:23.883"></status>
</kw>
<kw name="Run Keyword If" library="BuiltIn">
<doc>Runs the given keyword with the given arguments, if ``condition`` is true.</doc>
<arguments>
<arg>${AUTH_USAGE} == 1</arg>
<arg>Set Headers</arg>
<arg>{"Authorization":"${AUTHORIZATION}"}</arg>
</arguments>
<status status="PASS" starttime="20200610 11:48:23.883" endtime="20200610 11:48:23.883"></status>
</kw>
<kw name="Get" library="REST">
<tags>
<tag>http</tag>
</tags>
<doc>*Sends a GET request to the endpoint.*</doc>
<arguments>
<arg>${apiRoot}/${nfvoId}</arg>
</arguments>
<status status="PASS" starttime="20200610 11:48:23.884" endtime="20200610 11:48:23.892"></status>
</kw>
<kw name="Output" library="REST">
<tags>
<tag>I/O</tag>
</tags>
<doc>*Outputs JSON to terminal or a file.*</doc>
<arguments>
<arg>response</arg>
</arguments>
<assign>
<var>${outputResponse}</var>
</assign>
<msg timestamp="20200610 11:48:23.892" level="INFO">
{
    "seconds": 0.006889999999999999,
    "status": 200,
    "body": {
        "id": 2,
        "name": "onap-nice",
        "site": "FRANCE_NICE",
        "type": "ONAP"
    },
    "headers": {
        "Server": "nginx/1.17.10",
        "Date": "Wed, 10 Jun 2020 11:48:23 GMT",
        "Content-Type": "application/json",
        "Content-Length": "63",
        "Connection": "keep-alive"
    }
}</msg>
<msg timestamp="20200610 11:48:23.894" level="INFO">${outputResponse} = {'seconds': 0.006889999999999999, 'status': 200, 'body': {'id': 2, 'name': 'onap-nice', 'site': 'FRANCE_NICE', 'type': 'ONAP'}, 'headers': {'Server': 'nginx/1.17.10', 'Date': 'Wed, 10 Jun 2020 11:48:2...</msg>
<status status="PASS" starttime="20200610 11:48:23.892" endtime="20200610 11:48:23.894"></status>
</kw>
<kw name="Set Global Variable" library="BuiltIn">
<doc>Makes a variable available globally in all tests and suites.</doc>
<arguments>
<arg>@{response}</arg>
<arg>${outputResponse}</arg>
</arguments>
<msg timestamp="20200610 11:48:23.894" level="INFO">@{response} = [ {'seconds': 0.006889999999999999, 'status': 200, 'body': {'id': 2, 'name': 'onap-nice', 'site': 'FRANCE_NICE', 'type': 'ONAP'}, 'headers': {'Server': 'nginx/1.17.10', 'Date': 'Wed, 10 Jun 2020 11:48...</msg>
<status status="PASS" starttime="20200610 11:48:23.894" endtime="20200610 11:48:23.894"></status>
</kw>
<status status="PASS" starttime="20200610 11:48:23.882" endtime="20200610 11:48:23.895"></status>
</kw>
<kw name="Check HTTP Response Status Code Is" library="NSLCMOperationKeywords">
<arguments>
<arg>200</arg>
</arguments>
<kw name="Log" library="BuiltIn">
<doc>Logs the given message with the given level.</doc>
<arguments>
<arg>Validate Status code</arg>
</arguments>
<msg timestamp="20200610 11:48:23.896" level="INFO">Validate Status code</msg>
<status status="PASS" starttime="20200610 11:48:23.895" endtime="20200610 11:48:23.896"></status>
</kw>
<kw name="Should Be Equal As Strings" library="BuiltIn">
<doc>Fails if objects are unequal after converting them to strings.</doc>
<arguments>
<arg>${response[0]['status']}</arg>
<arg>${expected_status}</arg>
</arguments>
<msg timestamp="20200610 11:48:23.896" level="INFO">Argument types are:
&lt;class 'int'&gt;
&lt;type 'unicode'&gt;</msg>
<status status="PASS" starttime="20200610 11:48:23.896" endtime="20200610 11:48:23.896"></status>
</kw>
<kw name="Log" library="BuiltIn">
<doc>Logs the given message with the given level.</doc>
<arguments>
<arg>Status code validated</arg>
</arguments>
<msg timestamp="20200610 11:48:23.896" level="INFO">Status code validated</msg>
<status status="PASS" starttime="20200610 11:48:23.896" endtime="20200610 11:48:23.896"></status>
</kw>
<status status="PASS" starttime="20200610 11:48:23.895" endtime="20200610 11:48:23.896"></status>
</kw>
<kw name="Check HTTP Response Body Json Schema Is" library="NSLCMOperationKeywords">
<arguments>
<arg>${nfvo_schema}</arg>
</arguments>
<kw name="Validate" library="jsonschema">
<doc>Validate an instance under the given schema.</doc>
<arguments>
<arg>instance=${response[0]['body']}</arg>
<arg>schema=${input_schema}</arg>
</arguments>
<status status="PASS" starttime="20200610 11:48:23.897" endtime="20200610 11:48:23.898"></status>
</kw>
<kw name="Log" library="BuiltIn">
<doc>Logs the given message with the given level.</doc>
<arguments>
<arg>${response[0]['body']}</arg>
</arguments>
<msg timestamp="20200610 11:48:23.898" level="INFO">{'id': 2, 'name': 'onap-nice', 'site': 'FRANCE_NICE', 'type': 'ONAP'}</msg>
<status status="PASS" starttime="20200610 11:48:23.898" endtime="20200610 11:48:23.898"></status>
</kw>
<kw name="Log" library="BuiltIn">
<doc>Logs the given message with the given level.</doc>
<arguments>
<arg>Json Schema Validation OK</arg>
</arguments>
<msg timestamp="20200610 11:48:23.898" level="INFO">Json Schema Validation OK</msg>
<status status="PASS" starttime="20200610 11:48:23.898" endtime="20200610 11:48:23.898"></status>
</kw>
<status status="PASS" starttime="20200610 11:48:23.897" endtime="20200610 11:48:23.898"></status>
</kw>
<doc>Test ID: mso-lo-test-
Test title: GET Individual NFVO informations
Test objective: The objective is to test the workflow for retriving the NFVO informations
Pre-conditions: none
Post-Conditions: none</doc>
<status status="PASS" starttime="20200610 11:48:23.882" endtime="20200610 11:48:23.899" critical="yes"></status>
</test>
<test id="s1-s2-t3" name="GET Individual NFVO informations inexistent">
<kw name="GET IndividualNFVO inexistent" library="NFVOOperationKeywords">
<kw name="Log" library="BuiltIn">
<doc>Logs the given message with the given level.</doc>
<arguments>
<arg>Retrive NFVO</arg>
</arguments>
<msg timestamp="20200610 11:48:23.900" level="INFO">Retrive NFVO</msg>
<status status="PASS" starttime="20200610 11:48:23.900" endtime="20200610 11:48:23.900"></status>
</kw>
<kw name="Set Headers" library="REST">
<tags>
<tag>settings</tag>
</tags>
<doc>*Sets new request headers or updates the existing.*</doc>
<arguments>
<arg>{"Accept":"${ACCEPT}"}</arg>
</arguments>
<status status="PASS" starttime="20200610 11:48:23.900" endtime="20200610 11:48:23.901"></status>
</kw>
<kw name="Set Headers" library="REST">
<tags>
<tag>settings</tag>
</tags>
<doc>*Sets new request headers or updates the existing.*</doc>
<arguments>
<arg>{"Content-Type": "${CONTENT_TYPE}"}</arg>
</arguments>
<status status="PASS" starttime="20200610 11:48:23.901" endtime="20200610 11:48:23.901"></status>
</kw>
<kw name="Run Keyword If" library="BuiltIn">
<doc>Runs the given keyword with the given arguments, if ``condition`` is true.</doc>
<arguments>
<arg>${AUTH_USAGE} == 1</arg>
<arg>Set Headers</arg>
<arg>{"Authorization":"${AUTHORIZATION}"}</arg>
</arguments>
<status status="PASS" starttime="20200610 11:48:23.901" endtime="20200610 11:48:23.901"></status>
</kw>
<kw name="Get" library="REST">
<tags>
<tag>http</tag>
</tags>
<doc>*Sends a GET request to the endpoint.*</doc>
<arguments>
<arg>${apiRoot}/${nfvoIdinexistent}</arg>
</arguments>
<status status="PASS" starttime="20200610 11:48:23.901" endtime="20200610 11:48:23.908"></status>
</kw>
<kw name="Output" library="REST">
<tags>
<tag>I/O</tag>
</tags>
<doc>*Outputs JSON to terminal or a file.*</doc>
<arguments>
<arg>response</arg>
</arguments>
<assign>
<var>${outputResponse}</var>
</assign>
<msg timestamp="20200610 11:48:23.908" level="INFO">
{
    "seconds": 0.005196,
    "status": 404,
    "body": {
        "error": "NFVO 80 not found."
    },
    "headers": {
        "Server": "nginx/1.17.10",
        "Date": "Wed, 10 Jun 2020 11:48:23 GMT",
        "Content-Type": "application/json",
        "Content-Length": "31",
        "Connection": "keep-alive"
    }
}</msg>
<msg timestamp="20200610 11:48:23.910" level="INFO">${outputResponse} = {'seconds': 0.005196, 'status': 404, 'body': {'error': 'NFVO 80 not found.'}, 'headers': {'Server': 'nginx/1.17.10', 'Date': 'Wed, 10 Jun 2020 11:48:23 GMT', 'Content-Type': 'application/json', 'Conte...</msg>
<status status="PASS" starttime="20200610 11:48:23.908" endtime="20200610 11:48:23.910"></status>
</kw>
<kw name="Set Global Variable" library="BuiltIn">
<doc>Makes a variable available globally in all tests and suites.</doc>
<arguments>
<arg>@{response}</arg>
<arg>${outputResponse}</arg>
</arguments>
<msg timestamp="20200610 11:48:23.911" level="INFO">@{response} = [ {'seconds': 0.005196, 'status': 404, 'body': {'error': 'NFVO 80 not found.'}, 'headers': {'Server': 'nginx/1.17.10', 'Date': 'Wed, 10 Jun 2020 11:48:23 GMT', 'Content-Type': 'application/json', 'Con...</msg>
<status status="PASS" starttime="20200610 11:48:23.910" endtime="20200610 11:48:23.911"></status>
</kw>
<status status="PASS" starttime="20200610 11:48:23.900" endtime="20200610 11:48:23.911"></status>
</kw>
<kw name="Check HTTP Response Status Code Is" library="NSLCMOperationKeywords">
<arguments>
<arg>404</arg>
</arguments>
<kw name="Log" library="BuiltIn">
<doc>Logs the given message with the given level.</doc>
<arguments>
<arg>Validate Status code</arg>
</arguments>
<msg timestamp="20200610 11:48:23.911" level="INFO">Validate Status code</msg>
<status status="PASS" starttime="20200610 11:48:23.911" endtime="20200610 11:48:23.911"></status>
</kw>
<kw name="Should Be Equal As Strings" library="BuiltIn">
<doc>Fails if objects are unequal after converting them to strings.</doc>
<arguments>
<arg>${response[0]['status']}</arg>
<arg>${expected_status}</arg>
</arguments>
<msg timestamp="20200610 11:48:23.912" level="INFO">Argument types are:
&lt;class 'int'&gt;
&lt;type 'unicode'&gt;</msg>
<status status="PASS" starttime="20200610 11:48:23.911" endtime="20200610 11:48:23.912"></status>
</kw>
<kw name="Log" library="BuiltIn">
<doc>Logs the given message with the given level.</doc>
<arguments>
<arg>Status code validated</arg>
</arguments>
<msg timestamp="20200610 11:48:23.912" level="INFO">Status code validated</msg>
<status status="PASS" starttime="20200610 11:48:23.912" endtime="20200610 11:48:23.912"></status>
</kw>
<status status="PASS" starttime="20200610 11:48:23.911" endtime="20200610 11:48:23.912"></status>
</kw>
<doc>Test ID: mso-lo-test-
Test title: GET Individual NFVO informations inexistent
Test objective: The objective is to test the workflow for retriving the NFVO informations
Pre-conditions: none
Post-Conditions: none</doc>
<status status="PASS" starttime="20200610 11:48:23.899" endtime="20200610 11:48:23.912" critical="yes"></status>
</test>
<status status="PASS" starttime="20200610 11:48:23.832" endtime="20200610 11:48:23.913"></status>
</suite>
<status status="PASS" starttime="20200610 11:45:31.269" endtime="20200610 11:48:23.914"></status>
</suite>
<statistics>
<total>
<stat pass="16" fail="0">Critical Tests</stat>
<stat pass="16" fail="0">All Tests</stat>
</total>
<tag>
<stat pass="11" fail="0">instantiate-terminate-workflow</stat>
<stat pass="2" fail="0">standalone</stat>
</tag>
<suite>
<stat pass="16" fail="0" id="s1" name="MSO-LO-LCM-Workflow &amp; MSO-LO-NFVO-Workflow">MSO-LO-LCM-Workflow &amp; MSO-LO-NFVO-Workflow</stat>
<stat pass="13" fail="0" id="s1-s1" name="MSO-LO-LCM-Workflow">MSO-LO-LCM-Workflow &amp; MSO-LO-NFVO-Workflow.MSO-LO-LCM-Workflow</stat>
<stat pass="3" fail="0" id="s1-s2" name="MSO-LO-NFVO-Workflow">MSO-LO-LCM-Workflow &amp; MSO-LO-NFVO-Workflow.MSO-LO-NFVO-Workflow</stat>
</suite>
</statistics>
<errors>
</errors>
</robot>
