<?xml version="1.0" encoding="UTF-8"?>
<robot generator="Robot 3.2.1 (Python 3.6.10 on linux)" generated="20200602 12:39:16.413" rpa="false">
<suite id="s1" name="MSO-LO-LCM-Workflow" source="/home/thewall/Coding/5G-EVE/mso-lo/adaptation_layer/robotframework/MSO-LO-LCM-Workflow.robot">
<test id="s1-t1" name="POST NS Instance Creation">
<kw name="POST New nsInstance" library="NSLCMOperationKeywords">
<kw name="Log" library="BuiltIn">
<doc>Logs the given message with the given level.</doc>
<arguments>
<arg>Create NS instance by POST to ${apiRoot}/${nfvoId}/ns_instances</arg>
</arguments>
<msg timestamp="20200602 12:39:18.972" level="INFO">Create NS instance by POST to nfvo/1/ns_instances</msg>
<status status="PASS" starttime="20200602 12:39:18.972" endtime="20200602 12:39:18.973"></status>
</kw>
<kw name="Set Headers" library="REST">
<tags>
<tag>settings</tag>
</tags>
<doc>*Sets new request headers or updates the existing.*</doc>
<arguments>
<arg>{"Accept":"${ACCEPT}"}</arg>
</arguments>
<status status="PASS" starttime="20200602 12:39:18.973" endtime="20200602 12:39:18.973"></status>
</kw>
<kw name="Set Headers" library="REST">
<tags>
<tag>settings</tag>
</tags>
<doc>*Sets new request headers or updates the existing.*</doc>
<arguments>
<arg>{"Content-Type": "${CONTENT_TYPE}"}</arg>
</arguments>
<status status="PASS" starttime="20200602 12:39:18.973" endtime="20200602 12:39:18.974"></status>
</kw>
<kw name="Run Keyword If" library="BuiltIn">
<doc>Runs the given keyword with the given arguments, if ``condition`` is true.</doc>
<arguments>
<arg>${AUTH_USAGE} == 1</arg>
<arg>Set Headers</arg>
<arg>{"Authorization":"${AUTHORIZATION}"}</arg>
</arguments>
<kw name="Set Headers" library="REST">
<tags>
<tag>settings</tag>
</tags>
<doc>*Sets new request headers or updates the existing.*</doc>
<arguments>
<arg>{"Authorization":"${AUTHORIZATION}"}</arg>
</arguments>
<status status="PASS" starttime="20200602 12:39:18.974" endtime="20200602 12:39:18.975"></status>
</kw>
<status status="PASS" starttime="20200602 12:39:18.974" endtime="20200602 12:39:18.975"></status>
</kw>
<kw name="Load JSON From File" library="JSONLibrary">
<doc>Load JSON from file.</doc>
<arguments>
<arg>jsons/CreateNsRequest.json</arg>
</arguments>
<assign>
<var>${body}</var>
</assign>
<msg timestamp="20200602 12:39:18.975" level="INFO">${body} = {'nsdId': '', 'nsName': 'robot_ns_test', 'nsDescription': 'Ns robotframework test'}</msg>
<status status="PASS" starttime="20200602 12:39:18.975" endtime="20200602 12:39:18.975"></status>
</kw>
<kw name="Update Value To Json" library="JSONLibrary">
<doc>Update value to JSON using JSONPath</doc>
<arguments>
<arg>${body}</arg>
<arg>$.nsdId</arg>
<arg>${nsdId}</arg>
</arguments>
<assign>
<var>${body}</var>
</assign>
<msg timestamp="20200602 12:39:19.010" level="INFO">${body} = {'nsdId': 'pingpong', 'nsName': 'robot_ns_test', 'nsDescription': 'Ns robotframework test'}</msg>
<status status="PASS" starttime="20200602 12:39:18.976" endtime="20200602 12:39:19.010"></status>
</kw>
<kw name="Post" library="REST">
<tags>
<tag>http</tag>
</tags>
<doc>*Sends a POST request to the endpoint.*</doc>
<arguments>
<arg>${apiRoot}/${nfvoId}/ns_instances</arg>
<arg>${body}</arg>
</arguments>
<status status="PASS" starttime="20200602 12:39:19.010" endtime="20200602 12:39:19.464"></status>
</kw>
<kw name="Output" library="REST">
<tags>
<tag>I/O</tag>
</tags>
<doc>*Outputs JSON to terminal or a file.*</doc>
<arguments>
<arg>response</arg>
</arguments>
<assign>
<var>${outputResponse}</var>
</assign>
<msg timestamp="20200602 12:39:19.465" level="INFO">
{
    "seconds": 0.419559,
    "status": 201,
    "body": {
        "id": "181ed7d7-b285-46f7-8181-b191301201cc",
        "nsInstanceDescription": "Ns robotframework test",
        "nsInstanceName": "robot_ns_test",
        "nsState": "NOT_INSTANTIATED",
        "nsdId": "pingpong",
        "vnfInstance": [
            {
                "id": "522b38de-f54b-4563-b4f8-3218776d82a0",
                "instantiationState": "NOT_INSTANTIATED",
                "vimId": "",
                "vnfProductName": "",
                "vnfdId": "ping"
            },
            {
                "id": "adfb46a9-79cb-42b8-96aa-7d8201b74de2",
                "instantiationState": "NOT_INSTANTIATED",
                "vimId": "",
                "vnfProductName": "",
                "vnfdId": "pong"
            }
        ]
    },
    "headers": {
        "Server": "nginx/1.17.10",
        "Date": "Tue, 02 Jun 2020 10:39:19 GMT",
        "Content-Type": "application/json",
        "Content-Length": "458",
        "Connection": "keep-alive",
        "Location": "http://localhost/nfvo/1/ns_instances/181ed7d7-b285-46f7-8181-b191301201cc"
    }
}</msg>
<msg timestamp="20200602 12:39:19.480" level="INFO">${outputResponse} = {'seconds': 0.419559, 'status': 201, 'body': {'id': '181ed7d7-b285-46f7-8181-b191301201cc', 'nsInstanceDescription': 'Ns robotframework test', 'nsInstanceName': 'robot_ns_test', 'nsState': 'NOT_INSTAN...</msg>
<status status="PASS" starttime="20200602 12:39:19.465" endtime="20200602 12:39:19.480"></status>
</kw>
<kw name="Set Global Variable" library="BuiltIn">
<doc>Makes a variable available globally in all tests and suites.</doc>
<arguments>
<arg>@{response}</arg>
<arg>${outputResponse}</arg>
</arguments>
<msg timestamp="20200602 12:39:19.481" level="INFO">@{response} = [ {'seconds': 0.419559, 'status': 201, 'body': {'id': '181ed7d7-b285-46f7-8181-b191301201cc', 'nsInstanceDescription': 'Ns robotframework test', 'nsInstanceName': 'robot_ns_test', 'nsState': 'NOT_INST...</msg>
<status status="PASS" starttime="20200602 12:39:19.480" endtime="20200602 12:39:19.481"></status>
</kw>
<status status="PASS" starttime="20200602 12:39:18.972" endtime="20200602 12:39:19.481"></status>
</kw>
<kw name="Check HTTP Response Status Code Is" library="NSLCMOperationKeywords">
<arguments>
<arg>201</arg>
</arguments>
<kw name="Log" library="BuiltIn">
<doc>Logs the given message with the given level.</doc>
<arguments>
<arg>Validate Status code</arg>
</arguments>
<msg timestamp="20200602 12:39:19.482" level="INFO">Validate Status code</msg>
<status status="PASS" starttime="20200602 12:39:19.482" endtime="20200602 12:39:19.482"></status>
</kw>
<kw name="Should Be Equal As Strings" library="BuiltIn">
<doc>Fails if objects are unequal after converting them to strings.</doc>
<arguments>
<arg>${response[0]['status']}</arg>
<arg>${expected_status}</arg>
</arguments>
<msg timestamp="20200602 12:39:19.483" level="INFO">Argument types are:
&lt;class 'int'&gt;
&lt;type 'unicode'&gt;</msg>
<status status="PASS" starttime="20200602 12:39:19.483" endtime="20200602 12:39:19.483"></status>
</kw>
<kw name="Log" library="BuiltIn">
<doc>Logs the given message with the given level.</doc>
<arguments>
<arg>Status code validated</arg>
</arguments>
<msg timestamp="20200602 12:39:19.484" level="INFO">Status code validated</msg>
<status status="PASS" starttime="20200602 12:39:19.483" endtime="20200602 12:39:19.484"></status>
</kw>
<status status="PASS" starttime="20200602 12:39:19.481" endtime="20200602 12:39:19.484"></status>
</kw>
<kw name="Check HTTP Response Header Contains" library="NSLCMOperationKeywords">
<arguments>
<arg>Location</arg>
</arguments>
<kw name="Should Contain" library="BuiltIn">
<doc>Fails if ``container`` does not contain ``item`` one or more times.</doc>
<arguments>
<arg>${response[0]['headers']}</arg>
<arg>${HEADER_TOCHECK}</arg>
</arguments>
<status status="PASS" starttime="20200602 12:39:19.484" endtime="20200602 12:39:19.485"></status>
</kw>
<kw name="Log" library="BuiltIn">
<doc>Logs the given message with the given level.</doc>
<arguments>
<arg>Header is present</arg>
</arguments>
<msg timestamp="20200602 12:39:19.485" level="INFO">Header is present</msg>
<status status="PASS" starttime="20200602 12:39:19.485" endtime="20200602 12:39:19.485"></status>
</kw>
<status status="PASS" starttime="20200602 12:39:19.484" endtime="20200602 12:39:19.485"></status>
</kw>
<kw name="Check HTTP Response Body Json Schema Is" library="NSLCMOperationKeywords">
<arguments>
<arg>${ns_schema}</arg>
</arguments>
<kw name="Validate" library="jsonschema">
<doc>Validate an instance under the given schema.</doc>
<arguments>
<arg>instance=${response[0]['body']}</arg>
<arg>schema=${input_schema}</arg>
</arguments>
<status status="PASS" starttime="20200602 12:39:19.486" endtime="20200602 12:39:19.490"></status>
</kw>
<kw name="Log" library="BuiltIn">
<doc>Logs the given message with the given level.</doc>
<arguments>
<arg>${response[0]['body']}</arg>
</arguments>
<msg timestamp="20200602 12:39:19.491" level="INFO">{'id': '181ed7d7-b285-46f7-8181-b191301201cc', 'nsInstanceDescription': 'Ns robotframework test', 'nsInstanceName': 'robot_ns_test', 'nsState': 'NOT_INSTANTIATED', 'nsdId': 'pingpong', 'vnfInstance': [{'id': '522b38de-f54b-4563-b4f8-3218776d82a0', 'instantiationState': 'NOT_INSTANTIATED', 'vimId': '', 'vnfProductName': '', 'vnfdId': 'ping'}, {'id': 'adfb46a9-79cb-42b8-96aa-7d8201b74de2', 'instantiationState': 'NOT_INSTANTIATED', 'vimId': '', 'vnfProductName': '', 'vnfdId': 'pong'}]}</msg>
<status status="PASS" starttime="20200602 12:39:19.491" endtime="20200602 12:39:19.491"></status>
</kw>
<kw name="Log" library="BuiltIn">
<doc>Logs the given message with the given level.</doc>
<arguments>
<arg>Json Schema Validation OK</arg>
</arguments>
<msg timestamp="20200602 12:39:19.491" level="INFO">Json Schema Validation OK</msg>
<status status="PASS" starttime="20200602 12:39:19.491" endtime="20200602 12:39:19.491"></status>
</kw>
<status status="PASS" starttime="20200602 12:39:19.486" endtime="20200602 12:39:19.492"></status>
</kw>
<kw name="Check NS Id" library="NSLCMOperationKeywords">
<kw name="Set Global Variable" library="BuiltIn">
<doc>Makes a variable available globally in all tests and suites.</doc>
<arguments>
<arg>${nsInstanceId}</arg>
<arg>${response[0]['body']['id']}</arg>
</arguments>
<msg timestamp="20200602 12:39:19.493" level="INFO">${nsInstanceId} = 181ed7d7-b285-46f7-8181-b191301201cc</msg>
<status status="PASS" starttime="20200602 12:39:19.492" endtime="20200602 12:39:19.493"></status>
</kw>
<kw name="Should Not Be Empty" library="BuiltIn">
<doc>Verifies that the given item is not empty.</doc>
<arguments>
<arg>${nsInstanceId}</arg>
</arguments>
<msg timestamp="20200602 12:39:19.493" level="INFO">Length is 36</msg>
<status status="PASS" starttime="20200602 12:39:19.493" endtime="20200602 12:39:19.493"></status>
</kw>
<status status="PASS" starttime="20200602 12:39:19.492" endtime="20200602 12:39:19.494"></status>
</kw>
<kw name="Check VNF Ids" library="NSLCMOperationKeywords">
<kw name="Set Variable" library="BuiltIn">
<doc>Returns the given values which can then be assigned to a variables.</doc>
<arguments>
<arg>${response[0]['body']['vnfInstance']}</arg>
</arguments>
<assign>
<var>${vnfInstances}</var>
</assign>
<msg timestamp="20200602 12:39:19.495" level="INFO">${vnfInstances} = [{'id': '522b38de-f54b-4563-b4f8-3218776d82a0', 'instantiationState': 'NOT_INSTANTIATED', 'vimId': '', 'vnfProductName': '', 'vnfdId': 'ping'}, {'id': 'adfb46a9-79cb-42b8-96aa-7d8201b74de2', 'instanti...</msg>
<status status="PASS" starttime="20200602 12:39:19.494" endtime="20200602 12:39:19.495"></status>
</kw>
<kw name="Evaluate" library="BuiltIn">
<doc>Evaluates the given expression in Python and returns the result.</doc>
<arguments>
<arg>[v['id'] for v in ${vnfInstances}]</arg>
</arguments>
<assign>
<var>${vnfInstances}</var>
</assign>
<msg timestamp="20200602 12:39:19.496" level="INFO">${vnfInstances} = ['522b38de-f54b-4563-b4f8-3218776d82a0', 'adfb46a9-79cb-42b8-96aa-7d8201b74de2']</msg>
<status status="PASS" starttime="20200602 12:39:19.495" endtime="20200602 12:39:19.496"></status>
</kw>
<kw name="Set Global Variable" library="BuiltIn">
<doc>Makes a variable available globally in all tests and suites.</doc>
<arguments>
<arg>${vnfInstanceIds}</arg>
<arg>${vnfInstances}</arg>
</arguments>
<msg timestamp="20200602 12:39:19.497" level="INFO">${vnfInstanceIds} = ['522b38de-f54b-4563-b4f8-3218776d82a0', 'adfb46a9-79cb-42b8-96aa-7d8201b74de2']</msg>
<status status="PASS" starttime="20200602 12:39:19.496" endtime="20200602 12:39:19.497"></status>
</kw>
<kw name="Log" library="BuiltIn">
<doc>Logs the given message with the given level.</doc>
<arguments>
<arg>${vnfInstances}</arg>
</arguments>
<msg timestamp="20200602 12:39:19.497" level="INFO">['522b38de-f54b-4563-b4f8-3218776d82a0', 'adfb46a9-79cb-42b8-96aa-7d8201b74de2']</msg>
<status status="PASS" starttime="20200602 12:39:19.497" endtime="20200602 12:39:19.497"></status>
</kw>
<kw name="Should Not Be Empty" library="BuiltIn">
<doc>Verifies that the given item is not empty.</doc>
<arguments>
<arg>${vnfInstanceIds}</arg>
</arguments>
<msg timestamp="20200602 12:39:19.497" level="INFO">Length is 2</msg>
<status status="PASS" starttime="20200602 12:39:19.497" endtime="20200602 12:39:19.498"></status>
</kw>
<status status="PASS" starttime="20200602 12:39:19.494" endtime="20200602 12:39:19.498"></status>
</kw>
<kw name="Check resource not_instantiated" library="NSLCMOperationKeywords">
<kw name="Set Headers" library="REST">
<tags>
<tag>settings</tag>
</tags>
<doc>*Sets new request headers or updates the existing.*</doc>
<arguments>
<arg>{"Accept":"${ACCEPT}"}</arg>
</arguments>
<status status="PASS" starttime="20200602 12:39:19.498" endtime="20200602 12:39:19.499"></status>
</kw>
<kw name="Set Headers" library="REST">
<tags>
<tag>settings</tag>
</tags>
<doc>*Sets new request headers or updates the existing.*</doc>
<arguments>
<arg>{"Content-Type": "${CONTENT_TYPE}"}</arg>
</arguments>
<status status="PASS" starttime="20200602 12:39:19.499" endtime="20200602 12:39:19.499"></status>
</kw>
<kw name="Run Keyword If" library="BuiltIn">
<doc>Runs the given keyword with the given arguments, if ``condition`` is true.</doc>
<arguments>
<arg>${AUTH_USAGE} == 1</arg>
<arg>Set Headers</arg>
<arg>{"Authorization":"${AUTHORIZATION}"}</arg>
</arguments>
<kw name="Set Headers" library="REST">
<tags>
<tag>settings</tag>
</tags>
<doc>*Sets new request headers or updates the existing.*</doc>
<arguments>
<arg>{"Authorization":"${AUTHORIZATION}"}</arg>
</arguments>
<status status="PASS" starttime="20200602 12:39:19.499" endtime="20200602 12:39:19.500"></status>
</kw>
<status status="PASS" starttime="20200602 12:39:19.499" endtime="20200602 12:39:19.500"></status>
</kw>
<kw name="Get" library="REST">
<tags>
<tag>http</tag>
</tags>
<doc>*Sends a GET request to the endpoint.*</doc>
<arguments>
<arg>${apiRoot}/${nfvoId}/ns_instances/${nsInstanceId}</arg>
</arguments>
<status status="PASS" starttime="20200602 12:39:19.500" endtime="20200602 12:39:19.706"></status>
</kw>
<kw name="String" library="REST">
<tags>
<tag>assertions</tag>
</tags>
<doc>*Asserts the field as JSON string.*</doc>
<arguments>
<arg>response body nsState</arg>
<arg>NOT_INSTANTIATED</arg>
</arguments>
<status status="PASS" starttime="20200602 12:39:19.707" endtime="20200602 12:39:19.707"></status>
</kw>
<status status="PASS" starttime="20200602 12:39:19.498" endtime="20200602 12:39:19.707"></status>
</kw>
<kw name="POST New Subscription Good" library="NSLCMOperationKeywords">
<kw name="Log" library="BuiltIn">
<doc>Logs the given message with the given level.</doc>
<arguments>
<arg>Create subscription instance by POST to ${apiRoot}/${nfvoId}/subscriptions</arg>
</arguments>
<msg timestamp="20200602 12:39:19.708" level="INFO">Create subscription instance by POST to nfvo/1/subscriptions</msg>
<status status="PASS" starttime="20200602 12:39:19.708" endtime="20200602 12:39:19.708"></status>
</kw>
<kw name="Set Headers" library="REST">
<tags>
<tag>settings</tag>
</tags>
<doc>*Sets new request headers or updates the existing.*</doc>
<arguments>
<arg>{"Accept":"${ACCEPT}"}</arg>
</arguments>
<status status="PASS" starttime="20200602 12:39:19.709" endtime="20200602 12:39:19.709"></status>
</kw>
<kw name="Set Headers" library="REST">
<tags>
<tag>settings</tag>
</tags>
<doc>*Sets new request headers or updates the existing.*</doc>
<arguments>
<arg>{"Content-Type": "${CONTENT_TYPE}"}</arg>
</arguments>
<status status="PASS" starttime="20200602 12:39:19.709" endtime="20200602 12:39:19.709"></status>
</kw>
<kw name="Run Keyword If" library="BuiltIn">
<doc>Runs the given keyword with the given arguments, if ``condition`` is true.</doc>
<arguments>
<arg>${AUTH_USAGE} == 1</arg>
<arg>Set Headers</arg>
<arg>{"Authorization":"${AUTHORIZATION}"}</arg>
</arguments>
<kw name="Set Headers" library="REST">
<tags>
<tag>settings</tag>
</tags>
<doc>*Sets new request headers or updates the existing.*</doc>
<arguments>
<arg>{"Authorization":"${AUTHORIZATION}"}</arg>
</arguments>
<status status="PASS" starttime="20200602 12:39:19.710" endtime="20200602 12:39:19.710"></status>
</kw>
<status status="PASS" starttime="20200602 12:39:19.709" endtime="20200602 12:39:19.710"></status>
</kw>
<kw name="Load JSON From File" library="JSONLibrary">
<doc>Load JSON from file.</doc>
<arguments>
<arg>jsons/LccnSubscriptionRequest.json</arg>
</arguments>
<assign>
<var>${body}</var>
</assign>
<msg timestamp="20200602 12:39:19.714" level="INFO">${body} = {'callbackUri': 'http://localhost:9097/', 'nsInstanceId': '45f95003-4dd1-4e20-87cf-4373c9f4e946', 'notificationTypes': ['NsLcmOperationOccurrenceNotification', 'NsIdentifierDeletionNotification', 'NsI...</msg>
<status status="PASS" starttime="20200602 12:39:19.710" endtime="20200602 12:39:19.714"></status>
</kw>
<kw name="Update Value To Json" library="JSONLibrary">
<doc>Update value to JSON using JSONPath</doc>
<arguments>
<arg>${body}</arg>
<arg>$.nsInstanceId</arg>
<arg>${nsInstanceId}</arg>
</arguments>
<assign>
<var>${body}</var>
</assign>
<msg timestamp="20200602 12:39:19.743" level="INFO">${body} = {'callbackUri': 'http://localhost:9097/', 'nsInstanceId': '181ed7d7-b285-46f7-8181-b191301201cc', 'notificationTypes': ['NsLcmOperationOccurrenceNotification', 'NsIdentifierDeletionNotification', 'NsI...</msg>
<status status="PASS" starttime="20200602 12:39:19.714" endtime="20200602 12:39:19.743"></status>
</kw>
<kw name="Update Value To Json" library="JSONLibrary">
<doc>Update value to JSON using JSONPath</doc>
<arguments>
<arg>${body}</arg>
<arg>$.callbackUri</arg>
<arg>${notificationUri}</arg>
</arguments>
<assign>
<var>${body}</var>
</assign>
<msg timestamp="20200602 12:39:19.770" level="INFO">${body} = {'callbackUri': 'http://192.168.17.20:8083/', 'nsInstanceId': '181ed7d7-b285-46f7-8181-b191301201cc', 'notificationTypes': ['NsLcmOperationOccurrenceNotification', 'NsIdentifierDeletionNotification', ...</msg>
<status status="PASS" starttime="20200602 12:39:19.743" endtime="20200602 12:39:19.770"></status>
</kw>
<kw name="Post" library="REST">
<tags>
<tag>http</tag>
</tags>
<doc>*Sends a POST request to the endpoint.*</doc>
<arguments>
<arg>${apiRoot}/${nfvoId}/subscriptions</arg>
<arg>${body}</arg>
</arguments>
<status status="PASS" starttime="20200602 12:39:19.770" endtime="20200602 12:39:19.852"></status>
</kw>
<kw name="Output" library="REST">
<tags>
<tag>I/O</tag>
</tags>
<doc>*Outputs JSON to terminal or a file.*</doc>
<arguments>
<arg>response</arg>
</arguments>
<assign>
<var>${outputResponse}</var>
</assign>
<msg timestamp="20200602 12:39:19.853" level="INFO">
{
    "seconds": 0.078998,
    "status": 201,
    "body": {
        "_links": {
            "lccnSubscription": {
                "href": "http://192.168.17.20:8087/subscriptions/1"
            },
            "nfvOrchestrators": {
                "href": "http://192.168.17.20:8087/subscriptions/1/nfvOrchestrators"
            },
            "self": {
                "href": "http://192.168.17.20:8087/subscriptions/1"
            }
        },
        "callbackUri": "http://192.168.17.20:8083/",
        "id": 1,
        "notificationTypes": [
            "NsLcmOperationOccurrenceNotification",
            "NsIdentifierDeletionNotification",
            "NsIdentifierCreationNotification"
        ],
        "nsInstanceId": "181ed7d7-b285-46f7-8181-b191301201cc"
    },
    "headers": {
        "Server": "nginx/1.17.10",
        "Date": "Tue, 02 Jun 2020 10:39:19 GMT",
        "Content-Type": "application/json",
        "Content-Length": "469",
        "Connection": "keep-alive"
    }
}</msg>
<msg timestamp="20200602 12:39:19.855" level="INFO">${outputResponse} = {'seconds': 0.078998, 'status': 201, 'body': {'_links': {'lccnSubscription': {'href': 'http://192.168.17.20:8087/subscriptions/1'}, 'nfvOrchestrators': {'href': 'http://192.168.17.20:8087/subscription...</msg>
<status status="PASS" starttime="20200602 12:39:19.853" endtime="20200602 12:39:19.855"></status>
</kw>
<kw name="Set Global Variable" library="BuiltIn">
<doc>Makes a variable available globally in all tests and suites.</doc>
<arguments>
<arg>@{response}</arg>
<arg>${outputResponse}</arg>
</arguments>
<msg timestamp="20200602 12:39:19.856" level="INFO">@{response} = [ {'seconds': 0.078998, 'status': 201, 'body': {'_links': {'lccnSubscription': {'href': 'http://192.168.17.20:8087/subscriptions/1'}, 'nfvOrchestrators': {'href': 'http://192.168.17.20:8087/subscripti...</msg>
<status status="PASS" starttime="20200602 12:39:19.855" endtime="20200602 12:39:19.856"></status>
</kw>
<status status="PASS" starttime="20200602 12:39:19.708" endtime="20200602 12:39:19.856"></status>
</kw>
<kw name="Check Sub Id" library="NSLCMOperationKeywords">
<kw name="Set Global Variable" library="BuiltIn">
<doc>Makes a variable available globally in all tests and suites.</doc>
<arguments>
<arg>${subscriptionId}</arg>
<arg>${response[0]['body']['id']}</arg>
</arguments>
<msg timestamp="20200602 12:39:19.859" level="INFO">${subscriptionId} = 1</msg>
<status status="PASS" starttime="20200602 12:39:19.857" endtime="20200602 12:39:19.859"></status>
</kw>
<status status="PASS" starttime="20200602 12:39:19.857" endtime="20200602 12:39:19.859"></status>
</kw>
<doc>Test ID: mso-lo-test-3.2
Test title: POST NS Instance Creation
Test objective: The objective is to test the workflow for Creating a NS instance
Pre-conditions: none
Post-Conditions: The NS lifecycle management operation occurrence is in NOT_ISTANTIATED state</doc>
<tags>
<tag>instantiate-terminate-workflow</tag>
</tags>
<status status="PASS" starttime="20200602 12:39:18.970" endtime="20200602 12:39:19.860" critical="yes"></status>
</test>
<test id="s1-t2" name="GET NS Instance List">
<kw name="GET NsInstances" library="NSLCMOperationKeywords">
<kw name="Log" library="BuiltIn">
<doc>Logs the given message with the given level.</doc>
<arguments>
<arg>Query NS The GET method queries information about multiple NS instances.</arg>
</arguments>
<msg timestamp="20200602 12:39:19.862" level="INFO">Query NS The GET method queries information about multiple NS instances.</msg>
<status status="PASS" starttime="20200602 12:39:19.862" endtime="20200602 12:39:19.863"></status>
</kw>
<kw name="Set Headers" library="REST">
<tags>
<tag>settings</tag>
</tags>
<doc>*Sets new request headers or updates the existing.*</doc>
<arguments>
<arg>{"Accept":"${ACCEPT}"}</arg>
</arguments>
<status status="PASS" starttime="20200602 12:39:19.863" endtime="20200602 12:39:19.863"></status>
</kw>
<kw name="Set Headers" library="REST">
<tags>
<tag>settings</tag>
</tags>
<doc>*Sets new request headers or updates the existing.*</doc>
<arguments>
<arg>{"Content-Type": "${CONTENT_TYPE}"}</arg>
</arguments>
<status status="PASS" starttime="20200602 12:39:19.864" endtime="20200602 12:39:19.864"></status>
</kw>
<kw name="Run Keyword If" library="BuiltIn">
<doc>Runs the given keyword with the given arguments, if ``condition`` is true.</doc>
<arguments>
<arg>${AUTH_USAGE} == 1</arg>
<arg>Set Headers</arg>
<arg>{"Authorization":"${AUTHORIZATION}"}</arg>
</arguments>
<kw name="Set Headers" library="REST">
<tags>
<tag>settings</tag>
</tags>
<doc>*Sets new request headers or updates the existing.*</doc>
<arguments>
<arg>{"Authorization":"${AUTHORIZATION}"}</arg>
</arguments>
<status status="PASS" starttime="20200602 12:39:19.865" endtime="20200602 12:39:19.866"></status>
</kw>
<status status="PASS" starttime="20200602 12:39:19.865" endtime="20200602 12:39:19.866"></status>
</kw>
<kw name="Get" library="REST">
<tags>
<tag>http</tag>
</tags>
<doc>*Sends a GET request to the endpoint.*</doc>
<arguments>
<arg>${apiRoot}/${nfvoId}/ns_instances</arg>
</arguments>
<status status="PASS" starttime="20200602 12:39:19.867" endtime="20200602 12:39:20.138"></status>
</kw>
<kw name="Output" library="REST">
<tags>
<tag>I/O</tag>
</tags>
<doc>*Outputs JSON to terminal or a file.*</doc>
<arguments>
<arg>response</arg>
</arguments>
<assign>
<var>${outputResponse}</var>
</assign>
<msg timestamp="20200602 12:39:20.139" level="INFO">
{
    "seconds": 0.26732,
    "status": 200,
    "body": [
        {
            "id": "deef36da-bb09-4169-9213-5f739ed3f56a",
            "nsInstanceDescription": "test",
            "nsInstanceName": "test-vld-vim-network",
            "nsState": "NOT_INSTANTIATED",
            "nsdId": "pingpong",
            "vnfInstance": [
                {
                    "id": "917388fa-8785-4f3f-acf9-684c62932416",
                    "instantiationState": "NOT_INSTANTIATED",
                    "vimId": "c25ce403-b664-48e3-b790-9ed7635feffc",
                    "vnfProductName": "",
                    "vnfdId": "ping"
                },
                {
                    "id": "500cd431-2c4e-4547-8150-d20df4e4b459",
                    "instantiationState": "NOT_INSTANTIATED",
                    "vimId": "c25ce403-b664-48e3-b790-9ed7635feffc",
                    "vnfProductName": "",
                    "vnfdId": "pong"
                }
            ]
        },
        {
            "id": "181ed7d7-b285-46f7-8181-b191301201cc",
            "nsInstanceDescription": "Ns robotframework test",
            "nsInstanceName": "robot_ns_test",
            "nsState": "NOT_INSTANTIATED",
            "nsdId": "pingpong",
            "vnfInstance": [
                {
                    "id": "522b38de-f54b-4563-b4f8-3218776d82a0",
                    "instantiationState": "NOT_INSTANTIATED",
                    "vimId": "",
                    "vnfProductName": "",
                    "vnfdId": "ping"
                },
                {
                    "id": "adfb46a9-79cb-42b8-96aa-7d8201b74de2",
                    "instantiationState": "NOT_INSTANTIATED",
                    "vimId": "",
                    "vnfProductName": "",
                    "vnfdId": "pong"
                }
            ]
        }
    ],
    "headers": {
        "Server": "nginx/1.17.10",
        "Date": "Tue, 02 Jun 2020 10:39:20 GMT",
        "Content-Type": "application/json",
        "Content-Length": "979",
        "Connection": "keep-alive"
    }
}</msg>
<msg timestamp="20200602 12:39:20.141" level="INFO">${outputResponse} = {'seconds': 0.26732, 'status': 200, 'body': [{'id': 'deef36da-bb09-4169-9213-5f739ed3f56a', 'nsInstanceDescription': 'test', 'nsInstanceName': 'test-vld-vim-network', 'nsState': 'NOT_INSTANTIATED', 'n...</msg>
<status status="PASS" starttime="20200602 12:39:20.138" endtime="20200602 12:39:20.141"></status>
</kw>
<kw name="Set Global Variable" library="BuiltIn">
<doc>Makes a variable available globally in all tests and suites.</doc>
<arguments>
<arg>@{response}</arg>
<arg>${outputResponse}</arg>
</arguments>
<msg timestamp="20200602 12:39:20.141" level="INFO">@{response} = [ {'seconds': 0.26732, 'status': 200, 'body': [{'id': 'deef36da-bb09-4169-9213-5f739ed3f56a', 'nsInstanceDescription': 'test', 'nsInstanceName': 'test-vld-vim-network', 'nsState': 'NOT_INSTANTIATED', ...</msg>
<status status="PASS" starttime="20200602 12:39:20.141" endtime="20200602 12:39:20.141"></status>
</kw>
<status status="PASS" starttime="20200602 12:39:19.861" endtime="20200602 12:39:20.142"></status>
</kw>
<kw name="Check HTTP Response Status Code Is" library="NSLCMOperationKeywords">
<arguments>
<arg>200</arg>
</arguments>
<kw name="Log" library="BuiltIn">
<doc>Logs the given message with the given level.</doc>
<arguments>
<arg>Validate Status code</arg>
</arguments>
<msg timestamp="20200602 12:39:20.142" level="INFO">Validate Status code</msg>
<status status="PASS" starttime="20200602 12:39:20.142" endtime="20200602 12:39:20.143"></status>
</kw>
<kw name="Should Be Equal As Strings" library="BuiltIn">
<doc>Fails if objects are unequal after converting them to strings.</doc>
<arguments>
<arg>${response[0]['status']}</arg>
<arg>${expected_status}</arg>
</arguments>
<msg timestamp="20200602 12:39:20.143" level="INFO">Argument types are:
&lt;class 'int'&gt;
&lt;type 'unicode'&gt;</msg>
<status status="PASS" starttime="20200602 12:39:20.143" endtime="20200602 12:39:20.143"></status>
</kw>
<kw name="Log" library="BuiltIn">
<doc>Logs the given message with the given level.</doc>
<arguments>
<arg>Status code validated</arg>
</arguments>
<msg timestamp="20200602 12:39:20.143" level="INFO">Status code validated</msg>
<status status="PASS" starttime="20200602 12:39:20.143" endtime="20200602 12:39:20.144"></status>
</kw>
<status status="PASS" starttime="20200602 12:39:20.142" endtime="20200602 12:39:20.144"></status>
</kw>
<kw name="Check HTTP Response Body Json Schema Is" library="NSLCMOperationKeywords">
<arguments>
<arg>${ns_list_schema}</arg>
</arguments>
<kw name="Validate" library="jsonschema">
<doc>Validate an instance under the given schema.</doc>
<arguments>
<arg>instance=${response[0]['body']}</arg>
<arg>schema=${input_schema}</arg>
</arguments>
<status status="PASS" starttime="20200602 12:39:20.144" endtime="20200602 12:39:20.149"></status>
</kw>
<kw name="Log" library="BuiltIn">
<doc>Logs the given message with the given level.</doc>
<arguments>
<arg>${response[0]['body']}</arg>
</arguments>
<msg timestamp="20200602 12:39:20.150" level="INFO">[{'id': 'deef36da-bb09-4169-9213-5f739ed3f56a', 'nsInstanceDescription': 'test', 'nsInstanceName': 'test-vld-vim-network', 'nsState': 'NOT_INSTANTIATED', 'nsdId': 'pingpong', 'vnfInstance': [{'id': '917388fa-8785-4f3f-acf9-684c62932416', 'instantiationState': 'NOT_INSTANTIATED', 'vimId': 'c25ce403-b664-48e3-b790-9ed7635feffc', 'vnfProductName': '', 'vnfdId': 'ping'}, {'id': '500cd431-2c4e-4547-8150-d20df4e4b459', 'instantiationState': 'NOT_INSTANTIATED', 'vimId': 'c25ce403-b664-48e3-b790-9ed7635feffc', 'vnfProductName': '', 'vnfdId': 'pong'}]}, {'id': '181ed7d7-b285-46f7-8181-b191301201cc', 'nsInstanceDescription': 'Ns robotframework test', 'nsInstanceName': 'robot_ns_test', 'nsState': 'NOT_INSTANTIATED', 'nsdId': 'pingpong', 'vnfInstance': [{'id': '522b38de-f54b-4563-b4f8-3218776d82a0', 'instantiationState': 'NOT_INSTANTIATED', 'vimId': '', 'vnfProductName': '', 'vnfdId': 'ping'}, {'id': 'adfb46a9-79cb-42b8-96aa-7d8201b74de2', 'instantiationState': 'NOT_INSTANTIATED', 'vimId': '', 'vnfProductName': '', 'vnfdId': 'pong'}]}]</msg>
<status status="PASS" starttime="20200602 12:39:20.149" endtime="20200602 12:39:20.150"></status>
</kw>
<kw name="Log" library="BuiltIn">
<doc>Logs the given message with the given level.</doc>
<arguments>
<arg>Json Schema Validation OK</arg>
</arguments>
<msg timestamp="20200602 12:39:20.150" level="INFO">Json Schema Validation OK</msg>
<status status="PASS" starttime="20200602 12:39:20.150" endtime="20200602 12:39:20.150"></status>
</kw>
<status status="PASS" starttime="20200602 12:39:20.144" endtime="20200602 12:39:20.150"></status>
</kw>
<doc>Test ID: mso-lo-test-3.1
Test title: GET NS Instance List
Test objective: The objective is to test the workflow for retriving the NS instance list
Pre-conditions: none
Post-Conditions: none</doc>
<tags>
<tag>instantiate-terminate-workflow</tag>
</tags>
<status status="PASS" starttime="20200602 12:39:19.860" endtime="20200602 12:39:20.151" critical="yes"></status>
</test>
<test id="s1-t3" name="GET Information about an individual NS Instance">
<kw name="GET IndividualNSInstance" library="NSLCMOperationKeywords">
<kw name="Log" library="BuiltIn">
<doc>Logs the given message with the given level.</doc>
<arguments>
<arg>Trying to get information about an individual NS instance</arg>
</arguments>
<msg timestamp="20200602 12:39:20.154" level="INFO">Trying to get information about an individual NS instance</msg>
<status status="PASS" starttime="20200602 12:39:20.153" endtime="20200602 12:39:20.154"></status>
</kw>
<kw name="Set Headers" library="REST">
<tags>
<tag>settings</tag>
</tags>
<doc>*Sets new request headers or updates the existing.*</doc>
<arguments>
<arg>{"Accept":"${ACCEPT}"}</arg>
</arguments>
<status status="PASS" starttime="20200602 12:39:20.154" endtime="20200602 12:39:20.154"></status>
</kw>
<kw name="Set Headers" library="REST">
<tags>
<tag>settings</tag>
</tags>
<doc>*Sets new request headers or updates the existing.*</doc>
<arguments>
<arg>{"Content-Type": "${CONTENT_TYPE}"}</arg>
</arguments>
<status status="PASS" starttime="20200602 12:39:20.154" endtime="20200602 12:39:20.155"></status>
</kw>
<kw name="Run Keyword If" library="BuiltIn">
<doc>Runs the given keyword with the given arguments, if ``condition`` is true.</doc>
<arguments>
<arg>${AUTH_USAGE} == 1</arg>
<arg>Set Headers</arg>
<arg>{"Authorization":"${AUTHORIZATION}"}</arg>
</arguments>
<kw name="Set Headers" library="REST">
<tags>
<tag>settings</tag>
</tags>
<doc>*Sets new request headers or updates the existing.*</doc>
<arguments>
<arg>{"Authorization":"${AUTHORIZATION}"}</arg>
</arguments>
<status status="PASS" starttime="20200602 12:39:20.156" endtime="20200602 12:39:20.156"></status>
</kw>
<status status="PASS" starttime="20200602 12:39:20.155" endtime="20200602 12:39:20.156"></status>
</kw>
<kw name="Get" library="REST">
<tags>
<tag>http</tag>
</tags>
<doc>*Sends a GET request to the endpoint.*</doc>
<arguments>
<arg>${apiRoot}/${nfvoId}/ns_instances/${nsInstanceId}</arg>
</arguments>
<status status="PASS" starttime="20200602 12:39:20.156" endtime="20200602 12:39:20.298"></status>
</kw>
<kw name="Output" library="REST">
<tags>
<tag>I/O</tag>
</tags>
<doc>*Outputs JSON to terminal or a file.*</doc>
<arguments>
<arg>response</arg>
</arguments>
<assign>
<var>${outputResponse}</var>
</assign>
<msg timestamp="20200602 12:39:20.299" level="INFO">
{
    "seconds": 0.138929,
    "status": 200,
    "body": {
        "id": "181ed7d7-b285-46f7-8181-b191301201cc",
        "nsInstanceDescription": "Ns robotframework test",
        "nsInstanceName": "robot_ns_test",
        "nsState": "NOT_INSTANTIATED",
        "nsdId": "pingpong",
        "vnfInstance": [
            {
                "id": "522b38de-f54b-4563-b4f8-3218776d82a0",
                "instantiationState": "NOT_INSTANTIATED",
                "vimId": "",
                "vnfProductName": "",
                "vnfdId": "ping"
            },
            {
                "id": "adfb46a9-79cb-42b8-96aa-7d8201b74de2",
                "instantiationState": "NOT_INSTANTIATED",
                "vimId": "",
                "vnfProductName": "",
                "vnfdId": "pong"
            }
        ]
    },
    "headers": {
        "Server": "nginx/1.17.10",
        "Date": "Tue, 02 Jun 2020 10:39:20 GMT",
        "Content-Type": "application/json",
        "Content-Length": "458",
        "Connection": "keep-alive"
    }
}</msg>
<msg timestamp="20200602 12:39:20.300" level="INFO">${outputResponse} = {'seconds': 0.138929, 'status': 200, 'body': {'id': '181ed7d7-b285-46f7-8181-b191301201cc', 'nsInstanceDescription': 'Ns robotframework test', 'nsInstanceName': 'robot_ns_test', 'nsState': 'NOT_INSTAN...</msg>
<status status="PASS" starttime="20200602 12:39:20.298" endtime="20200602 12:39:20.300"></status>
</kw>
<kw name="Set Global Variable" library="BuiltIn">
<doc>Makes a variable available globally in all tests and suites.</doc>
<arguments>
<arg>@{response}</arg>
<arg>${outputResponse}</arg>
</arguments>
<msg timestamp="20200602 12:39:20.301" level="INFO">@{response} = [ {'seconds': 0.138929, 'status': 200, 'body': {'id': '181ed7d7-b285-46f7-8181-b191301201cc', 'nsInstanceDescription': 'Ns robotframework test', 'nsInstanceName': 'robot_ns_test', 'nsState': 'NOT_INST...</msg>
<status status="PASS" starttime="20200602 12:39:20.300" endtime="20200602 12:39:20.301"></status>
</kw>
<status status="PASS" starttime="20200602 12:39:20.153" endtime="20200602 12:39:20.301"></status>
</kw>
<kw name="Check HTTP Response Status Code Is" library="NSLCMOperationKeywords">
<arguments>
<arg>200</arg>
</arguments>
<kw name="Log" library="BuiltIn">
<doc>Logs the given message with the given level.</doc>
<arguments>
<arg>Validate Status code</arg>
</arguments>
<msg timestamp="20200602 12:39:20.301" level="INFO">Validate Status code</msg>
<status status="PASS" starttime="20200602 12:39:20.301" endtime="20200602 12:39:20.302"></status>
</kw>
<kw name="Should Be Equal As Strings" library="BuiltIn">
<doc>Fails if objects are unequal after converting them to strings.</doc>
<arguments>
<arg>${response[0]['status']}</arg>
<arg>${expected_status}</arg>
</arguments>
<msg timestamp="20200602 12:39:20.302" level="INFO">Argument types are:
&lt;class 'int'&gt;
&lt;type 'unicode'&gt;</msg>
<status status="PASS" starttime="20200602 12:39:20.302" endtime="20200602 12:39:20.302"></status>
</kw>
<kw name="Log" library="BuiltIn">
<doc>Logs the given message with the given level.</doc>
<arguments>
<arg>Status code validated</arg>
</arguments>
<msg timestamp="20200602 12:39:20.302" level="INFO">Status code validated</msg>
<status status="PASS" starttime="20200602 12:39:20.302" endtime="20200602 12:39:20.302"></status>
</kw>
<status status="PASS" starttime="20200602 12:39:20.301" endtime="20200602 12:39:20.303"></status>
</kw>
<kw name="Check HTTP Response Body Json Schema Is" library="NSLCMOperationKeywords">
<arguments>
<arg>${ns_schema}</arg>
</arguments>
<kw name="Validate" library="jsonschema">
<doc>Validate an instance under the given schema.</doc>
<arguments>
<arg>instance=${response[0]['body']}</arg>
<arg>schema=${input_schema}</arg>
</arguments>
<status status="PASS" starttime="20200602 12:39:20.303" endtime="20200602 12:39:20.307"></status>
</kw>
<kw name="Log" library="BuiltIn">
<doc>Logs the given message with the given level.</doc>
<arguments>
<arg>${response[0]['body']}</arg>
</arguments>
<msg timestamp="20200602 12:39:20.308" level="INFO">{'id': '181ed7d7-b285-46f7-8181-b191301201cc', 'nsInstanceDescription': 'Ns robotframework test', 'nsInstanceName': 'robot_ns_test', 'nsState': 'NOT_INSTANTIATED', 'nsdId': 'pingpong', 'vnfInstance': [{'id': '522b38de-f54b-4563-b4f8-3218776d82a0', 'instantiationState': 'NOT_INSTANTIATED', 'vimId': '', 'vnfProductName': '', 'vnfdId': 'ping'}, {'id': 'adfb46a9-79cb-42b8-96aa-7d8201b74de2', 'instantiationState': 'NOT_INSTANTIATED', 'vimId': '', 'vnfProductName': '', 'vnfdId': 'pong'}]}</msg>
<status status="PASS" starttime="20200602 12:39:20.308" endtime="20200602 12:39:20.308"></status>
</kw>
<kw name="Log" library="BuiltIn">
<doc>Logs the given message with the given level.</doc>
<arguments>
<arg>Json Schema Validation OK</arg>
</arguments>
<msg timestamp="20200602 12:39:20.309" level="INFO">Json Schema Validation OK</msg>
<status status="PASS" starttime="20200602 12:39:20.308" endtime="20200602 12:39:20.309"></status>
</kw>
<status status="PASS" starttime="20200602 12:39:20.303" endtime="20200602 12:39:20.309"></status>
</kw>
<doc>Test ID: mso-lo-test-3.3
Test title: GET Information about an individual NS Instance
Test objective: The objective is to test that GET method returns an individual NS instance
Pre-conditions: none
Post-Conditions: none</doc>
<tags>
<tag>instantiate-terminate-workflow</tag>
</tags>
<status status="PASS" starttime="20200602 12:39:20.151" endtime="20200602 12:39:20.309" critical="yes"></status>
</test>
<test id="s1-t4" name="POST NS Instance Instantiate">
<kw name="Check resource existence" library="NSLCMOperationKeywords">
<kw name="Set Headers" library="REST">
<tags>
<tag>settings</tag>
</tags>
<doc>*Sets new request headers or updates the existing.*</doc>
<arguments>
<arg>{"Accept":"${ACCEPT}"}</arg>
</arguments>
<status status="PASS" starttime="20200602 12:39:20.311" endtime="20200602 12:39:20.312"></status>
</kw>
<kw name="Set Headers" library="REST">
<tags>
<tag>settings</tag>
</tags>
<doc>*Sets new request headers or updates the existing.*</doc>
<arguments>
<arg>{"Content-Type": "${CONTENT_TYPE}"}</arg>
</arguments>
<status status="PASS" starttime="20200602 12:39:20.312" endtime="20200602 12:39:20.312"></status>
</kw>
<kw name="Run Keyword If" library="BuiltIn">
<doc>Runs the given keyword with the given arguments, if ``condition`` is true.</doc>
<arguments>
<arg>${AUTH_USAGE} == 1</arg>
<arg>Set Headers</arg>
<arg>{"Authorization":"${AUTHORIZATION}"}</arg>
</arguments>
<kw name="Set Headers" library="REST">
<tags>
<tag>settings</tag>
</tags>
<doc>*Sets new request headers or updates the existing.*</doc>
<arguments>
<arg>{"Authorization":"${AUTHORIZATION}"}</arg>
</arguments>
<status status="PASS" starttime="20200602 12:39:20.313" endtime="20200602 12:39:20.313"></status>
</kw>
<status status="PASS" starttime="20200602 12:39:20.312" endtime="20200602 12:39:20.313"></status>
</kw>
<kw name="Get" library="REST">
<tags>
<tag>http</tag>
</tags>
<doc>*Sends a GET request to the endpoint.*</doc>
<arguments>
<arg>${apiRoot}/${nfvoId}/ns_instances/${nsInstanceId}</arg>
</arguments>
<status status="PASS" starttime="20200602 12:39:20.313" endtime="20200602 12:39:20.474"></status>
</kw>
<kw name="Integer" library="REST">
<tags>
<tag>assertions</tag>
</tags>
<doc>*Asserts the field as JSON integer.*</doc>
<arguments>
<arg>response status</arg>
<arg>200</arg>
</arguments>
<status status="PASS" starttime="20200602 12:39:20.474" endtime="20200602 12:39:20.475"></status>
</kw>
<status status="PASS" starttime="20200602 12:39:20.311" endtime="20200602 12:39:20.475"></status>
</kw>
<kw name="Check resource not_instantiated" library="NSLCMOperationKeywords">
<kw name="Set Headers" library="REST">
<tags>
<tag>settings</tag>
</tags>
<doc>*Sets new request headers or updates the existing.*</doc>
<arguments>
<arg>{"Accept":"${ACCEPT}"}</arg>
</arguments>
<status status="PASS" starttime="20200602 12:39:20.476" endtime="20200602 12:39:20.476"></status>
</kw>
<kw name="Set Headers" library="REST">
<tags>
<tag>settings</tag>
</tags>
<doc>*Sets new request headers or updates the existing.*</doc>
<arguments>
<arg>{"Content-Type": "${CONTENT_TYPE}"}</arg>
</arguments>
<status status="PASS" starttime="20200602 12:39:20.477" endtime="20200602 12:39:20.477"></status>
</kw>
<kw name="Run Keyword If" library="BuiltIn">
<doc>Runs the given keyword with the given arguments, if ``condition`` is true.</doc>
<arguments>
<arg>${AUTH_USAGE} == 1</arg>
<arg>Set Headers</arg>
<arg>{"Authorization":"${AUTHORIZATION}"}</arg>
</arguments>
<kw name="Set Headers" library="REST">
<tags>
<tag>settings</tag>
</tags>
<doc>*Sets new request headers or updates the existing.*</doc>
<arguments>
<arg>{"Authorization":"${AUTHORIZATION}"}</arg>
</arguments>
<status status="PASS" starttime="20200602 12:39:20.478" endtime="20200602 12:39:20.478"></status>
</kw>
<status status="PASS" starttime="20200602 12:39:20.477" endtime="20200602 12:39:20.479"></status>
</kw>
<kw name="Get" library="REST">
<tags>
<tag>http</tag>
</tags>
<doc>*Sends a GET request to the endpoint.*</doc>
<arguments>
<arg>${apiRoot}/${nfvoId}/ns_instances/${nsInstanceId}</arg>
</arguments>
<status status="PASS" starttime="20200602 12:39:20.479" endtime="20200602 12:39:20.717"></status>
</kw>
<kw name="String" library="REST">
<tags>
<tag>assertions</tag>
</tags>
<doc>*Asserts the field as JSON string.*</doc>
<arguments>
<arg>response body nsState</arg>
<arg>NOT_INSTANTIATED</arg>
</arguments>
<status status="PASS" starttime="20200602 12:39:20.717" endtime="20200602 12:39:20.718"></status>
</kw>
<status status="PASS" starttime="20200602 12:39:20.475" endtime="20200602 12:39:20.718"></status>
</kw>
<kw name="POST Instantiate nsInstance with vnf in additionalParamsForNs" library="NSLCMOperationKeywords">
<kw name="Log" library="BuiltIn">
<doc>Logs the given message with the given level.</doc>
<arguments>
<arg>Trying to Instantiate a ns Instance</arg>
</arguments>
<msg timestamp="20200602 12:39:20.719" level="INFO">Trying to Instantiate a ns Instance</msg>
<status status="PASS" starttime="20200602 12:39:20.718" endtime="20200602 12:39:20.719"></status>
</kw>
<kw name="Set Headers" library="REST">
<tags>
<tag>settings</tag>
</tags>
<doc>*Sets new request headers or updates the existing.*</doc>
<arguments>
<arg>{"Accept":"${ACCEPT}"}</arg>
</arguments>
<status status="PASS" starttime="20200602 12:39:20.719" endtime="20200602 12:39:20.719"></status>
</kw>
<kw name="Set Headers" library="REST">
<tags>
<tag>settings</tag>
</tags>
<doc>*Sets new request headers or updates the existing.*</doc>
<arguments>
<arg>{"Content-Type": "${CONTENT_TYPE}"}</arg>
</arguments>
<status status="PASS" starttime="20200602 12:39:20.719" endtime="20200602 12:39:20.720"></status>
</kw>
<kw name="Run Keyword If" library="BuiltIn">
<doc>Runs the given keyword with the given arguments, if ``condition`` is true.</doc>
<arguments>
<arg>${AUTH_USAGE} == 1</arg>
<arg>Set Headers</arg>
<arg>{"Authorization":"${AUTHORIZATION}"}</arg>
</arguments>
<kw name="Set Headers" library="REST">
<tags>
<tag>settings</tag>
</tags>
<doc>*Sets new request headers or updates the existing.*</doc>
<arguments>
<arg>{"Authorization":"${AUTHORIZATION}"}</arg>
</arguments>
<status status="PASS" starttime="20200602 12:39:20.721" endtime="20200602 12:39:20.721"></status>
</kw>
<status status="PASS" starttime="20200602 12:39:20.720" endtime="20200602 12:39:20.721"></status>
</kw>
<kw name="Load JSON From File" library="JSONLibrary">
<doc>Load JSON from file.</doc>
<arguments>
<arg>jsons/InstantiateNsRequest.json</arg>
</arguments>
<assign>
<var>${body}</var>
</assign>
<msg timestamp="20200602 12:39:20.725" level="INFO">${body} = {'additionalParamsForNs': {'vnf': []}}</msg>
<status status="PASS" starttime="20200602 12:39:20.721" endtime="20200602 12:39:20.725"></status>
</kw>
<kw name="Set Variable" library="BuiltIn">
<doc>Returns the given values which can then be assigned to a variables.</doc>
<arguments>
<arg>[]</arg>
</arguments>
<assign>
<var>${vnf}</var>
</assign>
<msg timestamp="20200602 12:39:20.725" level="INFO">${vnf} = []</msg>
<status status="PASS" starttime="20200602 12:39:20.725" endtime="20200602 12:39:20.725"></status>
</kw>
<kw name="Evaluate" library="BuiltIn">
<doc>Evaluates the given expression in Python and returns the result.</doc>
<arguments>
<arg>[{"vnfInstanceId": vnfId,"vimAccountId": random.choice(${vimAccountIds})} for vnfId in ${vnfInstanceIds}]</arg>
<arg>random</arg>
</arguments>
<assign>
<var>${vnf}</var>
</assign>
<msg timestamp="20200602 12:39:20.726" level="INFO">${vnf} = [{'vnfInstanceId': '522b38de-f54b-4563-b4f8-3218776d82a0', 'vimAccountId': '77c531ef-ff08-42a3-aeb9-3b8eae19a32f'}, {'vnfInstanceId': 'adfb46a9-79cb-42b8-96aa-7d8201b74de2', 'vimAccountId': 'e59a8dfd-...</msg>
<status status="PASS" starttime="20200602 12:39:20.725" endtime="20200602 12:39:20.726"></status>
</kw>
<kw name="Log" library="BuiltIn">
<doc>Logs the given message with the given level.</doc>
<arguments>
<arg>${vnf}</arg>
</arguments>
<msg timestamp="20200602 12:39:20.727" level="INFO">[{'vnfInstanceId': '522b38de-f54b-4563-b4f8-3218776d82a0', 'vimAccountId': '77c531ef-ff08-42a3-aeb9-3b8eae19a32f'}, {'vnfInstanceId': 'adfb46a9-79cb-42b8-96aa-7d8201b74de2', 'vimAccountId': 'e59a8dfd-dd21-42cc-98f7-a68c83cfbdbd'}]</msg>
<status status="PASS" starttime="20200602 12:39:20.726" endtime="20200602 12:39:20.727"></status>
</kw>
<kw name="Update Value To Json" library="JSONLibrary">
<doc>Update value to JSON using JSONPath</doc>
<arguments>
<arg>${body}</arg>
<arg>$.additionalParamsForNs.vnf</arg>
<arg>${vnf}</arg>
</arguments>
<assign>
<var>${body}</var>
</assign>
<msg timestamp="20200602 12:39:20.754" level="INFO">${body} = {'additionalParamsForNs': {'vnf': [{'vnfInstanceId': '522b38de-f54b-4563-b4f8-3218776d82a0', 'vimAccountId': '77c531ef-ff08-42a3-aeb9-3b8eae19a32f'}, {'vnfInstanceId': 'adfb46a9-79cb-42b8-96aa-7d8201b...</msg>
<status status="PASS" starttime="20200602 12:39:20.727" endtime="20200602 12:39:20.754"></status>
</kw>
<kw name="Log" library="BuiltIn">
<doc>Logs the given message with the given level.</doc>
<arguments>
<arg>${body}</arg>
</arguments>
<msg timestamp="20200602 12:39:20.755" level="INFO">{'additionalParamsForNs': {'vnf': [{'vnfInstanceId': '522b38de-f54b-4563-b4f8-3218776d82a0', 'vimAccountId': '77c531ef-ff08-42a3-aeb9-3b8eae19a32f'}, {'vnfInstanceId': 'adfb46a9-79cb-42b8-96aa-7d8201b74de2', 'vimAccountId': 'e59a8dfd-dd21-42cc-98f7-a68c83cfbdbd'}]}}</msg>
<status status="PASS" starttime="20200602 12:39:20.754" endtime="20200602 12:39:20.755"></status>
</kw>
<kw name="Post" library="REST">
<tags>
<tag>http</tag>
</tags>
<doc>*Sends a POST request to the endpoint.*</doc>
<arguments>
<arg>${apiRoot}/${nfvoId}/ns_instances/${nsInstanceId}/instantiate</arg>
<arg>${body}</arg>
</arguments>
<status status="PASS" starttime="20200602 12:39:20.755" endtime="20200602 12:39:20.953"></status>
</kw>
<kw name="Output" library="REST">
<tags>
<tag>I/O</tag>
</tags>
<doc>*Outputs JSON to terminal or a file.*</doc>
<arguments>
<arg>response</arg>
</arguments>
<assign>
<var>${outputResponse}</var>
</assign>
<msg timestamp="20200602 12:39:20.954" level="INFO">
{
    "seconds": 0.195269,
    "status": 202,
    "body": "",
    "headers": {
        "Server": "nginx/1.17.10",
        "Date": "Tue, 02 Jun 2020 10:39:20 GMT",
        "Content-Type": "text/html; charset=utf-8",
        "Content-Length": "0",
        "Connection": "keep-alive",
        "Location": "http://localhost/nfvo/1/ns_lcm_op_occs/0b67e3cf-c9a3-4d2a-afd0-721a4e11afba"
    }
}</msg>
<msg timestamp="20200602 12:39:20.954" level="INFO">${outputResponse} = {'seconds': 0.195269, 'status': 202, 'body': '', 'headers': {'Server': 'nginx/1.17.10', 'Date': 'Tue, 02 Jun 2020 10:39:20 GMT', 'Content-Type': 'text/html; charset=utf-8', 'Content-Length': '0', 'Con...</msg>
<status status="PASS" starttime="20200602 12:39:20.953" endtime="20200602 12:39:20.954"></status>
</kw>
<kw name="Set Global Variable" library="BuiltIn">
<doc>Makes a variable available globally in all tests and suites.</doc>
<arguments>
<arg>@{response}</arg>
<arg>${outputResponse}</arg>
</arguments>
<msg timestamp="20200602 12:39:20.955" level="INFO">@{response} = [ {'seconds': 0.195269, 'status': 202, 'body': '', 'headers': {'Server': 'nginx/1.17.10', 'Date': 'Tue, 02 Jun 2020 10:39:20 GMT', 'Content-Type': 'text/html; charset=utf-8', 'Content-Length': '0', 'C...</msg>
<status status="PASS" starttime="20200602 12:39:20.954" endtime="20200602 12:39:20.955"></status>
</kw>
<status status="PASS" starttime="20200602 12:39:20.718" endtime="20200602 12:39:20.955"></status>
</kw>
<kw name="Check HTTP Response Status Code Is" library="NSLCMOperationKeywords">
<arguments>
<arg>202</arg>
</arguments>
<kw name="Log" library="BuiltIn">
<doc>Logs the given message with the given level.</doc>
<arguments>
<arg>Validate Status code</arg>
</arguments>
<msg timestamp="20200602 12:39:20.956" level="INFO">Validate Status code</msg>
<status status="PASS" starttime="20200602 12:39:20.956" endtime="20200602 12:39:20.956"></status>
</kw>
<kw name="Should Be Equal As Strings" library="BuiltIn">
<doc>Fails if objects are unequal after converting them to strings.</doc>
<arguments>
<arg>${response[0]['status']}</arg>
<arg>${expected_status}</arg>
</arguments>
<msg timestamp="20200602 12:39:20.957" level="INFO">Argument types are:
&lt;class 'int'&gt;
&lt;type 'unicode'&gt;</msg>
<status status="PASS" starttime="20200602 12:39:20.956" endtime="20200602 12:39:20.957"></status>
</kw>
<kw name="Log" library="BuiltIn">
<doc>Logs the given message with the given level.</doc>
<arguments>
<arg>Status code validated</arg>
</arguments>
<msg timestamp="20200602 12:39:20.957" level="INFO">Status code validated</msg>
<status status="PASS" starttime="20200602 12:39:20.957" endtime="20200602 12:39:20.957"></status>
</kw>
<status status="PASS" starttime="20200602 12:39:20.955" endtime="20200602 12:39:20.957"></status>
</kw>
<kw name="Check HTTP Response Header Contains" library="NSLCMOperationKeywords">
<arguments>
<arg>Location</arg>
</arguments>
<kw name="Should Contain" library="BuiltIn">
<doc>Fails if ``container`` does not contain ``item`` one or more times.</doc>
<arguments>
<arg>${response[0]['headers']}</arg>
<arg>${HEADER_TOCHECK}</arg>
</arguments>
<status status="PASS" starttime="20200602 12:39:20.958" endtime="20200602 12:39:20.959"></status>
</kw>
<kw name="Log" library="BuiltIn">
<doc>Logs the given message with the given level.</doc>
<arguments>
<arg>Header is present</arg>
</arguments>
<msg timestamp="20200602 12:39:20.959" level="INFO">Header is present</msg>
<status status="PASS" starttime="20200602 12:39:20.959" endtime="20200602 12:39:20.959"></status>
</kw>
<status status="PASS" starttime="20200602 12:39:20.958" endtime="20200602 12:39:20.959"></status>
</kw>
<kw name="Check Operation Occurrence Id" library="NSLCMOperationKeywords">
<kw name="Set Variable" library="BuiltIn">
<doc>Returns the given values which can then be assigned to a variables.</doc>
<arguments>
<arg>${response[0]['headers']['Location']}</arg>
</arguments>
<assign>
<var>${nsLcmOpOcc}</var>
</assign>
<msg timestamp="20200602 12:39:20.960" level="INFO">${nsLcmOpOcc} = http://localhost/nfvo/1/ns_lcm_op_occs/0b67e3cf-c9a3-4d2a-afd0-721a4e11afba</msg>
<status status="PASS" starttime="20200602 12:39:20.960" endtime="20200602 12:39:20.960"></status>
</kw>
<kw name="Evaluate" library="BuiltIn">
<doc>Evaluates the given expression in Python and returns the result.</doc>
<arguments>
<arg>re.search(r'(/nfvo/.*/ns_lcm_op_occs/(.*))', '''${nsLcmOpOcc}''').group(2)</arg>
<arg>re</arg>
</arguments>
<assign>
<var>${nsLcmOpOcc}</var>
</assign>
<msg timestamp="20200602 12:39:20.961" level="INFO">${nsLcmOpOcc} = 0b67e3cf-c9a3-4d2a-afd0-721a4e11afba</msg>
<status status="PASS" starttime="20200602 12:39:20.960" endtime="20200602 12:39:20.961"></status>
</kw>
<kw name="Set Global Variable" library="BuiltIn">
<doc>Makes a variable available globally in all tests and suites.</doc>
<arguments>
<arg>${nsLcmOpOccId}</arg>
<arg>${nsLcmOpOcc}</arg>
</arguments>
<msg timestamp="20200602 12:39:20.962" level="INFO">${nsLcmOpOccId} = 0b67e3cf-c9a3-4d2a-afd0-721a4e11afba</msg>
<status status="PASS" starttime="20200602 12:39:20.961" endtime="20200602 12:39:20.962"></status>
</kw>
<kw name="Should Not Be Empty" library="BuiltIn">
<doc>Verifies that the given item is not empty.</doc>
<arguments>
<arg>${nsLcmOpOccId}</arg>
</arguments>
<msg timestamp="20200602 12:39:20.962" level="INFO">Length is 36</msg>
<status status="PASS" starttime="20200602 12:39:20.962" endtime="20200602 12:39:20.962"></status>
</kw>
<kw name="Log" library="BuiltIn">
<doc>Logs the given message with the given level.</doc>
<arguments>
<arg>${nsLcmOpOccId}</arg>
</arguments>
<msg timestamp="20200602 12:39:20.963" level="INFO">0b67e3cf-c9a3-4d2a-afd0-721a4e11afba</msg>
<status status="PASS" starttime="20200602 12:39:20.962" endtime="20200602 12:39:20.963"></status>
</kw>
<status status="PASS" starttime="20200602 12:39:20.960" endtime="20200602 12:39:20.963"></status>
</kw>
<doc>Test ID: mso-lo-test-3.4
Test title: POST NS Instance Instantiate
Test objective: The objective is to test the workflow for Instantiate a NS instance
Pre-conditions: the resource is in NOT_INSTANTIATED state
Post-Conditions: status code 202</doc>
<tags>
<tag>instantiate-terminate-workflow</tag>
</tags>
<status status="PASS" starttime="20200602 12:39:20.310" endtime="20200602 12:39:20.963" critical="yes"></status>
</test>
<test id="s1-t5" name="GET NS LCM OP Occurrence Instantiate PROCESSING">
<kw name="GET Individual NS LCM OP Occurrence" library="NSLCMOperationKeywords">
<kw name="Log" library="BuiltIn">
<doc>Logs the given message with the given level.</doc>
<arguments>
<arg>Query status information about individual NS lifecycle management operation occurrence.</arg>
</arguments>
<msg timestamp="20200602 12:39:20.967" level="INFO">Query status information about individual NS lifecycle management operation occurrence.</msg>
<status status="PASS" starttime="20200602 12:39:20.966" endtime="20200602 12:39:20.967"></status>
</kw>
<kw name="Set Headers" library="REST">
<tags>
<tag>settings</tag>
</tags>
<doc>*Sets new request headers or updates the existing.*</doc>
<arguments>
<arg>{"Accept":"${ACCEPT}"}</arg>
</arguments>
<status status="PASS" starttime="20200602 12:39:20.967" endtime="20200602 12:39:20.968"></status>
</kw>
<kw name="Run Keyword If" library="BuiltIn">
<doc>Runs the given keyword with the given arguments, if ``condition`` is true.</doc>
<arguments>
<arg>${AUTH_USAGE} == 1</arg>
<arg>Set Headers</arg>
<arg>{"Authorization":"${AUTHORIZATION}"}</arg>
</arguments>
<kw name="Set Headers" library="REST">
<tags>
<tag>settings</tag>
</tags>
<doc>*Sets new request headers or updates the existing.*</doc>
<arguments>
<arg>{"Authorization":"${AUTHORIZATION}"}</arg>
</arguments>
<status status="PASS" starttime="20200602 12:39:20.969" endtime="20200602 12:39:20.970"></status>
</kw>
<status status="PASS" starttime="20200602 12:39:20.969" endtime="20200602 12:39:20.970"></status>
</kw>
<kw name="Log" library="BuiltIn">
<doc>Logs the given message with the given level.</doc>
<arguments>
<arg>Execute Query and validate response</arg>
</arguments>
<msg timestamp="20200602 12:39:20.971" level="INFO">Execute Query and validate response</msg>
<status status="PASS" starttime="20200602 12:39:20.970" endtime="20200602 12:39:20.971"></status>
</kw>
<kw name="Get" library="REST">
<tags>
<tag>http</tag>
</tags>
<doc>*Sends a GET request to the endpoint.*</doc>
<arguments>
<arg>${apiRoot}/${nfvoId}/ns_lcm_op_occs/${nsLcmOpOccId}</arg>
</arguments>
<status status="PASS" starttime="20200602 12:39:20.971" endtime="20200602 12:39:21.046"></status>
</kw>
<kw name="Output" library="REST">
<tags>
<tag>I/O</tag>
</tags>
<doc>*Outputs JSON to terminal or a file.*</doc>
<arguments>
<arg>response</arg>
</arguments>
<assign>
<var>${outputResponse}</var>
</assign>
<msg timestamp="20200602 12:39:21.046" level="INFO">
{
    "seconds": 0.072035,
    "status": 200,
    "body": {
        "id": "0b67e3cf-c9a3-4d2a-afd0-721a4e11afba",
        "lcmOperationType": "INSTANTIATE",
        "nsInstanceId": "181ed7d7-b285-46f7-8181-b191301201cc",
        "operationState": "PROCESSING",
        "startTime": "2020-06-01T18:07:21.219490Z",
        "stateEnteredTime": "2020-06-01T18:07:21.219490Z"
    },
    "headers": {
        "Server": "nginx/1.17.10",
        "Date": "Tue, 02 Jun 2020 10:39:21 GMT",
        "Content-Type": "application/json",
        "Content-Length": "254",
        "Connection": "keep-alive"
    }
}</msg>
<msg timestamp="20200602 12:39:21.047" level="INFO">${outputResponse} = {'seconds': 0.072035, 'status': 200, 'body': {'id': '0b67e3cf-c9a3-4d2a-afd0-721a4e11afba', 'lcmOperationType': 'INSTANTIATE', 'nsInstanceId': '181ed7d7-b285-46f7-8181-b191301201cc', 'operationState':...</msg>
<status status="PASS" starttime="20200602 12:39:21.046" endtime="20200602 12:39:21.047"></status>
</kw>
<kw name="Set Global Variable" library="BuiltIn">
<doc>Makes a variable available globally in all tests and suites.</doc>
<arguments>
<arg>@{response}</arg>
<arg>${outputResponse}</arg>
</arguments>
<msg timestamp="20200602 12:39:21.048" level="INFO">@{response} = [ {'seconds': 0.072035, 'status': 200, 'body': {'id': '0b67e3cf-c9a3-4d2a-afd0-721a4e11afba', 'lcmOperationType': 'INSTANTIATE', 'nsInstanceId': '181ed7d7-b285-46f7-8181-b191301201cc', 'operationState...</msg>
<status status="PASS" starttime="20200602 12:39:21.047" endtime="20200602 12:39:21.048"></status>
</kw>
<status status="PASS" starttime="20200602 12:39:20.965" endtime="20200602 12:39:21.048"></status>
</kw>
<kw name="Check HTTP Response Status Code Is" library="NSLCMOperationKeywords">
<arguments>
<arg>200</arg>
</arguments>
<kw name="Log" library="BuiltIn">
<doc>Logs the given message with the given level.</doc>
<arguments>
<arg>Validate Status code</arg>
</arguments>
<msg timestamp="20200602 12:39:21.049" level="INFO">Validate Status code</msg>
<status status="PASS" starttime="20200602 12:39:21.048" endtime="20200602 12:39:21.049"></status>
</kw>
<kw name="Should Be Equal As Strings" library="BuiltIn">
<doc>Fails if objects are unequal after converting them to strings.</doc>
<arguments>
<arg>${response[0]['status']}</arg>
<arg>${expected_status}</arg>
</arguments>
<msg timestamp="20200602 12:39:21.049" level="INFO">Argument types are:
&lt;class 'int'&gt;
&lt;type 'unicode'&gt;</msg>
<status status="PASS" starttime="20200602 12:39:21.049" endtime="20200602 12:39:21.049"></status>
</kw>
<kw name="Log" library="BuiltIn">
<doc>Logs the given message with the given level.</doc>
<arguments>
<arg>Status code validated</arg>
</arguments>
<msg timestamp="20200602 12:39:21.050" level="INFO">Status code validated</msg>
<status status="PASS" starttime="20200602 12:39:21.049" endtime="20200602 12:39:21.050"></status>
</kw>
<status status="PASS" starttime="20200602 12:39:21.048" endtime="20200602 12:39:21.050"></status>
</kw>
<kw name="Check HTTP Response Body Json Schema Is" library="NSLCMOperationKeywords">
<arguments>
<arg>${ns_lcm_op_occ_schema}</arg>
</arguments>
<kw name="Validate" library="jsonschema">
<doc>Validate an instance under the given schema.</doc>
<arguments>
<arg>instance=${response[0]['body']}</arg>
<arg>schema=${input_schema}</arg>
</arguments>
<status status="PASS" starttime="20200602 12:39:21.051" endtime="20200602 12:39:21.052"></status>
</kw>
<kw name="Log" library="BuiltIn">
<doc>Logs the given message with the given level.</doc>
<arguments>
<arg>${response[0]['body']}</arg>
</arguments>
<msg timestamp="20200602 12:39:21.053" level="INFO">{'id': '0b67e3cf-c9a3-4d2a-afd0-721a4e11afba', 'lcmOperationType': 'INSTANTIATE', 'nsInstanceId': '181ed7d7-b285-46f7-8181-b191301201cc', 'operationState': 'PROCESSING', 'startTime': '2020-06-01T18:07:21.219490Z', 'stateEnteredTime': '2020-06-01T18:07:21.219490Z'}</msg>
<status status="PASS" starttime="20200602 12:39:21.052" endtime="20200602 12:39:21.053"></status>
</kw>
<kw name="Log" library="BuiltIn">
<doc>Logs the given message with the given level.</doc>
<arguments>
<arg>Json Schema Validation OK</arg>
</arguments>
<msg timestamp="20200602 12:39:21.053" level="INFO">Json Schema Validation OK</msg>
<status status="PASS" starttime="20200602 12:39:21.053" endtime="20200602 12:39:21.053"></status>
</kw>
<status status="PASS" starttime="20200602 12:39:21.050" endtime="20200602 12:39:21.053"></status>
</kw>
<kw name="Check resource lcmOperationType is" library="NSLCMOperationKeywords">
<arguments>
<arg>INSTANTIATE</arg>
</arguments>
<kw name="Should Be Equal As Strings" library="BuiltIn">
<doc>Fails if objects are unequal after converting them to strings.</doc>
<arguments>
<arg>${response[0]['body']['lcmOperationType']}</arg>
<arg>${type}</arg>
</arguments>
<status status="PASS" starttime="20200602 12:39:21.054" endtime="20200602 12:39:21.054"></status>
</kw>
<kw name="Log" library="BuiltIn">
<doc>Logs the given message with the given level.</doc>
<arguments>
<arg>Type is ${type}</arg>
</arguments>
<msg timestamp="20200602 12:39:21.055" level="INFO">Type is INSTANTIATE</msg>
<status status="PASS" starttime="20200602 12:39:21.055" endtime="20200602 12:39:21.055"></status>
</kw>
<status status="PASS" starttime="20200602 12:39:21.054" endtime="20200602 12:39:21.055"></status>
</kw>
<kw name="Check resource operationState is" library="NSLCMOperationKeywords">
<arguments>
<arg>PROCESSING</arg>
</arguments>
<kw name="Should Be Equal As Strings" library="BuiltIn">
<doc>Fails if objects are unequal after converting them to strings.</doc>
<arguments>
<arg>${response[0]['body']['operationState']}</arg>
<arg>${state}</arg>
</arguments>
<status status="PASS" starttime="20200602 12:39:21.056" endtime="20200602 12:39:21.056"></status>
</kw>
<kw name="Log" library="BuiltIn">
<doc>Logs the given message with the given level.</doc>
<arguments>
<arg>State is ${state}</arg>
</arguments>
<msg timestamp="20200602 12:39:21.057" level="INFO">State is PROCESSING</msg>
<status status="PASS" starttime="20200602 12:39:21.056" endtime="20200602 12:39:21.057"></status>
</kw>
<status status="PASS" starttime="20200602 12:39:21.055" endtime="20200602 12:39:21.057"></status>
</kw>
<doc>Test ID: mso-lo-test-3.5
Test title: GET NS LCM OP Occurrence Instantiate PROCESSING
Test objective: The objective is to test the workflow for retrive NS LCM OP Occurrence
Pre-conditions: none
Post-Conditions: status code 200</doc>
<tags>
<tag>instantiate-terminate-workflow</tag>
</tags>
<status status="PASS" starttime="20200602 12:39:20.964" endtime="20200602 12:39:21.057" critical="yes"></status>
</test>
<test id="s1-t6" name="GET NS LCM OP Occurrence Instantiate COMPLETED">
<kw name="Wait Until Keyword Succeeds" library="BuiltIn">
<doc>Runs the specified keyword and retries if it fails.</doc>
<arguments>
<arg>${MAX_WAIT}</arg>
<arg>${INTERVAL_WAIT}</arg>
<arg>Run Keywords</arg>
<arg>GET Individual NS LCM OP Occurrence</arg>
<arg>AND</arg>
<arg>Check resource operationState is</arg>
<arg>COMPLETED</arg>
</arguments>
<kw name="Run Keywords" library="BuiltIn">
<doc>Executes all the given keywords in a sequence.</doc>
<arguments>
<arg>GET Individual NS LCM OP Occurrence</arg>
<arg>AND</arg>
<arg>Check resource operationState is</arg>
<arg>COMPLETED</arg>
</arguments>
<kw name="GET Individual NS LCM OP Occurrence" library="NSLCMOperationKeywords">
<kw name="Log" library="BuiltIn">
<doc>Logs the given message with the given level.</doc>
<arguments>
<arg>Query status information about individual NS lifecycle management operation occurrence.</arg>
</arguments>
<msg timestamp="20200602 12:39:21.062" level="INFO">Query status information about individual NS lifecycle management operation occurrence.</msg>
<status status="PASS" starttime="20200602 12:39:21.062" endtime="20200602 12:39:21.062"></status>
</kw>
<kw name="Set Headers" library="REST">
<tags>
<tag>settings</tag>
</tags>
<doc>*Sets new request headers or updates the existing.*</doc>
<arguments>
<arg>{"Accept":"${ACCEPT}"}</arg>
</arguments>
<status status="PASS" starttime="20200602 12:39:21.062" endtime="20200602 12:39:21.063"></status>
</kw>
<kw name="Run Keyword If" library="BuiltIn">
<doc>Runs the given keyword with the given arguments, if ``condition`` is true.</doc>
<arguments>
<arg>${AUTH_USAGE} == 1</arg>
<arg>Set Headers</arg>
<arg>{"Authorization":"${AUTHORIZATION}"}</arg>
</arguments>
<kw name="Set Headers" library="REST">
<tags>
<tag>settings</tag>
</tags>
<doc>*Sets new request headers or updates the existing.*</doc>
<arguments>
<arg>{"Authorization":"${AUTHORIZATION}"}</arg>
</arguments>
<status status="PASS" starttime="20200602 12:39:21.063" endtime="20200602 12:39:21.064"></status>
</kw>
<status status="PASS" starttime="20200602 12:39:21.063" endtime="20200602 12:39:21.064"></status>
</kw>
<kw name="Log" library="BuiltIn">
<doc>Logs the given message with the given level.</doc>
<arguments>
<arg>Execute Query and validate response</arg>
</arguments>
<msg timestamp="20200602 12:39:21.064" level="INFO">Execute Query and validate response</msg>
<status status="PASS" starttime="20200602 12:39:21.064" endtime="20200602 12:39:21.064"></status>
</kw>
<kw name="Get" library="REST">
<tags>
<tag>http</tag>
</tags>
<doc>*Sends a GET request to the endpoint.*</doc>
<arguments>
<arg>${apiRoot}/${nfvoId}/ns_lcm_op_occs/${nsLcmOpOccId}</arg>
</arguments>
<status status="PASS" starttime="20200602 12:39:21.064" endtime="20200602 12:39:21.140"></status>
</kw>
<kw name="Output" library="REST">
<tags>
<tag>I/O</tag>
</tags>
<doc>*Outputs JSON to terminal or a file.*</doc>
<arguments>
<arg>response</arg>
</arguments>
<assign>
<var>${outputResponse}</var>
</assign>
<msg timestamp="20200602 12:39:21.141" level="INFO">
{
    "seconds": 0.07223600000000001,
    "status": 200,
    "body": {
        "id": "0b67e3cf-c9a3-4d2a-afd0-721a4e11afba",
        "lcmOperationType": "INSTANTIATE",
        "nsInstanceId": "181ed7d7-b285-46f7-8181-b191301201cc",
        "operationState": "PROCESSING",
        "startTime": "2020-06-01T18:07:21.219490Z",
        "stateEnteredTime": "2020-06-01T18:07:21.219490Z"
    },
    "headers": {
        "Server": "nginx/1.17.10",
        "Date": "Tue, 02 Jun 2020 10:39:21 GMT",
        "Content-Type": "application/json",
        "Content-Length": "254",
        "Connection": "keep-alive"
    }
}</msg>
<msg timestamp="20200602 12:39:21.143" level="INFO">${outputResponse} = {'seconds': 0.07223600000000001, 'status': 200, 'body': {'id': '0b67e3cf-c9a3-4d2a-afd0-721a4e11afba', 'lcmOperationType': 'INSTANTIATE', 'nsInstanceId': '181ed7d7-b285-46f7-8181-b191301201cc', 'opera...</msg>
<status status="PASS" starttime="20200602 12:39:21.140" endtime="20200602 12:39:21.143"></status>
</kw>
<kw name="Set Global Variable" library="BuiltIn">
<doc>Makes a variable available globally in all tests and suites.</doc>
<arguments>
<arg>@{response}</arg>
<arg>${outputResponse}</arg>
</arguments>
<msg timestamp="20200602 12:39:21.144" level="INFO">@{response} = [ {'seconds': 0.07223600000000001, 'status': 200, 'body': {'id': '0b67e3cf-c9a3-4d2a-afd0-721a4e11afba', 'lcmOperationType': 'INSTANTIATE', 'nsInstanceId': '181ed7d7-b285-46f7-8181-b191301201cc', 'ope...</msg>
<status status="PASS" starttime="20200602 12:39:21.143" endtime="20200602 12:39:21.144"></status>
</kw>
<status status="PASS" starttime="20200602 12:39:21.062" endtime="20200602 12:39:21.145"></status>
</kw>
<kw name="Check resource operationState is" library="NSLCMOperationKeywords">
<arguments>
<arg>COMPLETED</arg>
</arguments>
<kw name="Should Be Equal As Strings" library="BuiltIn">
<doc>Fails if objects are unequal after converting them to strings.</doc>
<arguments>
<arg>${response[0]['body']['operationState']}</arg>
<arg>${state}</arg>
</arguments>
<msg timestamp="20200602 12:39:21.147" level="FAIL">PROCESSING != COMPLETED</msg>
<status status="FAIL" starttime="20200602 12:39:21.146" endtime="20200602 12:39:21.147"></status>
</kw>
<status status="FAIL" starttime="20200602 12:39:21.145" endtime="20200602 12:39:21.147"></status>
</kw>
<status status="FAIL" starttime="20200602 12:39:21.061" endtime="20200602 12:39:21.147"></status>
</kw>
<kw name="Run Keywords" library="BuiltIn">
<doc>Executes all the given keywords in a sequence.</doc>
<arguments>
<arg>GET Individual NS LCM OP Occurrence</arg>
<arg>AND</arg>
<arg>Check resource operationState is</arg>
<arg>COMPLETED</arg>
</arguments>
<kw name="GET Individual NS LCM OP Occurrence" library="NSLCMOperationKeywords">
<kw name="Log" library="BuiltIn">
<doc>Logs the given message with the given level.</doc>
<arguments>
<arg>Query status information about individual NS lifecycle management operation occurrence.</arg>
</arguments>
<msg timestamp="20200602 12:39:23.150" level="INFO">Query status information about individual NS lifecycle management operation occurrence.</msg>
<status status="PASS" starttime="20200602 12:39:23.150" endtime="20200602 12:39:23.150"></status>
</kw>
<kw name="Set Headers" library="REST">
<tags>
<tag>settings</tag>
</tags>
<doc>*Sets new request headers or updates the existing.*</doc>
<arguments>
<arg>{"Accept":"${ACCEPT}"}</arg>
</arguments>
<status status="PASS" starttime="20200602 12:39:23.151" endtime="20200602 12:39:23.151"></status>
</kw>
<kw name="Run Keyword If" library="BuiltIn">
<doc>Runs the given keyword with the given arguments, if ``condition`` is true.</doc>
<arguments>
<arg>${AUTH_USAGE} == 1</arg>
<arg>Set Headers</arg>
<arg>{"Authorization":"${AUTHORIZATION}"}</arg>
</arguments>
<kw name="Set Headers" library="REST">
<tags>
<tag>settings</tag>
</tags>
<doc>*Sets new request headers or updates the existing.*</doc>
<arguments>
<arg>{"Authorization":"${AUTHORIZATION}"}</arg>
</arguments>
<status status="PASS" starttime="20200602 12:39:23.152" endtime="20200602 12:39:23.153"></status>
</kw>
<status status="PASS" starttime="20200602 12:39:23.152" endtime="20200602 12:39:23.153"></status>
</kw>
<kw name="Log" library="BuiltIn">
<doc>Logs the given message with the given level.</doc>
<arguments>
<arg>Execute Query and validate response</arg>
</arguments>
<msg timestamp="20200602 12:39:23.154" level="INFO">Execute Query and validate response</msg>
<status status="PASS" starttime="20200602 12:39:23.153" endtime="20200602 12:39:23.154"></status>
</kw>
<kw name="Get" library="REST">
<tags>
<tag>http</tag>
</tags>
<doc>*Sends a GET request to the endpoint.*</doc>
<arguments>
<arg>${apiRoot}/${nfvoId}/ns_lcm_op_occs/${nsLcmOpOccId}</arg>
</arguments>
<status status="PASS" starttime="20200602 12:39:23.154" endtime="20200602 12:39:23.224"></status>
</kw>
<kw name="Output" library="REST">
<tags>
<tag>I/O</tag>
</tags>
<doc>*Outputs JSON to terminal or a file.*</doc>
<arguments>
<arg>response</arg>
</arguments>
<assign>
<var>${outputResponse}</var>
</assign>
<msg timestamp="20200602 12:39:23.224" level="INFO">
{
    "seconds": 0.066011,
    "status": 200,
    "body": {
        "id": "0b67e3cf-c9a3-4d2a-afd0-721a4e11afba",
        "lcmOperationType": "INSTANTIATE",
        "nsInstanceId": "181ed7d7-b285-46f7-8181-b191301201cc",
        "operationState": "PROCESSING",
        "startTime": "2020-06-01T18:07:21.219490Z",
        "stateEnteredTime": "2020-06-01T18:07:21.219490Z"
    },
    "headers": {
        "Server": "nginx/1.17.10",
        "Date": "Tue, 02 Jun 2020 10:39:23 GMT",
        "Content-Type": "application/json",
        "Content-Length": "254",
        "Connection": "keep-alive"
    }
}</msg>
<msg timestamp="20200602 12:39:23.225" level="INFO">${outputResponse} = {'seconds': 0.066011, 'status': 200, 'body': {'id': '0b67e3cf-c9a3-4d2a-afd0-721a4e11afba', 'lcmOperationType': 'INSTANTIATE', 'nsInstanceId': '181ed7d7-b285-46f7-8181-b191301201cc', 'operationState':...</msg>
<status status="PASS" starttime="20200602 12:39:23.224" endtime="20200602 12:39:23.225"></status>
</kw>
<kw name="Set Global Variable" library="BuiltIn">
<doc>Makes a variable available globally in all tests and suites.</doc>
<arguments>
<arg>@{response}</arg>
<arg>${outputResponse}</arg>
</arguments>
<msg timestamp="20200602 12:39:23.226" level="INFO">@{response} = [ {'seconds': 0.066011, 'status': 200, 'body': {'id': '0b67e3cf-c9a3-4d2a-afd0-721a4e11afba', 'lcmOperationType': 'INSTANTIATE', 'nsInstanceId': '181ed7d7-b285-46f7-8181-b191301201cc', 'operationState...</msg>
<status status="PASS" starttime="20200602 12:39:23.225" endtime="20200602 12:39:23.226"></status>
</kw>
<status status="PASS" starttime="20200602 12:39:23.149" endtime="20200602 12:39:23.226"></status>
</kw>
<kw name="Check resource operationState is" library="NSLCMOperationKeywords">
<arguments>
<arg>COMPLETED</arg>
</arguments>
<kw name="Should Be Equal As Strings" library="BuiltIn">
<doc>Fails if objects are unequal after converting them to strings.</doc>
<arguments>
<arg>${response[0]['body']['operationState']}</arg>
<arg>${state}</arg>
</arguments>
<msg timestamp="20200602 12:39:23.227" level="FAIL">PROCESSING != COMPLETED</msg>
<status status="FAIL" starttime="20200602 12:39:23.226" endtime="20200602 12:39:23.227"></status>
</kw>
<status status="FAIL" starttime="20200602 12:39:23.226" endtime="20200602 12:39:23.227"></status>
</kw>
<status status="FAIL" starttime="20200602 12:39:23.148" endtime="20200602 12:39:23.227"></status>
</kw>
<kw name="Run Keywords" library="BuiltIn">
<doc>Executes all the given keywords in a sequence.</doc>
<arguments>
<arg>GET Individual NS LCM OP Occurrence</arg>
<arg>AND</arg>
<arg>Check resource operationState is</arg>
<arg>COMPLETED</arg>
</arguments>
<kw name="GET Individual NS LCM OP Occurrence" library="NSLCMOperationKeywords">
<kw name="Log" library="BuiltIn">
<doc>Logs the given message with the given level.</doc>
<arguments>
<arg>Query status information about individual NS lifecycle management operation occurrence.</arg>
</arguments>
<msg timestamp="20200602 12:39:25.229" level="INFO">Query status information about individual NS lifecycle management operation occurrence.</msg>
<status status="PASS" starttime="20200602 12:39:25.228" endtime="20200602 12:39:25.229"></status>
</kw>
<kw name="Set Headers" library="REST">
<tags>
<tag>settings</tag>
</tags>
<doc>*Sets new request headers or updates the existing.*</doc>
<arguments>
<arg>{"Accept":"${ACCEPT}"}</arg>
</arguments>
<status status="PASS" starttime="20200602 12:39:25.229" endtime="20200602 12:39:25.230"></status>
</kw>
<kw name="Run Keyword If" library="BuiltIn">
<doc>Runs the given keyword with the given arguments, if ``condition`` is true.</doc>
<arguments>
<arg>${AUTH_USAGE} == 1</arg>
<arg>Set Headers</arg>
<arg>{"Authorization":"${AUTHORIZATION}"}</arg>
</arguments>
<kw name="Set Headers" library="REST">
<tags>
<tag>settings</tag>
</tags>
<doc>*Sets new request headers or updates the existing.*</doc>
<arguments>
<arg>{"Authorization":"${AUTHORIZATION}"}</arg>
</arguments>
<status status="PASS" starttime="20200602 12:39:25.230" endtime="20200602 12:39:25.231"></status>
</kw>
<status status="PASS" starttime="20200602 12:39:25.230" endtime="20200602 12:39:25.231"></status>
</kw>
<kw name="Log" library="BuiltIn">
<doc>Logs the given message with the given level.</doc>
<arguments>
<arg>Execute Query and validate response</arg>
</arguments>
<msg timestamp="20200602 12:39:25.231" level="INFO">Execute Query and validate response</msg>
<status status="PASS" starttime="20200602 12:39:25.231" endtime="20200602 12:39:25.231"></status>
</kw>
<kw name="Get" library="REST">
<tags>
<tag>http</tag>
</tags>
<doc>*Sends a GET request to the endpoint.*</doc>
<arguments>
<arg>${apiRoot}/${nfvoId}/ns_lcm_op_occs/${nsLcmOpOccId}</arg>
</arguments>
<status status="PASS" starttime="20200602 12:39:25.231" endtime="20200602 12:39:25.293"></status>
</kw>
<kw name="Output" library="REST">
<tags>
<tag>I/O</tag>
</tags>
<doc>*Outputs JSON to terminal or a file.*</doc>
<arguments>
<arg>response</arg>
</arguments>
<assign>
<var>${outputResponse}</var>
</assign>
<msg timestamp="20200602 12:39:25.294" level="INFO">
{
    "seconds": 0.05933,
    "status": 200,
    "body": {
        "id": "0b67e3cf-c9a3-4d2a-afd0-721a4e11afba",
        "lcmOperationType": "INSTANTIATE",
        "nsInstanceId": "181ed7d7-b285-46f7-8181-b191301201cc",
        "operationState": "PROCESSING",
        "startTime": "2020-06-01T18:07:21.219490Z",
        "stateEnteredTime": "2020-06-01T18:07:21.219490Z"
    },
    "headers": {
        "Server": "nginx/1.17.10",
        "Date": "Tue, 02 Jun 2020 10:39:25 GMT",
        "Content-Type": "application/json",
        "Content-Length": "254",
        "Connection": "keep-alive"
    }
}</msg>
<msg timestamp="20200602 12:39:25.294" level="INFO">${outputResponse} = {'seconds': 0.05933, 'status': 200, 'body': {'id': '0b67e3cf-c9a3-4d2a-afd0-721a4e11afba', 'lcmOperationType': 'INSTANTIATE', 'nsInstanceId': '181ed7d7-b285-46f7-8181-b191301201cc', 'operationState': ...</msg>
<status status="PASS" starttime="20200602 12:39:25.293" endtime="20200602 12:39:25.294"></status>
</kw>
<kw name="Set Global Variable" library="BuiltIn">
<doc>Makes a variable available globally in all tests and suites.</doc>
<arguments>
<arg>@{response}</arg>
<arg>${outputResponse}</arg>
</arguments>
<msg timestamp="20200602 12:39:25.295" level="INFO">@{response} = [ {'seconds': 0.05933, 'status': 200, 'body': {'id': '0b67e3cf-c9a3-4d2a-afd0-721a4e11afba', 'lcmOperationType': 'INSTANTIATE', 'nsInstanceId': '181ed7d7-b285-46f7-8181-b191301201cc', 'operationState'...</msg>
<status status="PASS" starttime="20200602 12:39:25.294" endtime="20200602 12:39:25.295"></status>
</kw>
[...]
</kw>
<status status="PASS" starttime="20200602 12:41:58.272" endtime="20200602 12:41:58.494"></status>
</kw>
<kw name="DELETE IndividualNSInstance" library="NSLCMOperationKeywords">
<kw name="Log" library="BuiltIn">
<doc>Logs the given message with the given level.</doc>
<arguments>
<arg>Trying to delete an individual NS instance</arg>
</arguments>
<msg timestamp="20200602 12:41:58.496" level="INFO">Trying to delete an individual NS instance</msg>
<status status="PASS" starttime="20200602 12:41:58.495" endtime="20200602 12:41:58.496"></status>
</kw>
<kw name="Run Keyword If" library="BuiltIn">
<doc>Runs the given keyword with the given arguments, if ``condition`` is true.</doc>
<arguments>
<arg>${AUTH_USAGE} == 1</arg>
<arg>Set Headers</arg>
<arg>{"Authorization":"${AUTHORIZATION}"}</arg>
</arguments>
<kw name="Set Headers" library="REST">
<tags>
<tag>settings</tag>
</tags>
<doc>*Sets new request headers or updates the existing.*</doc>
<arguments>
<arg>{"Authorization":"${AUTHORIZATION}"}</arg>
</arguments>
<status status="PASS" starttime="20200602 12:41:58.497" endtime="20200602 12:41:58.497"></status>
</kw>
<status status="PASS" starttime="20200602 12:41:58.496" endtime="20200602 12:41:58.498"></status>
</kw>
<kw name="Delete" library="REST">
<tags>
<tag>http</tag>
</tags>
<doc>*Sends a DELETE request to the endpoint.*</doc>
<arguments>
<arg>${apiRoot}/${nfvoId}/ns_instances/${nsInstanceId}</arg>
</arguments>
<status status="PASS" starttime="20200602 12:41:58.498" endtime="20200602 12:41:58.985"></status>
</kw>
<kw name="Output" library="REST">
<tags>
<tag>I/O</tag>
</tags>
<doc>*Outputs JSON to terminal or a file.*</doc>
<arguments>
<arg>response</arg>
</arguments>
<assign>
<var>${outputResponse}</var>
</assign>
<msg timestamp="20200602 12:41:58.986" level="INFO">
{
    "seconds": 0.469354,
    "status": 204,
    "body": "",
    "headers": {
        "Server": "nginx/1.17.10",
        "Date": "Tue, 02 Jun 2020 10:41:58 GMT",
        "Content-Type": "text/html; charset=utf-8",
        "Connection": "keep-alive"
    }
}</msg>
<msg timestamp="20200602 12:41:58.987" level="INFO">${outputResponse} = {'seconds': 0.469354, 'status': 204, 'body': '', 'headers': {'Server': 'nginx/1.17.10', 'Date': 'Tue, 02 Jun 2020 10:41:58 GMT', 'Content-Type': 'text/html; charset=utf-8', 'Connection': 'keep-alive'}...</msg>
<status status="PASS" starttime="20200602 12:41:58.985" endtime="20200602 12:41:58.987"></status>
</kw>
<kw name="Set Global Variable" library="BuiltIn">
<doc>Makes a variable available globally in all tests and suites.</doc>
<arguments>
<arg>@{response}</arg>
<arg>${outputResponse}</arg>
</arguments>
<msg timestamp="20200602 12:41:58.988" level="INFO">@{response} = [ {'seconds': 0.469354, 'status': 204, 'body': '', 'headers': {'Server': 'nginx/1.17.10', 'Date': 'Tue, 02 Jun 2020 10:41:58 GMT', 'Content-Type': 'text/html; charset=utf-8', 'Connection': 'keep-alive...</msg>
<status status="PASS" starttime="20200602 12:41:58.987" endtime="20200602 12:41:58.988"></status>
</kw>
<status status="PASS" starttime="20200602 12:41:58.494" endtime="20200602 12:41:58.988"></status>
</kw>
<kw name="Check HTTP Response Status Code Is" library="NSLCMOperationKeywords">
<arguments>
<arg>204</arg>
</arguments>
<kw name="Log" library="BuiltIn">
<doc>Logs the given message with the given level.</doc>
<arguments>
<arg>Validate Status code</arg>
</arguments>
<msg timestamp="20200602 12:41:58.990" level="INFO">Validate Status code</msg>
<status status="PASS" starttime="20200602 12:41:58.990" endtime="20200602 12:41:58.990"></status>
</kw>
<kw name="Should Be Equal As Strings" library="BuiltIn">
<doc>Fails if objects are unequal after converting them to strings.</doc>
<arguments>
<arg>${response[0]['status']}</arg>
<arg>${expected_status}</arg>
</arguments>
<msg timestamp="20200602 12:41:58.991" level="INFO">Argument types are:
&lt;class 'int'&gt;
&lt;type 'unicode'&gt;</msg>
<status status="PASS" starttime="20200602 12:41:58.991" endtime="20200602 12:41:58.991"></status>
</kw>
<kw name="Log" library="BuiltIn">
<doc>Logs the given message with the given level.</doc>
<arguments>
<arg>Status code validated</arg>
</arguments>
<msg timestamp="20200602 12:41:58.992" level="INFO">Status code validated</msg>
<status status="PASS" starttime="20200602 12:41:58.992" endtime="20200602 12:41:58.992"></status>
</kw>
<status status="PASS" starttime="20200602 12:41:58.989" endtime="20200602 12:41:58.992"></status>
</kw>
<kw name="DELETE Individual Subscription Good" library="NSLCMOperationKeywords">
<kw name="Log" library="BuiltIn">
<doc>Logs the given message with the given level.</doc>
<arguments>
<arg>Try to delete an individual subscription</arg>
</arguments>
<msg timestamp="20200602 12:41:58.994" level="INFO">Try to delete an individual subscription</msg>
<status status="PASS" starttime="20200602 12:41:58.994" endtime="20200602 12:41:58.994"></status>
</kw>
<kw name="Set Headers" library="REST">
<tags>
<tag>settings</tag>
</tags>
<doc>*Sets new request headers or updates the existing.*</doc>
<arguments>
<arg>{"Accept":"${ACCEPT}"}</arg>
</arguments>
<status status="PASS" starttime="20200602 12:41:58.994" endtime="20200602 12:41:58.995"></status>
</kw>
<kw name="Run Keyword If" library="BuiltIn">
<doc>Runs the given keyword with the given arguments, if ``condition`` is true.</doc>
<arguments>
<arg>${AUTH_USAGE} == 1</arg>
<arg>Set Headers</arg>
<arg>{"Authorization":"${AUTHORIZATION}"}</arg>
</arguments>
<kw name="Set Headers" library="REST">
<tags>
<tag>settings</tag>
</tags>
<doc>*Sets new request headers or updates the existing.*</doc>
<arguments>
<arg>{"Authorization":"${AUTHORIZATION}"}</arg>
</arguments>
<status status="PASS" starttime="20200602 12:41:58.996" endtime="20200602 12:41:58.996"></status>
</kw>
<status status="PASS" starttime="20200602 12:41:58.995" endtime="20200602 12:41:58.997"></status>
</kw>
<kw name="Delete" library="REST">
<tags>
<tag>http</tag>
</tags>
<doc>*Sends a DELETE request to the endpoint.*</doc>
<arguments>
<arg>${apiRoot}/${nfvoId}/subscriptions/${subscriptionId}</arg>
</arguments>
<status status="PASS" starttime="20200602 12:41:58.997" endtime="20200602 12:41:59.040"></status>
</kw>
<kw name="Output" library="REST">
<tags>
<tag>I/O</tag>
</tags>
<doc>*Outputs JSON to terminal or a file.*</doc>
<arguments>
<arg>response</arg>
</arguments>
<assign>
<var>${outputResponse}</var>
</assign>
<msg timestamp="20200602 12:41:59.041" level="INFO">
{
    "seconds": 0.039112,
    "status": 204,
    "body": "",
    "headers": {
        "Server": "nginx/1.17.10",
        "Date": "Tue, 02 Jun 2020 10:41:59 GMT",
        "Content-Type": "text/html; charset=utf-8",
        "Connection": "keep-alive"
    }
}</msg>
<msg timestamp="20200602 12:41:59.042" level="INFO">${outputResponse} = {'seconds': 0.039112, 'status': 204, 'body': '', 'headers': {'Server': 'nginx/1.17.10', 'Date': 'Tue, 02 Jun 2020 10:41:59 GMT', 'Content-Type': 'text/html; charset=utf-8', 'Connection': 'keep-alive'}...</msg>
<status status="PASS" starttime="20200602 12:41:59.040" endtime="20200602 12:41:59.042"></status>
</kw>
<kw name="Set Global Variable" library="BuiltIn">
<doc>Makes a variable available globally in all tests and suites.</doc>
<arguments>
<arg>@{response}</arg>
<arg>${outputResponse}</arg>
</arguments>
<msg timestamp="20200602 12:41:59.043" level="INFO">@{response} = [ {'seconds': 0.039112, 'status': 204, 'body': '', 'headers': {'Server': 'nginx/1.17.10', 'Date': 'Tue, 02 Jun 2020 10:41:59 GMT', 'Content-Type': 'text/html; charset=utf-8', 'Connection': 'keep-alive...</msg>
<status status="PASS" starttime="20200602 12:41:59.042" endtime="20200602 12:41:59.043"></status>
</kw>
<status status="PASS" starttime="20200602 12:41:58.993" endtime="20200602 12:41:59.044"></status>
</kw>
<doc>Test ID: mso-lo-test-3.6
Test title: POST NS Instance Delete
Test objective: The objective is to test the workflow for Deleting a NS instance
Pre-conditions: the resource is in NOT_INSTANTIATED state
Post-Conditions: status code 204</doc>
<tags>
<tag>instantiate-terminate-workflow</tag>
</tags>
<status status="PASS" starttime="20200602 12:41:53.270" endtime="20200602 12:41:59.044" critical="yes"></status>
</test>
<test id="s1-t12" name="POST NS Instance Creation Bad Request">
<kw name="POST New nsInstance with invalid request body" library="NSLCMOperationKeywords">
<kw name="Log" library="BuiltIn">
<doc>Logs the given message with the given level.</doc>
<arguments>
<arg>Create NS instance by POST to ${apiRoot}/${nfvoId}/ns_instances with bad request body</arg>
</arguments>
<msg timestamp="20200602 12:41:59.048" level="INFO">Create NS instance by POST to nfvo/1/ns_instances with bad request body</msg>
<status status="PASS" starttime="20200602 12:41:59.048" endtime="20200602 12:41:59.049"></status>
</kw>
<kw name="Set Headers" library="REST">
<tags>
<tag>settings</tag>
</tags>
<doc>*Sets new request headers or updates the existing.*</doc>
<arguments>
<arg>{"Accept":"${ACCEPT}"}</arg>
</arguments>
<status status="PASS" starttime="20200602 12:41:59.050" endtime="20200602 12:41:59.051"></status>
</kw>
<kw name="Set Headers" library="REST">
<tags>
<tag>settings</tag>
</tags>
<doc>*Sets new request headers or updates the existing.*</doc>
<arguments>
<arg>{"Content-Type": "${CONTENT_TYPE}"}</arg>
</arguments>
<status status="PASS" starttime="20200602 12:41:59.051" endtime="20200602 12:41:59.052"></status>
</kw>
<kw name="Run Keyword If" library="BuiltIn">
<doc>Runs the given keyword with the given arguments, if ``condition`` is true.</doc>
<arguments>
<arg>${AUTH_USAGE} == 1</arg>
<arg>Set Headers</arg>
<arg>{"Authorization":"${AUTHORIZATION}"}</arg>
</arguments>
<kw name="Set Headers" library="REST">
<tags>
<tag>settings</tag>
</tags>
<doc>*Sets new request headers or updates the existing.*</doc>
<arguments>
<arg>{"Authorization":"${AUTHORIZATION}"}</arg>
</arguments>
<status status="PASS" starttime="20200602 12:41:59.057" endtime="20200602 12:41:59.058"></status>
</kw>
<status status="PASS" starttime="20200602 12:41:59.056" endtime="20200602 12:41:59.058"></status>
</kw>
<kw name="Post" library="REST">
<tags>
<tag>http</tag>
</tags>
<doc>*Sends a POST request to the endpoint.*</doc>
<arguments>
<arg>${apiRoot}/${nfvoId}/ns_instances</arg>
</arguments>
<status status="PASS" starttime="20200602 12:41:59.058" endtime="20200602 12:41:59.104"></status>
</kw>
<kw name="Output" library="REST">
<tags>
<tag>I/O</tag>
</tags>
<doc>*Outputs JSON to terminal or a file.*</doc>
<arguments>
<arg>response</arg>
</arguments>
<assign>
<var>${outputResponse}</var>
</assign>
<msg timestamp="20200602 12:41:59.105" level="INFO">
{
    "seconds": 0.037893,
    "status": 400,
    "body": {
        "error": "The browser (or proxy) sent a request that this server could not understand."
    },
    "headers": {
        "Server": "nginx/1.17.10",
        "Date": "Tue, 02 Jun 2020 10:41:59 GMT",
        "Content-Type": "application/json",
        "Content-Length": "89",
        "Connection": "keep-alive"
    }
}</msg>
<msg timestamp="20200602 12:41:59.108" level="INFO">${outputResponse} = {'seconds': 0.037893, 'status': 400, 'body': {'error': 'The browser (or proxy) sent a request that this server could not understand.'}, 'headers': {'Server': 'nginx/1.17.10', 'Date': 'Tue, 02 Jun 2020...</msg>
<status status="PASS" starttime="20200602 12:41:59.104" endtime="20200602 12:41:59.109"></status>
</kw>
<kw name="Set Global Variable" library="BuiltIn">
<doc>Makes a variable available globally in all tests and suites.</doc>
<arguments>
<arg>@{response}</arg>
<arg>${outputResponse}</arg>
</arguments>
<msg timestamp="20200602 12:41:59.110" level="INFO">@{response} = [ {'seconds': 0.037893, 'status': 400, 'body': {'error': 'The browser (or proxy) sent a request that this server could not understand.'}, 'headers': {'Server': 'nginx/1.17.10', 'Date': 'Tue, 02 Jun 20...</msg>
<status status="PASS" starttime="20200602 12:41:59.109" endtime="20200602 12:41:59.110"></status>
</kw>
<status status="PASS" starttime="20200602 12:41:59.047" endtime="20200602 12:41:59.111"></status>
</kw>
<kw name="Check HTTP Response Status Code Is" library="NSLCMOperationKeywords">
<arguments>
<arg>400</arg>
</arguments>
<kw name="Log" library="BuiltIn">
<doc>Logs the given message with the given level.</doc>
<arguments>
<arg>Validate Status code</arg>
</arguments>
<msg timestamp="20200602 12:41:59.115" level="INFO">Validate Status code</msg>
<status status="PASS" starttime="20200602 12:41:59.115" endtime="20200602 12:41:59.115"></status>
</kw>
<kw name="Should Be Equal As Strings" library="BuiltIn">
<doc>Fails if objects are unequal after converting them to strings.</doc>
<arguments>
<arg>${response[0]['status']}</arg>
<arg>${expected_status}</arg>
</arguments>
<msg timestamp="20200602 12:41:59.116" level="INFO">Argument types are:
&lt;class 'int'&gt;
&lt;type 'unicode'&gt;</msg>
<status status="PASS" starttime="20200602 12:41:59.116" endtime="20200602 12:41:59.117"></status>
</kw>
<kw name="Log" library="BuiltIn">
<doc>Logs the given message with the given level.</doc>
<arguments>
<arg>Status code validated</arg>
</arguments>
<msg timestamp="20200602 12:41:59.117" level="INFO">Status code validated</msg>
<status status="PASS" starttime="20200602 12:41:59.117" endtime="20200602 12:41:59.118"></status>
</kw>
<status status="PASS" starttime="20200602 12:41:59.114" endtime="20200602 12:41:59.118"></status>
</kw>
<doc>Test ID: mso-lo-test-3.2.1
Test title: POST Instance Creation Bad Request
Test objective: The objective is to test the workflow for Creating a NS instance with a bad request
Pre-conditions: none
Post-Conditions: Status code 400</doc>
<tags>
<tag>standalone</tag>
</tags>
<status status="PASS" starttime="20200602 12:41:59.045" endtime="20200602 12:41:59.118" critical="yes"></status>
</test>
<test id="s1-t13" name="GET Information about an inexistent individual NS Instance">
<kw name="GET IndividualNSInstance inexistent" library="NSLCMOperationKeywords">
<kw name="Log" library="BuiltIn">
<doc>Logs the given message with the given level.</doc>
<arguments>
<arg>Trying to get information about an individual NS instance</arg>
</arguments>
<msg timestamp="20200602 12:41:59.122" level="INFO">Trying to get information about an individual NS instance</msg>
<status status="PASS" starttime="20200602 12:41:59.122" endtime="20200602 12:41:59.123"></status>
</kw>
<kw name="Set Headers" library="REST">
<tags>
<tag>settings</tag>
</tags>
<doc>*Sets new request headers or updates the existing.*</doc>
<arguments>
<arg>{"Accept":"${ACCEPT}"}</arg>
</arguments>
<status status="PASS" starttime="20200602 12:41:59.123" endtime="20200602 12:41:59.123"></status>
</kw>
<kw name="Set Headers" library="REST">
<tags>
<tag>settings</tag>
</tags>
<doc>*Sets new request headers or updates the existing.*</doc>
<arguments>
<arg>{"Content-Type": "${CONTENT_TYPE}"}</arg>
</arguments>
<status status="PASS" starttime="20200602 12:41:59.124" endtime="20200602 12:41:59.124"></status>
</kw>
<kw name="Run Keyword If" library="BuiltIn">
<doc>Runs the given keyword with the given arguments, if ``condition`` is true.</doc>
<arguments>
<arg>${AUTH_USAGE} == 1</arg>
<arg>Set Headers</arg>
<arg>{"Authorization":"${AUTHORIZATION}"}</arg>
</arguments>
<kw name="Set Headers" library="REST">
<tags>
<tag>settings</tag>
</tags>
<doc>*Sets new request headers or updates the existing.*</doc>
<arguments>
<arg>{"Authorization":"${AUTHORIZATION}"}</arg>
</arguments>
<status status="PASS" starttime="20200602 12:41:59.126" endtime="20200602 12:41:59.126"></status>
</kw>
<status status="PASS" starttime="20200602 12:41:59.125" endtime="20200602 12:41:59.126"></status>
</kw>
<kw name="Get" library="REST">
<tags>
<tag>http</tag>
</tags>
<doc>*Sends a GET request to the endpoint.*</doc>
<arguments>
<arg>${apiRoot}/${nfvoId}/ns_instances/${nsInstanceIdinexistent}</arg>
</arguments>
<status status="PASS" starttime="20200602 12:41:59.127" endtime="20200602 12:41:59.263"></status>
</kw>
<kw name="Output" library="REST">
<tags>
<tag>I/O</tag>
</tags>
<doc>*Outputs JSON to terminal or a file.*</doc>
<arguments>
<arg>response</arg>
</arguments>
<assign>
<var>${outputResponse}</var>
</assign>
<msg timestamp="20200602 12:41:59.264" level="INFO">
{
    "seconds": 0.132487,
    "status": 404,
    "body": {
        "error": "NS instance 6fc3539c-e602-4afa-8e13-962fb5a7d81xxxxxxx not found."
    },
    "headers": {
        "Server": "nginx/1.17.10",
        "Date": "Tue, 02 Jun 2020 10:41:59 GMT",
        "Content-Type": "application/json",
        "Content-Length": "78",
        "Connection": "keep-alive"
    }
}</msg>
<msg timestamp="20200602 12:41:59.266" level="INFO">${outputResponse} = {'seconds': 0.132487, 'status': 404, 'body': {'error': 'NS instance 6fc3539c-e602-4afa-8e13-962fb5a7d81xxxxxxx not found.'}, 'headers': {'Server': 'nginx/1.17.10', 'Date': 'Tue, 02 Jun 2020 10:41:59 G...</msg>
<status status="PASS" starttime="20200602 12:41:59.264" endtime="20200602 12:41:59.266"></status>
</kw>
<kw name="Set Global Variable" library="BuiltIn">
<doc>Makes a variable available globally in all tests and suites.</doc>
<arguments>
<arg>@{response}</arg>
<arg>${outputResponse}</arg>
</arguments>
<msg timestamp="20200602 12:41:59.267" level="INFO">@{response} = [ {'seconds': 0.132487, 'status': 404, 'body': {'error': 'NS instance 6fc3539c-e602-4afa-8e13-962fb5a7d81xxxxxxx not found.'}, 'headers': {'Server': 'nginx/1.17.10', 'Date': 'Tue, 02 Jun 2020 10:41:59...</msg>
<status status="PASS" starttime="20200602 12:41:59.266" endtime="20200602 12:41:59.267"></status>
</kw>
<status status="PASS" starttime="20200602 12:41:59.121" endtime="20200602 12:41:59.267"></status>
</kw>
<kw name="Check HTTP Response Status Code Is" library="NSLCMOperationKeywords">
<arguments>
<arg>404</arg>
</arguments>
<kw name="Log" library="BuiltIn">
<doc>Logs the given message with the given level.</doc>
<arguments>
<arg>Validate Status code</arg>
</arguments>
<msg timestamp="20200602 12:41:59.269" level="INFO">Validate Status code</msg>
<status status="PASS" starttime="20200602 12:41:59.268" endtime="20200602 12:41:59.269"></status>
</kw>
<kw name="Should Be Equal As Strings" library="BuiltIn">
<doc>Fails if objects are unequal after converting them to strings.</doc>
<arguments>
<arg>${response[0]['status']}</arg>
<arg>${expected_status}</arg>
</arguments>
<msg timestamp="20200602 12:41:59.270" level="INFO">Argument types are:
&lt;class 'int'&gt;
&lt;type 'unicode'&gt;</msg>
<status status="PASS" starttime="20200602 12:41:59.269" endtime="20200602 12:41:59.270"></status>
</kw>
<kw name="Log" library="BuiltIn">
<doc>Logs the given message with the given level.</doc>
<arguments>
<arg>Status code validated</arg>
</arguments>
<msg timestamp="20200602 12:41:59.270" level="INFO">Status code validated</msg>
<status status="PASS" starttime="20200602 12:41:59.270" endtime="20200602 12:41:59.271"></status>
</kw>
<status status="PASS" starttime="20200602 12:41:59.268" endtime="20200602 12:41:59.271"></status>
</kw>
<doc>Test ID: mso-lo-test-3.3.1
Test title: GET Information about an inexistent individual NS Instance
Test objective: The objective is to test that GET method returns an inexistent individual NS instance
Pre-conditions: none
Post-Conditions: Status code 404</doc>
<tags>
<tag>standalone</tag>
</tags>
<status status="PASS" starttime="20200602 12:41:59.119" endtime="20200602 12:41:59.271" critical="yes"></status>
</test>
<status status="PASS" starttime="20200602 12:39:16.414" endtime="20200602 12:41:59.274"></status>
</suite>
<statistics>
<total>
<stat pass="13" fail="0">Critical Tests</stat>
<stat pass="13" fail="0">All Tests</stat>
</total>
<tag>
<stat pass="11" fail="0">instantiate-terminate-workflow</stat>
<stat pass="2" fail="0">standalone</stat>
</tag>
<suite>
<stat pass="13" fail="0" id="s1" name="MSO-LO-LCM-Workflow">MSO-LO-LCM-Workflow</stat>
</suite>
</statistics>
<errors>
</errors>
</robot>
