<?xml version="1.0" encoding="UTF-8"?>
<robot generator="Robot 3.2.1 (Python 3.6.10 on linux)" generated="20200602 13:02:51.518" rpa="false">
<suite id="s1" name="MSO-LO-SUBS" source="/home/thewall/Coding/5G-EVE/mso-lo/adaptation_layer/robotframework/MSO-LO-SUBS.robot">
<test id="s1-t1" name="POST Subscription Creation 201">
<kw name="POST New Subscription Good" library="NSLCMOperationKeywords">
<kw name="Log" library="BuiltIn">
<doc>Logs the given message with the given level.</doc>
<arguments>
<arg>Create subscription instance by POST to ${apiRoot}/${nfvoId}/subscriptions</arg>
</arguments>
<msg timestamp="20200602 13:02:53.743" level="INFO">Create subscription instance by POST to nfvo/1/subscriptions</msg>
<status status="PASS" starttime="20200602 13:02:53.742" endtime="20200602 13:02:53.743"></status>
</kw>
<kw name="Set Headers" library="REST">
<tags>
<tag>settings</tag>
</tags>
<doc>*Sets new request headers or updates the existing.*</doc>
<arguments>
<arg>{"Accept":"${ACCEPT}"}</arg>
</arguments>
<status status="PASS" starttime="20200602 13:02:53.743" endtime="20200602 13:02:53.743"></status>
</kw>
<kw name="Set Headers" library="REST">
<tags>
<tag>settings</tag>
</tags>
<doc>*Sets new request headers or updates the existing.*</doc>
<arguments>
<arg>{"Content-Type": "${CONTENT_TYPE}"}</arg>
</arguments>
<status status="PASS" starttime="20200602 13:02:53.743" endtime="20200602 13:02:53.744"></status>
</kw>
<kw name="Run Keyword If" library="BuiltIn">
<doc>Runs the given keyword with the given arguments, if ``condition`` is true.</doc>
<arguments>
<arg>${AUTH_USAGE} == 1</arg>
<arg>Set Headers</arg>
<arg>{"Authorization":"${AUTHORIZATION}"}</arg>
</arguments>
<kw name="Set Headers" library="REST">
<tags>
<tag>settings</tag>
</tags>
<doc>*Sets new request headers or updates the existing.*</doc>
<arguments>
<arg>{"Authorization":"${AUTHORIZATION}"}</arg>
</arguments>
<status status="PASS" starttime="20200602 13:02:53.744" endtime="20200602 13:02:53.745"></status>
</kw>
<status status="PASS" starttime="20200602 13:02:53.744" endtime="20200602 13:02:53.745"></status>
</kw>
<kw name="Load JSON From File" library="JSONLibrary">
<doc>Load JSON from file.</doc>
<arguments>
<arg>jsons/LccnSubscriptionRequest.json</arg>
</arguments>
<assign>
<var>${body}</var>
</assign>
<msg timestamp="20200602 13:02:53.745" level="INFO">${body} = {'callbackUri': 'http://localhost:9097/', 'nsInstanceId': '45f95003-4dd1-4e20-87cf-4373c9f4e946', 'notificationTypes': ['NsLcmOperationOccurrenceNotification', 'NsIdentifierDeletionNotification', 'NsI...</msg>
<status status="PASS" starttime="20200602 13:02:53.745" endtime="20200602 13:02:53.745"></status>
</kw>
<kw name="Update Value To Json" library="JSONLibrary">
<doc>Update value to JSON using JSONPath</doc>
<arguments>
<arg>${body}</arg>
<arg>$.nsInstanceId</arg>
<arg>${nsInstanceId}</arg>
</arguments>
<assign>
<var>${body}</var>
</assign>
<msg timestamp="20200602 13:02:53.776" level="INFO">${body} = {'callbackUri': 'http://localhost:9097/', 'nsInstanceId': 'cc256072-2001-434c-8be9-0bd8609cef9f', 'notificationTypes': ['NsLcmOperationOccurrenceNotification', 'NsIdentifierDeletionNotification', 'NsI...</msg>
<status status="PASS" starttime="20200602 13:02:53.746" endtime="20200602 13:02:53.776"></status>
</kw>
<kw name="Update Value To Json" library="JSONLibrary">
<doc>Update value to JSON using JSONPath</doc>
<arguments>
<arg>${body}</arg>
<arg>$.callbackUri</arg>
<arg>${notificationUri}</arg>
</arguments>
<assign>
<var>${body}</var>
</assign>
<msg timestamp="20200602 13:02:53.802" level="INFO">${body} = {'callbackUri': 'http://192.168.17.20:8083/', 'nsInstanceId': 'cc256072-2001-434c-8be9-0bd8609cef9f', 'notificationTypes': ['NsLcmOperationOccurrenceNotification', 'NsIdentifierDeletionNotification', ...</msg>
<status status="PASS" starttime="20200602 13:02:53.776" endtime="20200602 13:02:53.802"></status>
</kw>
<kw name="Post" library="REST">
<tags>
<tag>http</tag>
</tags>
<doc>*Sends a POST request to the endpoint.*</doc>
<arguments>
<arg>${apiRoot}/${nfvoId}/subscriptions</arg>
<arg>${body}</arg>
</arguments>
<status status="PASS" starttime="20200602 13:02:53.802" endtime="20200602 13:02:53.868"></status>
</kw>
<kw name="Output" library="REST">
<tags>
<tag>I/O</tag>
</tags>
<doc>*Outputs JSON to terminal or a file.*</doc>
<arguments>
<arg>response</arg>
</arguments>
<assign>
<var>${outputResponse}</var>
</assign>
<msg timestamp="20200602 13:02:53.868" level="INFO">
{
    "seconds": 0.035476,
    "status": 201,
    "body": {
        "_links": {
            "lccnSubscription": {
                "href": "http://192.168.17.20:8087/subscriptions/2"
            },
            "nfvOrchestrators": {
                "href": "http://192.168.17.20:8087/subscriptions/2/nfvOrchestrators"
            },
            "self": {
                "href": "http://192.168.17.20:8087/subscriptions/2"
            }
        },
        "callbackUri": "http://192.168.17.20:8083/",
        "id": 2,
        "notificationTypes": [
            "NsLcmOperationOccurrenceNotification",
            "NsIdentifierDeletionNotification",
            "NsIdentifierCreationNotification"
        ],
        "nsInstanceId": "cc256072-2001-434c-8be9-0bd8609cef9f"
    },
    "headers": {
        "Server": "nginx/1.17.10",
        "Date": "Tue, 02 Jun 2020 11:02:53 GMT",
        "Content-Type": "application/json",
        "Content-Length": "469",
        "Connection": "keep-alive"
    }
}</msg>
<msg timestamp="20200602 13:02:53.883" level="INFO">${outputResponse} = {'seconds': 0.035476, 'status': 201, 'body': {'_links': {'lccnSubscription': {'href': 'http://192.168.17.20:8087/subscriptions/2'}, 'nfvOrchestrators': {'href': 'http://192.168.17.20:8087/subscription...</msg>
<status status="PASS" starttime="20200602 13:02:53.868" endtime="20200602 13:02:53.883"></status>
</kw>
<kw name="Set Global Variable" library="BuiltIn">
<doc>Makes a variable available globally in all tests and suites.</doc>
<arguments>
<arg>@{response}</arg>
<arg>${outputResponse}</arg>
</arguments>
<msg timestamp="20200602 13:02:53.884" level="INFO">@{response} = [ {'seconds': 0.035476, 'status': 201, 'body': {'_links': {'lccnSubscription': {'href': 'http://192.168.17.20:8087/subscriptions/2'}, 'nfvOrchestrators': {'href': 'http://192.168.17.20:8087/subscripti...</msg>
<status status="PASS" starttime="20200602 13:02:53.883" endtime="20200602 13:02:53.884"></status>
</kw>
<status status="PASS" starttime="20200602 13:02:53.742" endtime="20200602 13:02:53.884"></status>
</kw>
<kw name="Check HTTP Response Status Code Is" library="NSLCMOperationKeywords">
<arguments>
<arg>201</arg>
</arguments>
<kw name="Log" library="BuiltIn">
<doc>Logs the given message with the given level.</doc>
<arguments>
<arg>Validate Status code</arg>
</arguments>
<msg timestamp="20200602 13:02:53.886" level="INFO">Validate Status code</msg>
<status status="PASS" starttime="20200602 13:02:53.885" endtime="20200602 13:02:53.886"></status>
</kw>
<kw name="Should Be Equal As Strings" library="BuiltIn">
<doc>Fails if objects are unequal after converting them to strings.</doc>
<arguments>
<arg>${response[0]['status']}</arg>
<arg>${expected_status}</arg>
</arguments>
<msg timestamp="20200602 13:02:53.886" level="INFO">Argument types are:
&lt;class 'int'&gt;
&lt;type 'unicode'&gt;</msg>
<status status="PASS" starttime="20200602 13:02:53.886" endtime="20200602 13:02:53.887"></status>
</kw>
<kw name="Log" library="BuiltIn">
<doc>Logs the given message with the given level.</doc>
<arguments>
<arg>Status code validated</arg>
</arguments>
<msg timestamp="20200602 13:02:53.887" level="INFO">Status code validated</msg>
<status status="PASS" starttime="20200602 13:02:53.887" endtime="20200602 13:02:53.887"></status>
</kw>
<status status="PASS" starttime="20200602 13:02:53.885" endtime="20200602 13:02:53.887"></status>
</kw>
<kw name="Check HTTP Response Body Json Schema Is" library="NSLCMOperationKeywords">
<arguments>
<arg>${subscription_schema}</arg>
</arguments>
<kw name="Validate" library="jsonschema">
<doc>Validate an instance under the given schema.</doc>
<arguments>
<arg>instance=${response[0]['body']}</arg>
<arg>schema=${input_schema}</arg>
</arguments>
<status status="PASS" starttime="20200602 13:02:53.888" endtime="20200602 13:02:53.891"></status>
</kw>
<kw name="Log" library="BuiltIn">
<doc>Logs the given message with the given level.</doc>
<arguments>
<arg>${response[0]['body']}</arg>
</arguments>
<msg timestamp="20200602 13:02:53.892" level="INFO">{'_links': {'lccnSubscription': {'href': 'http://192.168.17.20:8087/subscriptions/2'}, 'nfvOrchestrators': {'href': 'http://192.168.17.20:8087/subscriptions/2/nfvOrchestrators'}, 'self': {'href': 'http://192.168.17.20:8087/subscriptions/2'}}, 'callbackUri': 'http://192.168.17.20:8083/', 'id': 2, 'notificationTypes': ['NsLcmOperationOccurrenceNotification', 'NsIdentifierDeletionNotification', 'NsIdentifierCreationNotification'], 'nsInstanceId': 'cc256072-2001-434c-8be9-0bd8609cef9f'}</msg>
<status status="PASS" starttime="20200602 13:02:53.892" endtime="20200602 13:02:53.892"></status>
</kw>
<kw name="Log" library="BuiltIn">
<doc>Logs the given message with the given level.</doc>
<arguments>
<arg>Json Schema Validation OK</arg>
</arguments>
<msg timestamp="20200602 13:02:53.893" level="INFO">Json Schema Validation OK</msg>
<status status="PASS" starttime="20200602 13:02:53.892" endtime="20200602 13:02:53.893"></status>
</kw>
<status status="PASS" starttime="20200602 13:02:53.888" endtime="20200602 13:02:53.893"></status>
</kw>
<kw name="Check Sub Id" library="NSLCMOperationKeywords">
<kw name="Set Global Variable" library="BuiltIn">
<doc>Makes a variable available globally in all tests and suites.</doc>
<arguments>
<arg>${subscriptionId}</arg>
<arg>${response[0]['body']['id']}</arg>
</arguments>
<msg timestamp="20200602 13:02:53.897" level="INFO">${subscriptionId} = 2</msg>
<status status="PASS" starttime="20200602 13:02:53.894" endtime="20200602 13:02:53.897"></status>
</kw>
<status status="PASS" starttime="20200602 13:02:53.893" endtime="20200602 13:02:53.897"></status>
</kw>
<doc>Test ID: mso-lo-test-
Test title: POST Subscription Creation 201</doc>
<status status="PASS" starttime="20200602 13:02:53.741" endtime="20200602 13:02:53.897" critical="yes"></status>
</test>
<test id="s1-t2" name="POST Subscription Creation 400">
<kw name="POST New Subscription Bad" library="NSLCMOperationKeywords">
<kw name="Log" library="BuiltIn">
<doc>Logs the given message with the given level.</doc>
<arguments>
<arg>Create subscription instance by POST to ${apiRoot}/${nfvoId}/subscriptions</arg>
</arguments>
<msg timestamp="20200602 13:02:53.900" level="INFO">Create subscription instance by POST to nfvo/1/subscriptions</msg>
<status status="PASS" starttime="20200602 13:02:53.899" endtime="20200602 13:02:53.900"></status>
</kw>
<kw name="Set Headers" library="REST">
<tags>
<tag>settings</tag>
</tags>
<doc>*Sets new request headers or updates the existing.*</doc>
<arguments>
<arg>{"Accept":"${ACCEPT}"}</arg>
</arguments>
<status status="PASS" starttime="20200602 13:02:53.900" endtime="20200602 13:02:53.900"></status>
</kw>
<kw name="Set Headers" library="REST">
<tags>
<tag>settings</tag>
</tags>
<doc>*Sets new request headers or updates the existing.*</doc>
<arguments>
<arg>{"Content-Type": "${CONTENT_TYPE}"}</arg>
</arguments>
<status status="PASS" starttime="20200602 13:02:53.901" endtime="20200602 13:02:53.901"></status>
</kw>
<kw name="Run Keyword If" library="BuiltIn">
<doc>Runs the given keyword with the given arguments, if ``condition`` is true.</doc>
<arguments>
<arg>${AUTH_USAGE} == 1</arg>
<arg>Set Headers</arg>
<arg>{"Authorization":"${AUTHORIZATION}"}</arg>
</arguments>
<kw name="Set Headers" library="REST">
<tags>
<tag>settings</tag>
</tags>
<doc>*Sets new request headers or updates the existing.*</doc>
<arguments>
<arg>{"Authorization":"${AUTHORIZATION}"}</arg>
</arguments>
<status status="PASS" starttime="20200602 13:02:53.902" endtime="20200602 13:02:53.902"></status>
</kw>
<status status="PASS" starttime="20200602 13:02:53.901" endtime="20200602 13:02:53.902"></status>
</kw>
<kw name="Post" library="REST">
<tags>
<tag>http</tag>
</tags>
<doc>*Sends a POST request to the endpoint.*</doc>
<arguments>
<arg>${apiRoot}/${nfvoId}/subscriptions</arg>
<arg>{"bad": "request"}</arg>
</arguments>
<status status="PASS" starttime="20200602 13:02:53.902" endtime="20200602 13:02:53.924"></status>
</kw>
<kw name="Output" library="REST">
<tags>
<tag>I/O</tag>
</tags>
<doc>*Outputs JSON to terminal or a file.*</doc>
<arguments>
<arg>response</arg>
</arguments>
<assign>
<var>${outputResponse}</var>
</assign>
<msg timestamp="20200602 13:02:53.925" level="INFO">
{
    "seconds": 0.017777,
    "status": 400,
    "body": {
        "error": "Malformed request"
    },
    "headers": {
        "Server": "nginx/1.17.10",
        "Date": "Tue, 02 Jun 2020 11:02:53 GMT",
        "Content-Type": "application/json",
        "Content-Length": "30",
        "Connection": "keep-alive"
    }
}</msg>
<msg timestamp="20200602 13:02:53.926" level="INFO">${outputResponse} = {'seconds': 0.017777, 'status': 400, 'body': {'error': 'Malformed request'}, 'headers': {'Server': 'nginx/1.17.10', 'Date': 'Tue, 02 Jun 2020 11:02:53 GMT', 'Content-Type': 'application/json', 'Conten...</msg>
<status status="PASS" starttime="20200602 13:02:53.924" endtime="20200602 13:02:53.926"></status>
</kw>
<kw name="Set Global Variable" library="BuiltIn">
<doc>Makes a variable available globally in all tests and suites.</doc>
<arguments>
<arg>@{response}</arg>
<arg>${outputResponse}</arg>
</arguments>
<msg timestamp="20200602 13:02:53.927" level="INFO">@{response} = [ {'seconds': 0.017777, 'status': 400, 'body': {'error': 'Malformed request'}, 'headers': {'Server': 'nginx/1.17.10', 'Date': 'Tue, 02 Jun 2020 11:02:53 GMT', 'Content-Type': 'application/json', 'Cont...</msg>
<status status="PASS" starttime="20200602 13:02:53.926" endtime="20200602 13:02:53.927"></status>
</kw>
<status status="PASS" starttime="20200602 13:02:53.899" endtime="20200602 13:02:53.927"></status>
</kw>
<kw name="Check HTTP Response Status Code Is" library="NSLCMOperationKeywords">
<arguments>
<arg>400</arg>
</arguments>
<kw name="Log" library="BuiltIn">
<doc>Logs the given message with the given level.</doc>
<arguments>
<arg>Validate Status code</arg>
</arguments>
<msg timestamp="20200602 13:02:53.928" level="INFO">Validate Status code</msg>
<status status="PASS" starttime="20200602 13:02:53.928" endtime="20200602 13:02:53.928"></status>
</kw>
<kw name="Should Be Equal As Strings" library="BuiltIn">
<doc>Fails if objects are unequal after converting them to strings.</doc>
<arguments>
<arg>${response[0]['status']}</arg>
<arg>${expected_status}</arg>
</arguments>
<msg timestamp="20200602 13:02:53.929" level="INFO">Argument types are:
&lt;class 'int'&gt;
&lt;type 'unicode'&gt;</msg>
<status status="PASS" starttime="20200602 13:02:53.929" endtime="20200602 13:02:53.929"></status>
</kw>
<kw name="Log" library="BuiltIn">
<doc>Logs the given message with the given level.</doc>
<arguments>
<arg>Status code validated</arg>
</arguments>
<msg timestamp="20200602 13:02:53.930" level="INFO">Status code validated</msg>
<status status="PASS" starttime="20200602 13:02:53.930" endtime="20200602 13:02:53.930"></status>
</kw>
<status status="PASS" starttime="20200602 13:02:53.927" endtime="20200602 13:02:53.930"></status>
</kw>
<doc>Test ID: mso-lo-test-
Test title: POST Subscription Creation 400</doc>
<status status="PASS" starttime="20200602 13:02:53.898" endtime="20200602 13:02:53.931" critical="yes"></status>
</test>
<test id="s1-t3" name="GET Subscription List 200">
<kw name="GET Subscriptions" library="NSLCMOperationKeywords">
<kw name="Log" library="BuiltIn">
<doc>Logs the given message with the given level.</doc>
<arguments>
<arg>Get the list of active subscriptions</arg>
</arguments>
<msg timestamp="20200602 13:02:53.933" level="INFO">Get the list of active subscriptions</msg>
<status status="PASS" starttime="20200602 13:02:53.933" endtime="20200602 13:02:53.933"></status>
</kw>
<kw name="Set Headers" library="REST">
<tags>
<tag>settings</tag>
</tags>
<doc>*Sets new request headers or updates the existing.*</doc>
<arguments>
<arg>{"Accept":"${ACCEPT}"}</arg>
</arguments>
<status status="PASS" starttime="20200602 13:02:53.933" endtime="20200602 13:02:53.934"></status>
</kw>
<kw name="Set Headers" library="REST">
<tags>
<tag>settings</tag>
</tags>
<doc>*Sets new request headers or updates the existing.*</doc>
<arguments>
<arg>{"Content-Type": "${CONTENT_TYPE}"}</arg>
</arguments>
<status status="PASS" starttime="20200602 13:02:53.934" endtime="20200602 13:02:53.935"></status>
</kw>
<kw name="Run Keyword If" library="BuiltIn">
<doc>Runs the given keyword with the given arguments, if ``condition`` is true.</doc>
<arguments>
<arg>${AUTH_USAGE} == 1</arg>
<arg>Set Headers</arg>
<arg>{"Authorization":"${AUTHORIZATION}"}</arg>
</arguments>
<kw name="Set Headers" library="REST">
<tags>
<tag>settings</tag>
</tags>
<doc>*Sets new request headers or updates the existing.*</doc>
<arguments>
<arg>{"Authorization":"${AUTHORIZATION}"}</arg>
</arguments>
<status status="PASS" starttime="20200602 13:02:53.936" endtime="20200602 13:02:53.936"></status>
</kw>
<status status="PASS" starttime="20200602 13:02:53.935" endtime="20200602 13:02:53.936"></status>
</kw>
<kw name="Log" library="BuiltIn">
<doc>Logs the given message with the given level.</doc>
<arguments>
<arg>Execute Query and validate response</arg>
</arguments>
<msg timestamp="20200602 13:02:53.937" level="INFO">Execute Query and validate response</msg>
<status status="PASS" starttime="20200602 13:02:53.937" endtime="20200602 13:02:53.937"></status>
</kw>
<kw name="Get" library="REST">
<tags>
<tag>http</tag>
</tags>
<doc>*Sends a GET request to the endpoint.*</doc>
<arguments>
<arg>${apiRoot}/${nfvoId}/subscriptions</arg>
</arguments>
<status status="PASS" starttime="20200602 13:02:53.937" endtime="20200602 13:02:53.956"></status>
</kw>
<kw name="Output" library="REST">
<tags>
<tag>I/O</tag>
</tags>
<doc>*Outputs JSON to terminal or a file.*</doc>
<arguments>
<arg>response</arg>
</arguments>
<assign>
<var>${outputResponse}</var>
</assign>
<msg timestamp="20200602 13:02:53.957" level="INFO">
{
    "seconds": 0.014227,
    "status": 200,
    "body": {
        "_embedded": {
            "subscriptions": [
                {
                    "_links": {
                        "lccnSubscription": {
                            "href": "http://192.168.17.20:8087/subscriptions/2"
                        },
                        "nfvOrchestrators": {
                            "href": "http://192.168.17.20:8087/subscriptions/2/nfvOrchestrators"
                        },
                        "self": {
                            "href": "http://192.168.17.20:8087/subscriptions/2"
                        }
                    },
                    "callbackUri": "http://192.168.17.20:8083/",
                    "id": 2,
                    "notificationTypes": [
                        "NsLcmOperationOccurrenceNotification",
                        "NsIdentifierDeletionNotification",
                        "NsIdentifierCreationNotification"
                    ],
                    "nsInstanceId": "cc256072-2001-434c-8be9-0bd8609cef9f"
                }
            ]
        },
        "_links": {
            "self": {
                "href": "http://192.168.17.20:8087/nfvOrchestrators/1/subscriptions"
            }
        }
    },
    "headers": {
        "Server": "nginx/1.17.10",
        "Date": "Tue, 02 Jun 2020 11:02:53 GMT",
        "Content-Type": "application/json",
        "Content-Length": "591",
        "Connection": "keep-alive"
    }
}</msg>
<msg timestamp="20200602 13:02:53.958" level="INFO">${outputResponse} = {'seconds': 0.014227, 'status': 200, 'body': {'_embedded': {'subscriptions': [{'_links': {'lccnSubscription': {'href': 'http://192.168.17.20:8087/subscriptions/2'}, 'nfvOrchestrators': {'href': 'http:...</msg>
<status status="PASS" starttime="20200602 13:02:53.956" endtime="20200602 13:02:53.958"></status>
</kw>
<kw name="Set Global Variable" library="BuiltIn">
<doc>Makes a variable available globally in all tests and suites.</doc>
<arguments>
<arg>@{response}</arg>
<arg>${outputResponse}</arg>
</arguments>
<msg timestamp="20200602 13:02:53.959" level="INFO">@{response} = [ {'seconds': 0.014227, 'status': 200, 'body': {'_embedded': {'subscriptions': [{'_links': {'lccnSubscription': {'href': 'http://192.168.17.20:8087/subscriptions/2'}, 'nfvOrchestrators': {'href': 'htt...</msg>
<status status="PASS" starttime="20200602 13:02:53.958" endtime="20200602 13:02:53.959"></status>
</kw>
<status status="PASS" starttime="20200602 13:02:53.932" endtime="20200602 13:02:53.959"></status>
</kw>
<kw name="Check HTTP Response Status Code Is" library="NSLCMOperationKeywords">
<arguments>
<arg>200</arg>
</arguments>
<kw name="Log" library="BuiltIn">
<doc>Logs the given message with the given level.</doc>
<arguments>
<arg>Validate Status code</arg>
</arguments>
<msg timestamp="20200602 13:02:53.960" level="INFO">Validate Status code</msg>
<status status="PASS" starttime="20200602 13:02:53.960" endtime="20200602 13:02:53.960"></status>
</kw>
<kw name="Should Be Equal As Strings" library="BuiltIn">
<doc>Fails if objects are unequal after converting them to strings.</doc>
<arguments>
<arg>${response[0]['status']}</arg>
<arg>${expected_status}</arg>
</arguments>
<msg timestamp="20200602 13:02:53.960" level="INFO">Argument types are:
&lt;class 'int'&gt;
&lt;type 'unicode'&gt;</msg>
<status status="PASS" starttime="20200602 13:02:53.960" endtime="20200602 13:02:53.961"></status>
</kw>
<kw name="Log" library="BuiltIn">
<doc>Logs the given message with the given level.</doc>
<arguments>
<arg>Status code validated</arg>
</arguments>
<msg timestamp="20200602 13:02:53.961" level="INFO">Status code validated</msg>
<status status="PASS" starttime="20200602 13:02:53.961" endtime="20200602 13:02:53.961"></status>
</kw>
<status status="PASS" starttime="20200602 13:02:53.959" endtime="20200602 13:02:53.961"></status>
</kw>
<kw name="Check HTTP Response Body Json Schema Is" library="NSLCMOperationKeywords">
<arguments>
<arg>${subscription_list_schema}</arg>
</arguments>
<kw name="Validate" library="jsonschema">
<doc>Validate an instance under the given schema.</doc>
<arguments>
<arg>instance=${response[0]['body']}</arg>
<arg>schema=${input_schema}</arg>
</arguments>
<status status="PASS" starttime="20200602 13:02:53.962" endtime="20200602 13:02:53.963"></status>
</kw>
<kw name="Log" library="BuiltIn">
<doc>Logs the given message with the given level.</doc>
<arguments>
<arg>${response[0]['body']}</arg>
</arguments>
<msg timestamp="20200602 13:02:53.964" level="INFO">{'_embedded': {'subscriptions': [{'_links': {'lccnSubscription': {'href': 'http://192.168.17.20:8087/subscriptions/2'}, 'nfvOrchestrators': {'href': 'http://192.168.17.20:8087/subscriptions/2/nfvOrchestrators'}, 'self': {'href': 'http://192.168.17.20:8087/subscriptions/2'}}, 'callbackUri': 'http://192.168.17.20:8083/', 'id': 2, 'notificationTypes': ['NsLcmOperationOccurrenceNotification', 'NsIdentifierDeletionNotification', 'NsIdentifierCreationNotification'], 'nsInstanceId': 'cc256072-2001-434c-8be9-0bd8609cef9f'}]}, '_links': {'self': {'href': 'http://192.168.17.20:8087/nfvOrchestrators/1/subscriptions'}}}</msg>
<status status="PASS" starttime="20200602 13:02:53.964" endtime="20200602 13:02:53.964"></status>
</kw>
<kw name="Log" library="BuiltIn">
<doc>Logs the given message with the given level.</doc>
<arguments>
<arg>Json Schema Validation OK</arg>
</arguments>
<msg timestamp="20200602 13:02:53.965" level="INFO">Json Schema Validation OK</msg>
<status status="PASS" starttime="20200602 13:02:53.964" endtime="20200602 13:02:53.965"></status>
</kw>
<status status="PASS" starttime="20200602 13:02:53.961" endtime="20200602 13:02:53.965"></status>
</kw>
<doc>Test ID: mso-lo-test-
Test title: GET Subscription List</doc>
<status status="PASS" starttime="20200602 13:02:53.931" endtime="20200602 13:02:53.965" critical="yes"></status>
</test>
<test id="s1-t4" name="GET Individual Subscription information 200">
<kw name="GET Individual Subscription Good" library="NSLCMOperationKeywords">
<kw name="Log" library="BuiltIn">
<doc>Logs the given message with the given level.</doc>
<arguments>
<arg>Trying to get information about an individual subscription</arg>
</arguments>
<msg timestamp="20200602 13:02:53.968" level="INFO">Trying to get information about an individual subscription</msg>
<status status="PASS" starttime="20200602 13:02:53.968" endtime="20200602 13:02:53.968"></status>
</kw>
<kw name="Set Headers" library="REST">
<tags>
<tag>settings</tag>
</tags>
<doc>*Sets new request headers or updates the existing.*</doc>
<arguments>
<arg>{"Accept":"${ACCEPT}"}</arg>
</arguments>
<status status="PASS" starttime="20200602 13:02:53.969" endtime="20200602 13:02:53.969"></status>
</kw>
<kw name="Run Keyword If" library="BuiltIn">
<doc>Runs the given keyword with the given arguments, if ``condition`` is true.</doc>
<arguments>
<arg>${AUTH_USAGE} == 1</arg>
<arg>Set Headers</arg>
<arg>{"Authorization":"${AUTHORIZATION}"}</arg>
</arguments>
<kw name="Set Headers" library="REST">
<tags>
<tag>settings</tag>
</tags>
<doc>*Sets new request headers or updates the existing.*</doc>
<arguments>
<arg>{"Authorization":"${AUTHORIZATION}"}</arg>
</arguments>
<status status="PASS" starttime="20200602 13:02:53.970" endtime="20200602 13:02:53.970"></status>
</kw>
<status status="PASS" starttime="20200602 13:02:53.969" endtime="20200602 13:02:53.970"></status>
</kw>
<kw name="Get" library="REST">
<tags>
<tag>http</tag>
</tags>
<doc>*Sends a GET request to the endpoint.*</doc>
<arguments>
<arg>${apiRoot}/${nfvoId}/subscriptions/${subscriptionId}</arg>
</arguments>
<status status="PASS" starttime="20200602 13:02:53.971" endtime="20200602 13:02:53.987"></status>
</kw>
<kw name="Output" library="REST">
<tags>
<tag>I/O</tag>
</tags>
<doc>*Outputs JSON to terminal or a file.*</doc>
<arguments>
<arg>response</arg>
</arguments>
<assign>
<var>${outputResponse}</var>
</assign>
<msg timestamp="20200602 13:02:53.988" level="INFO">
{
    "seconds": 0.013731,
    "status": 200,
    "body": {
        "_links": {
            "lccnSubscription": {
                "href": "http://192.168.17.20:8087/subscriptions/2"
            },
            "nfvOrchestrators": {
                "href": "http://192.168.17.20:8087/subscriptions/2/nfvOrchestrators"
            },
            "self": {
                "href": "http://192.168.17.20:8087/subscriptions/2"
            }
        },
        "callbackUri": "http://192.168.17.20:8083/",
        "id": 2,
        "notificationTypes": [
            "NsLcmOperationOccurrenceNotification",
            "NsIdentifierDeletionNotification",
            "NsIdentifierCreationNotification"
        ],
        "nsInstanceId": "cc256072-2001-434c-8be9-0bd8609cef9f"
    },
    "headers": {
        "Server": "nginx/1.17.10",
        "Date": "Tue, 02 Jun 2020 11:02:53 GMT",
        "Content-Type": "application/json",
        "Content-Length": "469",
        "Connection": "keep-alive"
    }
}</msg>
<msg timestamp="20200602 13:02:53.989" level="INFO">${outputResponse} = {'seconds': 0.013731, 'status': 200, 'body': {'_links': {'lccnSubscription': {'href': 'http://192.168.17.20:8087/subscriptions/2'}, 'nfvOrchestrators': {'href': 'http://192.168.17.20:8087/subscription...</msg>
<status status="PASS" starttime="20200602 13:02:53.988" endtime="20200602 13:02:53.989"></status>
</kw>
<kw name="Set Global Variable" library="BuiltIn">
<doc>Makes a variable available globally in all tests and suites.</doc>
<arguments>
<arg>@{response}</arg>
<arg>${outputResponse}</arg>
</arguments>
<msg timestamp="20200602 13:02:53.990" level="INFO">@{response} = [ {'seconds': 0.013731, 'status': 200, 'body': {'_links': {'lccnSubscription': {'href': 'http://192.168.17.20:8087/subscriptions/2'}, 'nfvOrchestrators': {'href': 'http://192.168.17.20:8087/subscripti...</msg>
<status status="PASS" starttime="20200602 13:02:53.989" endtime="20200602 13:02:53.990"></status>
</kw>
<status status="PASS" starttime="20200602 13:02:53.967" endtime="20200602 13:02:53.990"></status>
</kw>
<kw name="Check HTTP Response Status Code Is" library="NSLCMOperationKeywords">
<arguments>
<arg>200</arg>
</arguments>
<kw name="Log" library="BuiltIn">
<doc>Logs the given message with the given level.</doc>
<arguments>
<arg>Validate Status code</arg>
</arguments>
<msg timestamp="20200602 13:02:53.991" level="INFO">Validate Status code</msg>
<status status="PASS" starttime="20200602 13:02:53.991" endtime="20200602 13:02:53.991"></status>
</kw>
<kw name="Should Be Equal As Strings" library="BuiltIn">
<doc>Fails if objects are unequal after converting them to strings.</doc>
<arguments>
<arg>${response[0]['status']}</arg>
<arg>${expected_status}</arg>
</arguments>
<msg timestamp="20200602 13:02:53.992" level="INFO">Argument types are:
&lt;class 'int'&gt;
&lt;type 'unicode'&gt;</msg>
<status status="PASS" starttime="20200602 13:02:53.991" endtime="20200602 13:02:53.992"></status>
</kw>
<kw name="Log" library="BuiltIn">
<doc>Logs the given message with the given level.</doc>
<arguments>
<arg>Status code validated</arg>
</arguments>
<msg timestamp="20200602 13:02:53.992" level="INFO">Status code validated</msg>
<status status="PASS" starttime="20200602 13:02:53.992" endtime="20200602 13:02:53.992"></status>
</kw>
<status status="PASS" starttime="20200602 13:02:53.990" endtime="20200602 13:02:53.992"></status>
</kw>
<kw name="Check HTTP Response Body Json Schema Is" library="NSLCMOperationKeywords">
<arguments>
<arg>${subscription_schema}</arg>
</arguments>
<kw name="Validate" library="jsonschema">
<doc>Validate an instance under the given schema.</doc>
<arguments>
<arg>instance=${response[0]['body']}</arg>
<arg>schema=${input_schema}</arg>
</arguments>
<status status="PASS" starttime="20200602 13:02:53.993" endtime="20200602 13:02:53.995"></status>
</kw>
<kw name="Log" library="BuiltIn">
<doc>Logs the given message with the given level.</doc>
<arguments>
<arg>${response[0]['body']}</arg>
</arguments>
<msg timestamp="20200602 13:02:53.995" level="INFO">{'_links': {'lccnSubscription': {'href': 'http://192.168.17.20:8087/subscriptions/2'}, 'nfvOrchestrators': {'href': 'http://192.168.17.20:8087/subscriptions/2/nfvOrchestrators'}, 'self': {'href': 'http://192.168.17.20:8087/subscriptions/2'}}, 'callbackUri': 'http://192.168.17.20:8083/', 'id': 2, 'notificationTypes': ['NsLcmOperationOccurrenceNotification', 'NsIdentifierDeletionNotification', 'NsIdentifierCreationNotification'], 'nsInstanceId': 'cc256072-2001-434c-8be9-0bd8609cef9f'}</msg>
<status status="PASS" starttime="20200602 13:02:53.995" endtime="20200602 13:02:53.995"></status>
</kw>
<kw name="Log" library="BuiltIn">
<doc>Logs the given message with the given level.</doc>
<arguments>
<arg>Json Schema Validation OK</arg>
</arguments>
<msg timestamp="20200602 13:02:53.996" level="INFO">Json Schema Validation OK</msg>
<status status="PASS" starttime="20200602 13:02:53.995" endtime="20200602 13:02:53.996"></status>
</kw>
<status status="PASS" starttime="20200602 13:02:53.993" endtime="20200602 13:02:53.996"></status>
</kw>
<doc>Test ID: mso-lo-test-
Test title: GET Individual Subscription information 200</doc>
<status status="PASS" starttime="20200602 13:02:53.966" endtime="20200602 13:02:53.996" critical="yes"></status>
</test>
<test id="s1-t5" name="GET Individual Subscription information 404">
<kw name="GET Individual Subscription Not Found" library="NSLCMOperationKeywords">
<kw name="Log" library="BuiltIn">
<doc>Logs the given message with the given level.</doc>
<arguments>
<arg>Trying to get information about an individual subscription</arg>
</arguments>
<msg timestamp="20200602 13:02:53.998" level="INFO">Trying to get information about an individual subscription</msg>
<status status="PASS" starttime="20200602 13:02:53.998" endtime="20200602 13:02:53.998"></status>
</kw>
<kw name="Set Headers" library="REST">
<tags>
<tag>settings</tag>
</tags>
<doc>*Sets new request headers or updates the existing.*</doc>
<arguments>
<arg>{"Accept":"${ACCEPT}"}</arg>
</arguments>
<status status="PASS" starttime="20200602 13:02:53.999" endtime="20200602 13:02:53.999"></status>
</kw>
<kw name="Run Keyword If" library="BuiltIn">
<doc>Runs the given keyword with the given arguments, if ``condition`` is true.</doc>
<arguments>
<arg>${AUTH_USAGE} == 1</arg>
<arg>Set Headers</arg>
<arg>{"Authorization":"${AUTHORIZATION}"}</arg>
</arguments>
<kw name="Set Headers" library="REST">
<tags>
<tag>settings</tag>
</tags>
<doc>*Sets new request headers or updates the existing.*</doc>
<arguments>
<arg>{"Authorization":"${AUTHORIZATION}"}</arg>
</arguments>
<status status="PASS" starttime="20200602 13:02:54.000" endtime="20200602 13:02:54.000"></status>
</kw>
<status status="PASS" starttime="20200602 13:02:53.999" endtime="20200602 13:02:54.001"></status>
</kw>
<kw name="Get" library="REST">
<tags>
<tag>http</tag>
</tags>
<doc>*Sends a GET request to the endpoint.*</doc>
<arguments>
<arg>${apiRoot}/${nfvoId}/subscriptions/-1</arg>
</arguments>
<status status="PASS" starttime="20200602 13:02:54.001" endtime="20200602 13:02:54.014"></status>
</kw>
<kw name="Output" library="REST">
<tags>
<tag>I/O</tag>
</tags>
<doc>*Outputs JSON to terminal or a file.*</doc>
<arguments>
<arg>response</arg>
</arguments>
<assign>
<var>${outputResponse}</var>
</assign>
<msg timestamp="20200602 13:02:54.015" level="INFO">
{
    "seconds": 0.009648,
    "status": 404,
    "body": {
        "error": "Subscription -1 not found."
    },
    "headers": {
        "Server": "nginx/1.17.10",
        "Date": "Tue, 02 Jun 2020 11:02:54 GMT",
        "Content-Type": "application/json",
        "Content-Length": "39",
        "Connection": "keep-alive"
    }
}</msg>
<msg timestamp="20200602 13:02:54.016" level="INFO">${outputResponse} = {'seconds': 0.009648, 'status': 404, 'body': {'error': 'Subscription -1 not found.'}, 'headers': {'Server': 'nginx/1.17.10', 'Date': 'Tue, 02 Jun 2020 11:02:54 GMT', 'Content-Type': 'application/json'...</msg>
<status status="PASS" starttime="20200602 13:02:54.015" endtime="20200602 13:02:54.016"></status>
</kw>
<kw name="Set Global Variable" library="BuiltIn">
<doc>Makes a variable available globally in all tests and suites.</doc>
<arguments>
<arg>@{response}</arg>
<arg>${outputResponse}</arg>
</arguments>
<msg timestamp="20200602 13:02:54.017" level="INFO">@{response} = [ {'seconds': 0.009648, 'status': 404, 'body': {'error': 'Subscription -1 not found.'}, 'headers': {'Server': 'nginx/1.17.10', 'Date': 'Tue, 02 Jun 2020 11:02:54 GMT', 'Content-Type': 'application/jso...</msg>
<status status="PASS" starttime="20200602 13:02:54.016" endtime="20200602 13:02:54.017"></status>
</kw>
<status status="PASS" starttime="20200602 13:02:53.998" endtime="20200602 13:02:54.017"></status>
</kw>
<kw name="Check HTTP Response Status Code Is" library="NSLCMOperationKeywords">
<arguments>
<arg>404</arg>
</arguments>
<kw name="Log" library="BuiltIn">
<doc>Logs the given message with the given level.</doc>
<arguments>
<arg>Validate Status code</arg>
</arguments>
<msg timestamp="20200602 13:02:54.018" level="INFO">Validate Status code</msg>
<status status="PASS" starttime="20200602 13:02:54.018" endtime="20200602 13:02:54.018"></status>
</kw>
<kw name="Should Be Equal As Strings" library="BuiltIn">
<doc>Fails if objects are unequal after converting them to strings.</doc>
<arguments>
<arg>${response[0]['status']}</arg>
<arg>${expected_status}</arg>
</arguments>
<msg timestamp="20200602 13:02:54.019" level="INFO">Argument types are:
&lt;class 'int'&gt;
&lt;type 'unicode'&gt;</msg>
<status status="PASS" starttime="20200602 13:02:54.018" endtime="20200602 13:02:54.019"></status>
</kw>
<kw name="Log" library="BuiltIn">
<doc>Logs the given message with the given level.</doc>
<arguments>
<arg>Status code validated</arg>
</arguments>
<msg timestamp="20200602 13:02:54.019" level="INFO">Status code validated</msg>
<status status="PASS" starttime="20200602 13:02:54.019" endtime="20200602 13:02:54.019"></status>
</kw>
<status status="PASS" starttime="20200602 13:02:54.017" endtime="20200602 13:02:54.019"></status>
</kw>
<doc>Test ID: mso-lo-test-
Test title: GET Individual Subscription information 404</doc>
<status status="PASS" starttime="20200602 13:02:53.997" endtime="20200602 13:02:54.020" critical="yes"></status>
</test>
<test id="s1-t6" name="DELETE Individual Subscription information 204">
<kw name="DELETE Individual Subscription Good" library="NSLCMOperationKeywords">
<kw name="Log" library="BuiltIn">
<doc>Logs the given message with the given level.</doc>
<arguments>
<arg>Try to delete an individual subscription</arg>
</arguments>
<msg timestamp="20200602 13:02:54.021" level="INFO">Try to delete an individual subscription</msg>
<status status="PASS" starttime="20200602 13:02:54.021" endtime="20200602 13:02:54.021"></status>
</kw>
<kw name="Set Headers" library="REST">
<tags>
<tag>settings</tag>
</tags>
<doc>*Sets new request headers or updates the existing.*</doc>
<arguments>
<arg>{"Accept":"${ACCEPT}"}</arg>
</arguments>
<status status="PASS" starttime="20200602 13:02:54.022" endtime="20200602 13:02:54.022"></status>
</kw>
<kw name="Run Keyword If" library="BuiltIn">
<doc>Runs the given keyword with the given arguments, if ``condition`` is true.</doc>
<arguments>
<arg>${AUTH_USAGE} == 1</arg>
<arg>Set Headers</arg>
<arg>{"Authorization":"${AUTHORIZATION}"}</arg>
</arguments>
<kw name="Set Headers" library="REST">
<tags>
<tag>settings</tag>
</tags>
<doc>*Sets new request headers or updates the existing.*</doc>
<arguments>
<arg>{"Authorization":"${AUTHORIZATION}"}</arg>
</arguments>
<status status="PASS" starttime="20200602 13:02:54.022" endtime="20200602 13:02:54.023"></status>
</kw>
<status status="PASS" starttime="20200602 13:02:54.022" endtime="20200602 13:02:54.023"></status>
</kw>
<kw name="Delete" library="REST">
<tags>
<tag>http</tag>
</tags>
<doc>*Sends a DELETE request to the endpoint.*</doc>
<arguments>
<arg>${apiRoot}/${nfvoId}/subscriptions/${subscriptionId}</arg>
</arguments>
<status status="PASS" starttime="20200602 13:02:54.023" endtime="20200602 13:02:54.050"></status>
</kw>
<kw name="Output" library="REST">
<tags>
<tag>I/O</tag>
</tags>
<doc>*Outputs JSON to terminal or a file.*</doc>
<arguments>
<arg>response</arg>
</arguments>
<assign>
<var>${outputResponse}</var>
</assign>
<msg timestamp="20200602 13:02:54.051" level="INFO">
{
    "seconds": 0.024514,
    "status": 204,
    "body": "",
    "headers": {
        "Server": "nginx/1.17.10",
        "Date": "Tue, 02 Jun 2020 11:02:54 GMT",
        "Content-Type": "text/html; charset=utf-8",
        "Connection": "keep-alive"
    }
}</msg>
<msg timestamp="20200602 13:02:54.051" level="INFO">${outputResponse} = {'seconds': 0.024514, 'status': 204, 'body': '', 'headers': {'Server': 'nginx/1.17.10', 'Date': 'Tue, 02 Jun 2020 11:02:54 GMT', 'Content-Type': 'text/html; charset=utf-8', 'Connection': 'keep-alive'}...</msg>
<status status="PASS" starttime="20200602 13:02:54.050" endtime="20200602 13:02:54.051"></status>
</kw>
<kw name="Set Global Variable" library="BuiltIn">
<doc>Makes a variable available globally in all tests and suites.</doc>
<arguments>
<arg>@{response}</arg>
<arg>${outputResponse}</arg>
</arguments>
<msg timestamp="20200602 13:02:54.052" level="INFO">@{response} = [ {'seconds': 0.024514, 'status': 204, 'body': '', 'headers': {'Server': 'nginx/1.17.10', 'Date': 'Tue, 02 Jun 2020 11:02:54 GMT', 'Content-Type': 'text/html; charset=utf-8', 'Connection': 'keep-alive...</msg>
<status status="PASS" starttime="20200602 13:02:54.052" endtime="20200602 13:02:54.052"></status>
</kw>
<status status="PASS" starttime="20200602 13:02:54.021" endtime="20200602 13:02:54.052"></status>
</kw>
<kw name="Check HTTP Response Status Code Is" library="NSLCMOperationKeywords">
<arguments>
<arg>204</arg>
</arguments>
<kw name="Log" library="BuiltIn">
<doc>Logs the given message with the given level.</doc>
<arguments>
<arg>Validate Status code</arg>
</arguments>
<msg timestamp="20200602 13:02:54.053" level="INFO">Validate Status code</msg>
<status status="PASS" starttime="20200602 13:02:54.053" endtime="20200602 13:02:54.053"></status>
</kw>
<kw name="Should Be Equal As Strings" library="BuiltIn">
<doc>Fails if objects are unequal after converting them to strings.</doc>
<arguments>
<arg>${response[0]['status']}</arg>
<arg>${expected_status}</arg>
</arguments>
<msg timestamp="20200602 13:02:54.054" level="INFO">Argument types are:
&lt;class 'int'&gt;
&lt;type 'unicode'&gt;</msg>
<status status="PASS" starttime="20200602 13:02:54.054" endtime="20200602 13:02:54.054"></status>
</kw>
<kw name="Log" library="BuiltIn">
<doc>Logs the given message with the given level.</doc>
<arguments>
<arg>Status code validated</arg>
</arguments>
<msg timestamp="20200602 13:02:54.055" level="INFO">Status code validated</msg>
<status status="PASS" starttime="20200602 13:02:54.055" endtime="20200602 13:02:54.055"></status>
</kw>
<status status="PASS" starttime="20200602 13:02:54.053" endtime="20200602 13:02:54.055"></status>
</kw>
<doc>Test ID: mso-lo-test-
Test title: DELETE Individual Subscription information 200</doc>
<status status="PASS" starttime="20200602 13:02:54.020" endtime="20200602 13:02:54.055" critical="yes"></status>
</test>
<test id="s1-t7" name="DELETE Individual Subscription information 404">
<kw name="DELETE Individual Subscription Not Found" library="NSLCMOperationKeywords">
<kw name="Log" library="BuiltIn">
<doc>Logs the given message with the given level.</doc>
<arguments>
<arg>Try to delete an individual subscription</arg>
</arguments>
<msg timestamp="20200602 13:02:54.057" level="INFO">Try to delete an individual subscription</msg>
<status status="PASS" starttime="20200602 13:02:54.057" endtime="20200602 13:02:54.057"></status>
</kw>
<kw name="Set Headers" library="REST">
<tags>
<tag>settings</tag>
</tags>
<doc>*Sets new request headers or updates the existing.*</doc>
<arguments>
<arg>{"Accept":"${ACCEPT}"}</arg>
</arguments>
<status status="PASS" starttime="20200602 13:02:54.058" endtime="20200602 13:02:54.058"></status>
</kw>
<kw name="Run Keyword If" library="BuiltIn">
<doc>Runs the given keyword with the given arguments, if ``condition`` is true.</doc>
<arguments>
<arg>${AUTH_USAGE} == 1</arg>
<arg>Set Headers</arg>
<arg>{"Authorization":"${AUTHORIZATION}"}</arg>
</arguments>
<kw name="Set Headers" library="REST">
<tags>
<tag>settings</tag>
</tags>
<doc>*Sets new request headers or updates the existing.*</doc>
<arguments>
<arg>{"Authorization":"${AUTHORIZATION}"}</arg>
</arguments>
<status status="PASS" starttime="20200602 13:02:54.058" endtime="20200602 13:02:54.059"></status>
</kw>
<status status="PASS" starttime="20200602 13:02:54.058" endtime="20200602 13:02:54.059"></status>
</kw>
<kw name="Delete" library="REST">
<tags>
<tag>http</tag>
</tags>
<doc>*Sends a DELETE request to the endpoint.*</doc>
<arguments>
<arg>${apiRoot}/${nfvoId}/subscriptions/-1</arg>
</arguments>
<status status="PASS" starttime="20200602 13:02:54.059" endtime="20200602 13:02:54.073"></status>
</kw>
<kw name="Output" library="REST">
<tags>
<tag>I/O</tag>
</tags>
<doc>*Outputs JSON to terminal or a file.*</doc>
<arguments>
<arg>response</arg>
</arguments>
<assign>
<var>${outputResponse}</var>
</assign>
<msg timestamp="20200602 13:02:54.073" level="INFO">
{
    "seconds": 0.010544000000000001,
    "status": 404,
    "body": {
        "error": "Subscription -1 not found."
    },
    "headers": {
        "Server": "nginx/1.17.10",
        "Date": "Tue, 02 Jun 2020 11:02:54 GMT",
        "Content-Type": "application/json",
        "Content-Length": "39",
        "Connection": "keep-alive"
    }
}</msg>
<msg timestamp="20200602 13:02:54.074" level="INFO">${outputResponse} = {'seconds': 0.010544000000000001, 'status': 404, 'body': {'error': 'Subscription -1 not found.'}, 'headers': {'Server': 'nginx/1.17.10', 'Date': 'Tue, 02 Jun 2020 11:02:54 GMT', 'Content-Type': 'appli...</msg>
<status status="PASS" starttime="20200602 13:02:54.073" endtime="20200602 13:02:54.074"></status>
</kw>
<kw name="Set Global Variable" library="BuiltIn">
<doc>Makes a variable available globally in all tests and suites.</doc>
<arguments>
<arg>@{response}</arg>
<arg>${outputResponse}</arg>
</arguments>
<msg timestamp="20200602 13:02:54.075" level="INFO">@{response} = [ {'seconds': 0.010544000000000001, 'status': 404, 'body': {'error': 'Subscription -1 not found.'}, 'headers': {'Server': 'nginx/1.17.10', 'Date': 'Tue, 02 Jun 2020 11:02:54 GMT', 'Content-Type': 'app...</msg>
<status status="PASS" starttime="20200602 13:02:54.074" endtime="20200602 13:02:54.075"></status>
</kw>
<status status="PASS" starttime="20200602 13:02:54.056" endtime="20200602 13:02:54.075"></status>
</kw>
<kw name="Check HTTP Response Status Code Is" library="NSLCMOperationKeywords">
<arguments>
<arg>404</arg>
</arguments>
<kw name="Log" library="BuiltIn">
<doc>Logs the given message with the given level.</doc>
<arguments>
<arg>Validate Status code</arg>
</arguments>
<msg timestamp="20200602 13:02:54.076" level="INFO">Validate Status code</msg>
<status status="PASS" starttime="20200602 13:02:54.075" endtime="20200602 13:02:54.076"></status>
</kw>
<kw name="Should Be Equal As Strings" library="BuiltIn">
<doc>Fails if objects are unequal after converting them to strings.</doc>
<arguments>
<arg>${response[0]['status']}</arg>
<arg>${expected_status}</arg>
</arguments>
<msg timestamp="20200602 13:02:54.076" level="INFO">Argument types are:
&lt;class 'int'&gt;
&lt;type 'unicode'&gt;</msg>
<status status="PASS" starttime="20200602 13:02:54.076" endtime="20200602 13:02:54.076"></status>
</kw>
<kw name="Log" library="BuiltIn">
<doc>Logs the given message with the given level.</doc>
<arguments>
<arg>Status code validated</arg>
</arguments>
<msg timestamp="20200602 13:02:54.077" level="INFO">Status code validated</msg>
<status status="PASS" starttime="20200602 13:02:54.076" endtime="20200602 13:02:54.077"></status>
</kw>
<status status="PASS" starttime="20200602 13:02:54.075" endtime="20200602 13:02:54.077"></status>
</kw>
<doc>Test ID: mso-lo-test-
Test title: DELETE Individual Subscription information 404</doc>
<status status="PASS" starttime="20200602 13:02:54.056" endtime="20200602 13:02:54.077" critical="yes"></status>
</test>
<test id="s1-t8" name="POST Notification Creation 204">
<kw name="POST New Notification Good" library="NSLCMOperationKeywords">
<kw name="Log" library="BuiltIn">
<doc>Logs the given message with the given level.</doc>
<arguments>
<arg>Create notification instance by POST to ${apiRoot}/${nfvoId}/notifications</arg>
</arguments>
<msg timestamp="20200602 13:02:54.078" level="INFO">Create notification instance by POST to nfvo/1/notifications</msg>
<status status="PASS" starttime="20200602 13:02:54.078" endtime="20200602 13:02:54.079"></status>
</kw>
<kw name="Set Headers" library="REST">
<tags>
<tag>settings</tag>
</tags>
<doc>*Sets new request headers or updates the existing.*</doc>
<arguments>
<arg>{"Accept":"${ACCEPT}"}</arg>
</arguments>
<status status="PASS" starttime="20200602 13:02:54.079" endtime="20200602 13:02:54.079"></status>
</kw>
<kw name="Set Headers" library="REST">
<tags>
<tag>settings</tag>
</tags>
<doc>*Sets new request headers or updates the existing.*</doc>
<arguments>
<arg>{"Content-Type": "${CONTENT_TYPE}"}</arg>
</arguments>
<status status="PASS" starttime="20200602 13:02:54.079" endtime="20200602 13:02:54.079"></status>
</kw>
<kw name="Run Keyword If" library="BuiltIn">
<doc>Runs the given keyword with the given arguments, if ``condition`` is true.</doc>
<arguments>
<arg>${AUTH_USAGE} == 1</arg>
<arg>Set Headers</arg>
<arg>{"Authorization":"${AUTHORIZATION}"}</arg>
</arguments>
<kw name="Set Headers" library="REST">
<tags>
<tag>settings</tag>
</tags>
<doc>*Sets new request headers or updates the existing.*</doc>
<arguments>
<arg>{"Authorization":"${AUTHORIZATION}"}</arg>
</arguments>
<status status="PASS" starttime="20200602 13:02:54.080" endtime="20200602 13:02:54.080"></status>
</kw>
<status status="PASS" starttime="20200602 13:02:54.080" endtime="20200602 13:02:54.080"></status>
</kw>
<kw name="Load JSON From File" library="JSONLibrary">
<doc>Load JSON from file.</doc>
<arguments>
<arg>jsons/Notification.json</arg>
</arguments>
<assign>
<var>${body}</var>
</assign>
<msg timestamp="20200602 13:02:54.081" level="INFO">${body} = {'nsInstanceId': '45f95003-4dd1-4e20-87cf-4373c9f4e946', 'nsLcmOpOccId': '45f95003-4dd1-4e20-87cf-4373c9f4e948', 'operation': 'INSTANTIATE', 'notificationType': 'NsLcmOperationOccurrenceNotification',...</msg>
<status status="PASS" starttime="20200602 13:02:54.080" endtime="20200602 13:02:54.081"></status>
</kw>
<kw name="Post" library="REST">
<tags>
<tag>http</tag>
</tags>
<doc>*Sends a POST request to the endpoint.*</doc>
<arguments>
<arg>${apiRoot}/${nfvoId}/notifications</arg>
<arg>${body}</arg>
</arguments>
<status status="PASS" starttime="20200602 13:02:54.081" endtime="20200602 13:02:54.093"></status>
</kw>
<kw name="Output" library="REST">
<tags>
<tag>I/O</tag>
</tags>
<doc>*Outputs JSON to terminal or a file.*</doc>
<arguments>
<arg>response</arg>
</arguments>
<assign>
<var>${outputResponse}</var>
</assign>
<msg timestamp="20200602 13:02:54.094" level="INFO">
{
    "seconds": 0.007922,
    "status": 204,
    "body": "",
    "headers": {
        "Server": "nginx/1.17.10",
        "Date": "Tue, 02 Jun 2020 11:02:54 GMT",
        "Content-Type": "text/html; charset=utf-8",
        "Connection": "keep-alive"
    }
}</msg>
<msg timestamp="20200602 13:02:54.095" level="INFO">${outputResponse} = {'seconds': 0.007922, 'status': 204, 'body': '', 'headers': {'Server': 'nginx/1.17.10', 'Date': 'Tue, 02 Jun 2020 11:02:54 GMT', 'Content-Type': 'text/html; charset=utf-8', 'Connection': 'keep-alive'}...</msg>
<status status="PASS" starttime="20200602 13:02:54.093" endtime="20200602 13:02:54.095"></status>
</kw>
<kw name="Set Global Variable" library="BuiltIn">
<doc>Makes a variable available globally in all tests and suites.</doc>
<arguments>
<arg>@{response}</arg>
<arg>${outputResponse}</arg>
</arguments>
<msg timestamp="20200602 13:02:54.096" level="INFO">@{response} = [ {'seconds': 0.007922, 'status': 204, 'body': '', 'headers': {'Server': 'nginx/1.17.10', 'Date': 'Tue, 02 Jun 2020 11:02:54 GMT', 'Content-Type': 'text/html; charset=utf-8', 'Connection': 'keep-alive...</msg>
<status status="PASS" starttime="20200602 13:02:54.095" endtime="20200602 13:02:54.096"></status>
</kw>
<status status="PASS" starttime="20200602 13:02:54.078" endtime="20200602 13:02:54.096"></status>
</kw>
<kw name="Check HTTP Response Status Code Is" library="NSLCMOperationKeywords">
<arguments>
<arg>204</arg>
</arguments>
<kw name="Log" library="BuiltIn">
<doc>Logs the given message with the given level.</doc>
<arguments>
<arg>Validate Status code</arg>
</arguments>
<msg timestamp="20200602 13:02:54.097" level="INFO">Validate Status code</msg>
<status status="PASS" starttime="20200602 13:02:54.097" endtime="20200602 13:02:54.097"></status>
</kw>
<kw name="Should Be Equal As Strings" library="BuiltIn">
<doc>Fails if objects are unequal after converting them to strings.</doc>
<arguments>
<arg>${response[0]['status']}</arg>
<arg>${expected_status}</arg>
</arguments>
<msg timestamp="20200602 13:02:54.098" level="INFO">Argument types are:
&lt;class 'int'&gt;
&lt;type 'unicode'&gt;</msg>
<status status="PASS" starttime="20200602 13:02:54.097" endtime="20200602 13:02:54.098"></status>
</kw>
<kw name="Log" library="BuiltIn">
<doc>Logs the given message with the given level.</doc>
<arguments>
<arg>Status code validated</arg>
</arguments>
<msg timestamp="20200602 13:02:54.098" level="INFO">Status code validated</msg>
<status status="PASS" starttime="20200602 13:02:54.098" endtime="20200602 13:02:54.098"></status>
</kw>
<status status="PASS" starttime="20200602 13:02:54.096" endtime="20200602 13:02:54.099"></status>
</kw>
<doc>Test ID: mso-lo-test-
Test title: POST Notification Creation 204</doc>
<status status="PASS" starttime="20200602 13:02:54.077" endtime="20200602 13:02:54.099" critical="yes"></status>
</test>
<test id="s1-t9" name="POST Notification Creation 400">
<kw name="POST New Notification Bad" library="NSLCMOperationKeywords">
<kw name="Log" library="BuiltIn">
<doc>Logs the given message with the given level.</doc>
<arguments>
<arg>Create subscription instance by POST to ${apiRoot}/${nfvoId}/notifications</arg>
</arguments>
<msg timestamp="20200602 13:02:54.101" level="INFO">Create subscription instance by POST to nfvo/1/notifications</msg>
<status status="PASS" starttime="20200602 13:02:54.100" endtime="20200602 13:02:54.101"></status>
</kw>
<kw name="Set Headers" library="REST">
<tags>
<tag>settings</tag>
</tags>
<doc>*Sets new request headers or updates the existing.*</doc>
<arguments>
<arg>{"Accept":"${ACCEPT}"}</arg>
</arguments>
<status status="PASS" starttime="20200602 13:02:54.101" endtime="20200602 13:02:54.102"></status>
</kw>
<kw name="Set Headers" library="REST">
<tags>
<tag>settings</tag>
</tags>
<doc>*Sets new request headers or updates the existing.*</doc>
<arguments>
<arg>{"Content-Type": "${CONTENT_TYPE}"}</arg>
</arguments>
<status status="PASS" starttime="20200602 13:02:54.103" endtime="20200602 13:02:54.103"></status>
</kw>
<kw name="Run Keyword If" library="BuiltIn">
<doc>Runs the given keyword with the given arguments, if ``condition`` is true.</doc>
<arguments>
<arg>${AUTH_USAGE} == 1</arg>
<arg>Set Headers</arg>
<arg>{"Authorization":"${AUTHORIZATION}"}</arg>
</arguments>
<kw name="Set Headers" library="REST">
<tags>
<tag>settings</tag>
</tags>
<doc>*Sets new request headers or updates the existing.*</doc>
<arguments>
<arg>{"Authorization":"${AUTHORIZATION}"}</arg>
</arguments>
<status status="PASS" starttime="20200602 13:02:54.104" endtime="20200602 13:02:54.104"></status>
</kw>
<status status="PASS" starttime="20200602 13:02:54.103" endtime="20200602 13:02:54.104"></status>
</kw>
<kw name="Post" library="REST">
<tags>
<tag>http</tag>
</tags>
<doc>*Sends a POST request to the endpoint.*</doc>
<arguments>
<arg>${apiRoot}/${nfvoId}/notifications</arg>
<arg>{"bad": "request"}</arg>
</arguments>
<status status="PASS" starttime="20200602 13:02:54.104" endtime="20200602 13:02:54.110"></status>
</kw>
<kw name="Output" library="REST">
<tags>
<tag>I/O</tag>
</tags>
<doc>*Outputs JSON to terminal or a file.*</doc>
<arguments>
<arg>response</arg>
</arguments>
<assign>
<var>${outputResponse}</var>
</assign>
<msg timestamp="20200602 13:02:54.111" level="INFO">
{
    "seconds": 0.0030459999999999997,
    "status": 400,
    "body": {
        "error": "One of ('nsInstanceId', 'operation', 'operationState') is missing"
    },
    "headers": {
        "Server": "nginx/1.17.10",
        "Date": "Tue, 02 Jun 2020 11:02:54 GMT",
        "Content-Type": "application/json",
        "Content-Length": "78",
        "Connection": "keep-alive"
    }
}</msg>
<msg timestamp="20200602 13:02:54.112" level="INFO">${outputResponse} = {'seconds': 0.0030459999999999997, 'status': 400, 'body': {'error': "One of ('nsInstanceId', 'operation', 'operationState') is missing"}, 'headers': {'Server': 'nginx/1.17.10', 'Date': 'Tue, 02 Jun 20...</msg>
<status status="PASS" starttime="20200602 13:02:54.110" endtime="20200602 13:02:54.112"></status>
</kw>
<kw name="Set Global Variable" library="BuiltIn">
<doc>Makes a variable available globally in all tests and suites.</doc>
<arguments>
<arg>@{response}</arg>
<arg>${outputResponse}</arg>
</arguments>
<msg timestamp="20200602 13:02:54.113" level="INFO">@{response} = [ {'seconds': 0.0030459999999999997, 'status': 400, 'body': {'error': "One of ('nsInstanceId', 'operation', 'operationState') is missing"}, 'headers': {'Server': 'nginx/1.17.10', 'Date': 'Tue, 02 Jun ...</msg>
<status status="PASS" starttime="20200602 13:02:54.112" endtime="20200602 13:02:54.113"></status>
</kw>
<status status="PASS" starttime="20200602 13:02:54.100" endtime="20200602 13:02:54.113"></status>
</kw>
<kw name="Check HTTP Response Status Code Is" library="NSLCMOperationKeywords">
<arguments>
<arg>400</arg>
</arguments>
<kw name="Log" library="BuiltIn">
<doc>Logs the given message with the given level.</doc>
<arguments>
<arg>Validate Status code</arg>
</arguments>
<msg timestamp="20200602 13:02:54.115" level="INFO">Validate Status code</msg>
<status status="PASS" starttime="20200602 13:02:54.114" endtime="20200602 13:02:54.115"></status>
</kw>
<kw name="Should Be Equal As Strings" library="BuiltIn">
<doc>Fails if objects are unequal after converting them to strings.</doc>
<arguments>
<arg>${response[0]['status']}</arg>
<arg>${expected_status}</arg>
</arguments>
<msg timestamp="20200602 13:02:54.116" level="INFO">Argument types are:
&lt;class 'int'&gt;
&lt;type 'unicode'&gt;</msg>
<status status="PASS" starttime="20200602 13:02:54.115" endtime="20200602 13:02:54.116"></status>
</kw>
<kw name="Log" library="BuiltIn">
<doc>Logs the given message with the given level.</doc>
<arguments>
<arg>Status code validated</arg>
</arguments>
<msg timestamp="20200602 13:02:54.116" level="INFO">Status code validated</msg>
<status status="PASS" starttime="20200602 13:02:54.116" endtime="20200602 13:02:54.117"></status>
</kw>
<status status="PASS" starttime="20200602 13:02:54.114" endtime="20200602 13:02:54.117"></status>
</kw>
<doc>Test ID: mso-lo-test-
Test title: POST Subscription Creation 400</doc>
<status status="PASS" starttime="20200602 13:02:54.099" endtime="20200602 13:02:54.117" critical="yes"></status>
</test>
<status status="PASS" starttime="20200602 13:02:51.520" endtime="20200602 13:02:54.118"></status>
</suite>
<statistics>
<total>
<stat pass="9" fail="0">Critical Tests</stat>
<stat pass="9" fail="0">All Tests</stat>
</total>
<tag>
</tag>
<suite>
<stat pass="9" fail="0" id="s1" name="MSO-LO-SUBS">MSO-LO-SUBS</stat>
</suite>
</statistics>
<errors>
</errors>
</robot>
